2019-04-21 18:45:13 INFO  InitFactory:25 - running thread for -> WEBCHROME : testautothon
2019-04-21 18:45:13 INFO  TestCase:75 - Running TestExecutionSetUp (before suite)
2019-04-21 18:45:17 ERROR Class:58 - The driver executable does not exist: C:\TestAutothon\testautothon-18\TestAutothon-2018\.\src\main\resources\drivers\chromedriver
java.lang.IllegalStateException: The driver executable does not exist: C:\TestAutothon\testautothon-18\TestAutothon-2018\.\src\main\resources\drivers\chromedriver
	at com.google.common.base.Preconditions.checkState(Preconditions.java:585)
	at org.openqa.selenium.remote.service.DriverService.checkExecutable(DriverService.java:146)
	at org.openqa.selenium.remote.service.DriverService.findExecutable(DriverService.java:141)
	at org.openqa.selenium.chrome.ChromeDriverService.access$000(ChromeDriverService.java:35)
	at org.openqa.selenium.chrome.ChromeDriverService$Builder.findDefaultExecutable(ChromeDriverService.java:159)
	at org.openqa.selenium.remote.service.DriverService$Builder.build(DriverService.java:355)
	at org.openqa.selenium.chrome.ChromeDriverService.createDefaultService(ChromeDriverService.java:94)
	at org.openqa.selenium.chrome.ChromeDriver.<init>(ChromeDriver.java:157)
	at Base.Device.setDriver(Device.java:47)
	at Base.TestBaseManager.setDriver(TestBaseManager.java:36)
	at TestCases.TestAutothon.testSetUp(TestAutothon.java:44)
	at sun.reflect.NativeMethodAccessorImpl.invoke0(Native Method)
	at sun.reflect.NativeMethodAccessorImpl.invoke(NativeMethodAccessorImpl.java:62)
	at sun.reflect.DelegatingMethodAccessorImpl.invoke(DelegatingMethodAccessorImpl.java:43)
	at java.lang.reflect.Method.invoke(Method.java:498)
	at org.testng.internal.MethodInvocationHelper.invokeMethod(MethodInvocationHelper.java:124)
	at org.testng.internal.MethodInvocationHelper.invokeMethodConsideringTimeout(MethodInvocationHelper.java:59)
	at org.testng.internal.Invoker.invokeConfigurationMethod(Invoker.java:458)
	at org.testng.internal.Invoker.invokeConfigurations(Invoker.java:222)
	at org.testng.internal.Invoker.invokeConfigurations(Invoker.java:142)
	at org.testng.internal.TestMethodWorker.invokeBeforeClassMethods(TestMethodWorker.java:168)
	at org.testng.internal.TestMethodWorker.run(TestMethodWorker.java:105)
	at java.util.concurrent.ThreadPoolExecutor.runWorker(ThreadPoolExecutor.java:1149)
	at java.util.concurrent.ThreadPoolExecutor$Worker.run(ThreadPoolExecutor.java:624)
	at java.lang.Thread.run(Thread.java:748)
2019-04-21 18:45:17 INFO  Class:66 - running test for thread : WEBCHROME with data : id nihil consequatur molestias animi provident
2019-04-21 18:45:17 INFO  Class:66 - running test for thread : WEBCHROME with data : voluptatem eligendi optio
2019-04-21 18:45:17 INFO  Class:66 - running test for thread : WEBCHROME with data : dolorem eum magni eos aperiam quia
2019-04-21 18:45:17 INFO  Class:66 - running test for thread : WEBCHROME with data : dolor sint quo a velit explicabo quia nam
2019-04-21 18:45:17 INFO  Class:66 - running test for thread : WEBCHROME with data : qui est esse
2019-04-21 18:45:17 INFO  Class:90 - quiting browser..for threadWEBCHROME
2019-04-21 18:46:57 INFO  InitFactory:25 - running thread for -> WEBCHROME : testautothon
2019-04-21 18:46:57 INFO  TestCase:75 - Running TestExecutionSetUp (before suite)
2019-04-21 18:47:20 ERROR Class:58 - Timed out waiting for driver server to start.
Build info: version: '3.141.59', revision: 'e82be7d358', time: '2018-11-14T08:17:03'
System info: host: 'PREMASHISH02', ip: '10.19.129.62', os.name: 'Windows 10', os.arch: 'amd64', os.version: '10.0', java.version: '1.8.0_202'
Driver info: driver.version: ChromeDriver
org.openqa.selenium.WebDriverException: Timed out waiting for driver server to start.
Build info: version: '3.141.59', revision: 'e82be7d358', time: '2018-11-14T08:17:03'
System info: host: 'PREMASHISH02', ip: '10.19.129.62', os.name: 'Windows 10', os.arch: 'amd64', os.version: '10.0', java.version: '1.8.0_202'
Driver info: driver.version: ChromeDriver
	at org.openqa.selenium.remote.service.DriverService.waitUntilAvailable(DriverService.java:202)
	at org.openqa.selenium.remote.service.DriverService.start(DriverService.java:188)
	at org.openqa.selenium.remote.service.DriverCommandExecutor.execute(DriverCommandExecutor.java:79)
	at org.openqa.selenium.remote.RemoteWebDriver.execute(RemoteWebDriver.java:552)
	at org.openqa.selenium.remote.RemoteWebDriver.startSession(RemoteWebDriver.java:213)
	at org.openqa.selenium.remote.RemoteWebDriver.<init>(RemoteWebDriver.java:131)
	at org.openqa.selenium.chrome.ChromeDriver.<init>(ChromeDriver.java:181)
	at org.openqa.selenium.chrome.ChromeDriver.<init>(ChromeDriver.java:168)
	at org.openqa.selenium.chrome.ChromeDriver.<init>(ChromeDriver.java:157)
	at Base.Device.setDriver(Device.java:47)
	at Base.TestBaseManager.setDriver(TestBaseManager.java:36)
	at TestCases.TestAutothon.testSetUp(TestAutothon.java:44)
	at sun.reflect.NativeMethodAccessorImpl.invoke0(Native Method)
	at sun.reflect.NativeMethodAccessorImpl.invoke(NativeMethodAccessorImpl.java:62)
	at sun.reflect.DelegatingMethodAccessorImpl.invoke(DelegatingMethodAccessorImpl.java:43)
	at java.lang.reflect.Method.invoke(Method.java:498)
	at org.testng.internal.MethodInvocationHelper.invokeMethod(MethodInvocationHelper.java:124)
	at org.testng.internal.MethodInvocationHelper.invokeMethodConsideringTimeout(MethodInvocationHelper.java:59)
	at org.testng.internal.Invoker.invokeConfigurationMethod(Invoker.java:458)
	at org.testng.internal.Invoker.invokeConfigurations(Invoker.java:222)
	at org.testng.internal.Invoker.invokeConfigurations(Invoker.java:142)
	at org.testng.internal.TestMethodWorker.invokeBeforeClassMethods(TestMethodWorker.java:168)
	at org.testng.internal.TestMethodWorker.run(TestMethodWorker.java:105)
	at java.util.concurrent.ThreadPoolExecutor.runWorker(ThreadPoolExecutor.java:1149)
	at java.util.concurrent.ThreadPoolExecutor$Worker.run(ThreadPoolExecutor.java:624)
	at java.lang.Thread.run(Thread.java:748)
Caused by: org.openqa.selenium.net.UrlChecker$TimeoutException: Timed out waiting for [http://localhost:12927/status] to be available after 20002 ms
	at org.openqa.selenium.net.UrlChecker.waitUntilAvailable(UrlChecker.java:100)
	at org.openqa.selenium.remote.service.DriverService.waitUntilAvailable(DriverService.java:197)
	... 25 more
Caused by: java.util.concurrent.TimeoutException
	at java.util.concurrent.FutureTask.get(FutureTask.java:205)
	at com.google.common.util.concurrent.SimpleTimeLimiter.callWithTimeout(SimpleTimeLimiter.java:156)
	at org.openqa.selenium.net.UrlChecker.waitUntilAvailable(UrlChecker.java:75)
	... 26 more
2019-04-21 18:47:20 INFO  Class:66 - running test for thread : WEBCHROME with data : id nihil consequatur molestias animi provident
2019-04-21 18:47:20 INFO  Class:66 - running test for thread : WEBCHROME with data : voluptatem eligendi optio
2019-04-21 18:47:20 INFO  Class:66 - running test for thread : WEBCHROME with data : dolorem eum magni eos aperiam quia
2019-04-21 18:47:20 INFO  Class:66 - running test for thread : WEBCHROME with data : dolor sint quo a velit explicabo quia nam
2019-04-21 18:47:20 INFO  Class:66 - running test for thread : WEBCHROME with data : qui est esse
2019-04-21 18:47:20 INFO  Class:90 - quiting browser..for threadWEBCHROME
2019-04-21 19:04:46 INFO  InitFactory:25 - running thread for -> WEBCHROME : testautothon
2019-04-21 19:04:46 INFO  TestCase:75 - Running TestExecutionSetUp (before suite)
2019-04-21 19:05:09 ERROR Class:57 - Timed out waiting for driver server to start.
Build info: version: '3.141.59', revision: 'e82be7d358', time: '2018-11-14T08:17:03'
System info: host: 'PREMASHISH02', ip: '192.168.56.1', os.name: 'Windows 10', os.arch: 'amd64', os.version: '10.0', java.version: '1.8.0_202'
Driver info: driver.version: ChromeDriver
org.openqa.selenium.WebDriverException: Timed out waiting for driver server to start.
Build info: version: '3.141.59', revision: 'e82be7d358', time: '2018-11-14T08:17:03'
System info: host: 'PREMASHISH02', ip: '192.168.56.1', os.name: 'Windows 10', os.arch: 'amd64', os.version: '10.0', java.version: '1.8.0_202'
Driver info: driver.version: ChromeDriver
	at org.openqa.selenium.remote.service.DriverService.waitUntilAvailable(DriverService.java:202)
	at org.openqa.selenium.remote.service.DriverService.start(DriverService.java:188)
	at org.openqa.selenium.remote.service.DriverCommandExecutor.execute(DriverCommandExecutor.java:79)
	at org.openqa.selenium.remote.RemoteWebDriver.execute(RemoteWebDriver.java:552)
	at org.openqa.selenium.remote.RemoteWebDriver.startSession(RemoteWebDriver.java:213)
	at org.openqa.selenium.remote.RemoteWebDriver.<init>(RemoteWebDriver.java:131)
	at org.openqa.selenium.chrome.ChromeDriver.<init>(ChromeDriver.java:181)
	at org.openqa.selenium.chrome.ChromeDriver.<init>(ChromeDriver.java:168)
	at org.openqa.selenium.chrome.ChromeDriver.<init>(ChromeDriver.java:157)
	at Base.Device.setDriver(Device.java:47)
	at Base.TestBaseManager.setDriver(TestBaseManager.java:36)
	at TestCases.TestAutothon.testSetUp(TestAutothon.java:44)
	at sun.reflect.NativeMethodAccessorImpl.invoke0(Native Method)
	at sun.reflect.NativeMethodAccessorImpl.invoke(NativeMethodAccessorImpl.java:62)
	at sun.reflect.DelegatingMethodAccessorImpl.invoke(DelegatingMethodAccessorImpl.java:43)
	at java.lang.reflect.Method.invoke(Method.java:498)
	at org.testng.internal.MethodInvocationHelper.invokeMethod(MethodInvocationHelper.java:124)
	at org.testng.internal.MethodInvocationHelper.invokeMethodConsideringTimeout(MethodInvocationHelper.java:59)
	at org.testng.internal.Invoker.invokeConfigurationMethod(Invoker.java:458)
	at org.testng.internal.Invoker.invokeConfigurations(Invoker.java:222)
	at org.testng.internal.Invoker.invokeConfigurations(Invoker.java:142)
	at org.testng.internal.TestMethodWorker.invokeBeforeClassMethods(TestMethodWorker.java:168)
	at org.testng.internal.TestMethodWorker.run(TestMethodWorker.java:105)
	at java.util.concurrent.ThreadPoolExecutor.runWorker(ThreadPoolExecutor.java:1149)
	at java.util.concurrent.ThreadPoolExecutor$Worker.run(ThreadPoolExecutor.java:624)
	at java.lang.Thread.run(Thread.java:748)
Caused by: org.openqa.selenium.net.UrlChecker$TimeoutException: Timed out waiting for [http://localhost:43972/status] to be available after 20002 ms
	at org.openqa.selenium.net.UrlChecker.waitUntilAvailable(UrlChecker.java:100)
	at org.openqa.selenium.remote.service.DriverService.waitUntilAvailable(DriverService.java:197)
	... 25 more
Caused by: java.util.concurrent.TimeoutException
	at java.util.concurrent.FutureTask.get(FutureTask.java:205)
	at com.google.common.util.concurrent.SimpleTimeLimiter.callWithTimeout(SimpleTimeLimiter.java:156)
	at org.openqa.selenium.net.UrlChecker.waitUntilAvailable(UrlChecker.java:75)
	... 26 more
2019-04-21 19:05:09 INFO  Class:65 - running test for thread : WEBCHROME with data : id nihil consequatur molestias animi provident
2019-04-21 19:05:09 INFO  Class:65 - running test for thread : WEBCHROME with data : voluptatem eligendi optio
2019-04-21 19:05:09 INFO  Class:65 - running test for thread : WEBCHROME with data : dolorem eum magni eos aperiam quia
2019-04-21 19:05:10 INFO  Class:65 - running test for thread : WEBCHROME with data : dolor sint quo a velit explicabo quia nam
2019-04-21 19:05:10 INFO  Class:65 - running test for thread : WEBCHROME with data : qui est esse
2019-04-21 19:05:10 INFO  Class:89 - quiting browser..for threadWEBCHROME
2019-04-21 19:13:07 INFO  InitFactory:25 - running thread for -> WEBCHROME : testautothon
2019-04-21 19:13:07 INFO  TestCase:75 - Running TestExecutionSetUp (before suite)
2019-04-21 19:13:23 ERROR Class:57 - no such element: Unable to locate element: {"method":"xpath","selector":"//input[contains(@name, 'identification')]"}
  (Session info: chrome=73.0.3683.103)
  (Driver info: chromedriver=2.45.615291 (ec3682e3c9061c10f26ea9e5cdcf3c53f3f74387),platform=Windows NT 10.0.17134 x86_64) (WARNING: The server did not provide any stacktrace information)
Command duration or timeout: 0 milliseconds
For documentation on this error, please visit: https://www.seleniumhq.org/exceptions/no_such_element.html
Build info: version: '3.141.59', revision: 'e82be7d358', time: '2018-11-14T08:17:03'
System info: host: 'PREMASHISH02', ip: '10.19.129.62', os.name: 'Windows 10', os.arch: 'amd64', os.version: '10.0', java.version: '1.8.0_202'
Driver info: org.openqa.selenium.chrome.ChromeDriver
Capabilities {acceptInsecureCerts: false, acceptSslCerts: false, applicationCacheEnabled: false, browserConnectionEnabled: false, browserName: chrome, chrome: {chromedriverVersion: 2.45.615291 (ec3682e3c9061c..., userDataDir: C:\Users\PREMAS~1\AppData\L...}, cssSelectorsEnabled: true, databaseEnabled: false, goog:chromeOptions: {debuggerAddress: localhost:52080}, handlesAlerts: true, hasTouchScreen: false, javascriptEnabled: true, locationContextEnabled: true, mobileEmulationEnabled: false, nativeEvents: true, networkConnectionEnabled: false, pageLoadStrategy: normal, platform: XP, platformName: XP, proxy: Proxy(), rotatable: false, setWindowRect: true, strictFileInteractability: false, takesHeapSnapshot: true, takesScreenshot: true, timeouts: {implicit: 0, pageLoad: 300000, script: 30000}, unexpectedAlertBehaviour: ignore, unhandledPromptBehavior: ignore, version: 73.0.3683.103, webStorageEnabled: true}
Session ID: 974229637ec3800f31105135681f1bd8
*** Element info: {Using=xpath, value=//input[contains(@name, 'identification')]}
org.openqa.selenium.NoSuchElementException: no such element: Unable to locate element: {"method":"xpath","selector":"//input[contains(@name, 'identification')]"}
  (Session info: chrome=73.0.3683.103)
  (Driver info: chromedriver=2.45.615291 (ec3682e3c9061c10f26ea9e5cdcf3c53f3f74387),platform=Windows NT 10.0.17134 x86_64) (WARNING: The server did not provide any stacktrace information)
Command duration or timeout: 0 milliseconds
For documentation on this error, please visit: https://www.seleniumhq.org/exceptions/no_such_element.html
Build info: version: '3.141.59', revision: 'e82be7d358', time: '2018-11-14T08:17:03'
System info: host: 'PREMASHISH02', ip: '10.19.129.62', os.name: 'Windows 10', os.arch: 'amd64', os.version: '10.0', java.version: '1.8.0_202'
Driver info: org.openqa.selenium.chrome.ChromeDriver
Capabilities {acceptInsecureCerts: false, acceptSslCerts: false, applicationCacheEnabled: false, browserConnectionEnabled: false, browserName: chrome, chrome: {chromedriverVersion: 2.45.615291 (ec3682e3c9061c..., userDataDir: C:\Users\PREMAS~1\AppData\L...}, cssSelectorsEnabled: true, databaseEnabled: false, goog:chromeOptions: {debuggerAddress: localhost:52080}, handlesAlerts: true, hasTouchScreen: false, javascriptEnabled: true, locationContextEnabled: true, mobileEmulationEnabled: false, nativeEvents: true, networkConnectionEnabled: false, pageLoadStrategy: normal, platform: XP, platformName: XP, proxy: Proxy(), rotatable: false, setWindowRect: true, strictFileInteractability: false, takesHeapSnapshot: true, takesScreenshot: true, timeouts: {implicit: 0, pageLoad: 300000, script: 30000}, unexpectedAlertBehaviour: ignore, unhandledPromptBehavior: ignore, version: 73.0.3683.103, webStorageEnabled: true}
Session ID: 974229637ec3800f31105135681f1bd8
*** Element info: {Using=xpath, value=//input[contains(@name, 'identification')]}
	at sun.reflect.NativeConstructorAccessorImpl.newInstance0(Native Method)
	at sun.reflect.NativeConstructorAccessorImpl.newInstance(NativeConstructorAccessorImpl.java:62)
	at sun.reflect.DelegatingConstructorAccessorImpl.newInstance(DelegatingConstructorAccessorImpl.java:45)
	at java.lang.reflect.Constructor.newInstance(Constructor.java:423)
	at org.openqa.selenium.remote.ErrorHandler.createThrowable(ErrorHandler.java:214)
	at org.openqa.selenium.remote.ErrorHandler.throwIfResponseFailed(ErrorHandler.java:166)
	at org.openqa.selenium.remote.http.JsonHttpResponseCodec.reconstructValue(JsonHttpResponseCodec.java:40)
	at org.openqa.selenium.remote.http.AbstractHttpResponseCodec.decode(AbstractHttpResponseCodec.java:80)
	at org.openqa.selenium.remote.http.AbstractHttpResponseCodec.decode(AbstractHttpResponseCodec.java:44)
	at org.openqa.selenium.remote.HttpCommandExecutor.execute(HttpCommandExecutor.java:158)
	at org.openqa.selenium.remote.service.DriverCommandExecutor.execute(DriverCommandExecutor.java:83)
	at org.openqa.selenium.remote.RemoteWebDriver.execute(RemoteWebDriver.java:552)
	at org.openqa.selenium.remote.RemoteWebDriver.findElement(RemoteWebDriver.java:323)
	at org.openqa.selenium.remote.RemoteWebDriver.findElementByXPath(RemoteWebDriver.java:428)
	at org.openqa.selenium.By$ByXPath.findElement(By.java:353)
	at org.openqa.selenium.remote.RemoteWebDriver.findElement(RemoteWebDriver.java:315)
	at Base.ObjectUtils.getElement(ObjectUtils.java:58)
	at TestCases.TestAutothon.testSetUp(TestAutothon.java:49)
	at sun.reflect.NativeMethodAccessorImpl.invoke0(Native Method)
	at sun.reflect.NativeMethodAccessorImpl.invoke(NativeMethodAccessorImpl.java:62)
	at sun.reflect.DelegatingMethodAccessorImpl.invoke(DelegatingMethodAccessorImpl.java:43)
	at java.lang.reflect.Method.invoke(Method.java:498)
	at org.testng.internal.MethodInvocationHelper.invokeMethod(MethodInvocationHelper.java:124)
	at org.testng.internal.MethodInvocationHelper.invokeMethodConsideringTimeout(MethodInvocationHelper.java:59)
	at org.testng.internal.Invoker.invokeConfigurationMethod(Invoker.java:458)
	at org.testng.internal.Invoker.invokeConfigurations(Invoker.java:222)
	at org.testng.internal.Invoker.invokeConfigurations(Invoker.java:142)
	at org.testng.internal.TestMethodWorker.invokeBeforeClassMethods(TestMethodWorker.java:168)
	at org.testng.internal.TestMethodWorker.run(TestMethodWorker.java:105)
	at java.util.concurrent.ThreadPoolExecutor.runWorker(ThreadPoolExecutor.java:1149)
	at java.util.concurrent.ThreadPoolExecutor$Worker.run(ThreadPoolExecutor.java:624)
	at java.lang.Thread.run(Thread.java:748)
2019-04-21 19:13:23 INFO  Class:65 - running test for thread : WEBCHROME with data : id nihil consequatur molestias animi provident
2019-04-21 19:13:27 ERROR Class:83 - no such element: Unable to locate element: {"method":"xpath","selector":"//ul[contains(@class,'nav-list')]/li/a"}
  (Session info: chrome=73.0.3683.103)
  (Driver info: chromedriver=2.45.615291 (ec3682e3c9061c10f26ea9e5cdcf3c53f3f74387),platform=Windows NT 10.0.17134 x86_64) (WARNING: The server did not provide any stacktrace information)
Command duration or timeout: 0 milliseconds
For documentation on this error, please visit: https://www.seleniumhq.org/exceptions/no_such_element.html
Build info: version: '3.141.59', revision: 'e82be7d358', time: '2018-11-14T08:17:03'
System info: host: 'PREMASHISH02', ip: '10.19.129.62', os.name: 'Windows 10', os.arch: 'amd64', os.version: '10.0', java.version: '1.8.0_202'
Driver info: org.openqa.selenium.chrome.ChromeDriver
Capabilities {acceptInsecureCerts: false, acceptSslCerts: false, applicationCacheEnabled: false, browserConnectionEnabled: false, browserName: chrome, chrome: {chromedriverVersion: 2.45.615291 (ec3682e3c9061c..., userDataDir: C:\Users\PREMAS~1\AppData\L...}, cssSelectorsEnabled: true, databaseEnabled: false, goog:chromeOptions: {debuggerAddress: localhost:52080}, handlesAlerts: true, hasTouchScreen: false, javascriptEnabled: true, locationContextEnabled: true, mobileEmulationEnabled: false, nativeEvents: true, networkConnectionEnabled: false, pageLoadStrategy: normal, platform: XP, platformName: XP, proxy: Proxy(), rotatable: false, setWindowRect: true, strictFileInteractability: false, takesHeapSnapshot: true, takesScreenshot: true, timeouts: {implicit: 0, pageLoad: 300000, script: 30000}, unexpectedAlertBehaviour: ignore, unhandledPromptBehavior: ignore, version: 73.0.3683.103, webStorageEnabled: true}
Session ID: 974229637ec3800f31105135681f1bd8
*** Element info: {Using=xpath, value=//ul[contains(@class,'nav-list')]/li/a}
org.openqa.selenium.NoSuchElementException: no such element: Unable to locate element: {"method":"xpath","selector":"//ul[contains(@class,'nav-list')]/li/a"}
  (Session info: chrome=73.0.3683.103)
  (Driver info: chromedriver=2.45.615291 (ec3682e3c9061c10f26ea9e5cdcf3c53f3f74387),platform=Windows NT 10.0.17134 x86_64) (WARNING: The server did not provide any stacktrace information)
Command duration or timeout: 0 milliseconds
For documentation on this error, please visit: https://www.seleniumhq.org/exceptions/no_such_element.html
Build info: version: '3.141.59', revision: 'e82be7d358', time: '2018-11-14T08:17:03'
System info: host: 'PREMASHISH02', ip: '10.19.129.62', os.name: 'Windows 10', os.arch: 'amd64', os.version: '10.0', java.version: '1.8.0_202'
Driver info: org.openqa.selenium.chrome.ChromeDriver
Capabilities {acceptInsecureCerts: false, acceptSslCerts: false, applicationCacheEnabled: false, browserConnectionEnabled: false, browserName: chrome, chrome: {chromedriverVersion: 2.45.615291 (ec3682e3c9061c..., userDataDir: C:\Users\PREMAS~1\AppData\L...}, cssSelectorsEnabled: true, databaseEnabled: false, goog:chromeOptions: {debuggerAddress: localhost:52080}, handlesAlerts: true, hasTouchScreen: false, javascriptEnabled: true, locationContextEnabled: true, mobileEmulationEnabled: false, nativeEvents: true, networkConnectionEnabled: false, pageLoadStrategy: normal, platform: XP, platformName: XP, proxy: Proxy(), rotatable: false, setWindowRect: true, strictFileInteractability: false, takesHeapSnapshot: true, takesScreenshot: true, timeouts: {implicit: 0, pageLoad: 300000, script: 30000}, unexpectedAlertBehaviour: ignore, unhandledPromptBehavior: ignore, version: 73.0.3683.103, webStorageEnabled: true}
Session ID: 974229637ec3800f31105135681f1bd8
*** Element info: {Using=xpath, value=//ul[contains(@class,'nav-list')]/li/a}
	at sun.reflect.NativeConstructorAccessorImpl.newInstance0(Native Method)
	at sun.reflect.NativeConstructorAccessorImpl.newInstance(NativeConstructorAccessorImpl.java:62)
	at sun.reflect.DelegatingConstructorAccessorImpl.newInstance(DelegatingConstructorAccessorImpl.java:45)
	at java.lang.reflect.Constructor.newInstance(Constructor.java:423)
	at org.openqa.selenium.remote.ErrorHandler.createThrowable(ErrorHandler.java:214)
	at org.openqa.selenium.remote.ErrorHandler.throwIfResponseFailed(ErrorHandler.java:166)
	at org.openqa.selenium.remote.http.JsonHttpResponseCodec.reconstructValue(JsonHttpResponseCodec.java:40)
	at org.openqa.selenium.remote.http.AbstractHttpResponseCodec.decode(AbstractHttpResponseCodec.java:80)
	at org.openqa.selenium.remote.http.AbstractHttpResponseCodec.decode(AbstractHttpResponseCodec.java:44)
	at org.openqa.selenium.remote.HttpCommandExecutor.execute(HttpCommandExecutor.java:158)
	at org.openqa.selenium.remote.service.DriverCommandExecutor.execute(DriverCommandExecutor.java:83)
	at org.openqa.selenium.remote.RemoteWebDriver.execute(RemoteWebDriver.java:552)
	at org.openqa.selenium.remote.RemoteWebDriver.findElement(RemoteWebDriver.java:323)
	at org.openqa.selenium.remote.RemoteWebDriver.findElementByXPath(RemoteWebDriver.java:428)
	at org.openqa.selenium.By$ByXPath.findElement(By.java:353)
	at org.openqa.selenium.remote.RemoteWebDriver.findElement(RemoteWebDriver.java:315)
	at Base.ObjectUtils.getElement(ObjectUtils.java:58)
	at TestCases.TestAutothon.testThread(TestAutothon.java:68)
	at sun.reflect.NativeMethodAccessorImpl.invoke0(Native Method)
	at sun.reflect.NativeMethodAccessorImpl.invoke(NativeMethodAccessorImpl.java:62)
	at sun.reflect.DelegatingMethodAccessorImpl.invoke(DelegatingMethodAccessorImpl.java:43)
	at java.lang.reflect.Method.invoke(Method.java:498)
	at org.testng.internal.MethodInvocationHelper.invokeMethod(MethodInvocationHelper.java:124)
	at org.testng.internal.Invoker.invokeMethod(Invoker.java:583)
	at org.testng.internal.Invoker.invokeTestMethod(Invoker.java:719)
	at org.testng.internal.Invoker.invokeTestMethods(Invoker.java:989)
	at org.testng.internal.TestMethodWorker.invokeTestMethods(TestMethodWorker.java:125)
	at org.testng.internal.TestMethodWorker.run(TestMethodWorker.java:109)
	at java.util.concurrent.ThreadPoolExecutor.runWorker(ThreadPoolExecutor.java:1149)
	at java.util.concurrent.ThreadPoolExecutor$Worker.run(ThreadPoolExecutor.java:624)
	at java.lang.Thread.run(Thread.java:748)
2019-04-21 19:13:27 INFO  Class:65 - running test for thread : WEBCHROME with data : dolor sint quo a velit explicabo quia nam
2019-04-21 19:13:31 ERROR Class:83 - no such element: Unable to locate element: {"method":"xpath","selector":"//ul[contains(@class,'nav-list')]/li/a"}
  (Session info: chrome=73.0.3683.103)
  (Driver info: chromedriver=2.45.615291 (ec3682e3c9061c10f26ea9e5cdcf3c53f3f74387),platform=Windows NT 10.0.17134 x86_64) (WARNING: The server did not provide any stacktrace information)
Command duration or timeout: 0 milliseconds
For documentation on this error, please visit: https://www.seleniumhq.org/exceptions/no_such_element.html
Build info: version: '3.141.59', revision: 'e82be7d358', time: '2018-11-14T08:17:03'
System info: host: 'PREMASHISH02', ip: '10.19.129.62', os.name: 'Windows 10', os.arch: 'amd64', os.version: '10.0', java.version: '1.8.0_202'
Driver info: org.openqa.selenium.chrome.ChromeDriver
Capabilities {acceptInsecureCerts: false, acceptSslCerts: false, applicationCacheEnabled: false, browserConnectionEnabled: false, browserName: chrome, chrome: {chromedriverVersion: 2.45.615291 (ec3682e3c9061c..., userDataDir: C:\Users\PREMAS~1\AppData\L...}, cssSelectorsEnabled: true, databaseEnabled: false, goog:chromeOptions: {debuggerAddress: localhost:52080}, handlesAlerts: true, hasTouchScreen: false, javascriptEnabled: true, locationContextEnabled: true, mobileEmulationEnabled: false, nativeEvents: true, networkConnectionEnabled: false, pageLoadStrategy: normal, platform: XP, platformName: XP, proxy: Proxy(), rotatable: false, setWindowRect: true, strictFileInteractability: false, takesHeapSnapshot: true, takesScreenshot: true, timeouts: {implicit: 0, pageLoad: 300000, script: 30000}, unexpectedAlertBehaviour: ignore, unhandledPromptBehavior: ignore, version: 73.0.3683.103, webStorageEnabled: true}
Session ID: 974229637ec3800f31105135681f1bd8
*** Element info: {Using=xpath, value=//ul[contains(@class,'nav-list')]/li/a}
org.openqa.selenium.NoSuchElementException: no such element: Unable to locate element: {"method":"xpath","selector":"//ul[contains(@class,'nav-list')]/li/a"}
  (Session info: chrome=73.0.3683.103)
  (Driver info: chromedriver=2.45.615291 (ec3682e3c9061c10f26ea9e5cdcf3c53f3f74387),platform=Windows NT 10.0.17134 x86_64) (WARNING: The server did not provide any stacktrace information)
Command duration or timeout: 0 milliseconds
For documentation on this error, please visit: https://www.seleniumhq.org/exceptions/no_such_element.html
Build info: version: '3.141.59', revision: 'e82be7d358', time: '2018-11-14T08:17:03'
System info: host: 'PREMASHISH02', ip: '10.19.129.62', os.name: 'Windows 10', os.arch: 'amd64', os.version: '10.0', java.version: '1.8.0_202'
Driver info: org.openqa.selenium.chrome.ChromeDriver
Capabilities {acceptInsecureCerts: false, acceptSslCerts: false, applicationCacheEnabled: false, browserConnectionEnabled: false, browserName: chrome, chrome: {chromedriverVersion: 2.45.615291 (ec3682e3c9061c..., userDataDir: C:\Users\PREMAS~1\AppData\L...}, cssSelectorsEnabled: true, databaseEnabled: false, goog:chromeOptions: {debuggerAddress: localhost:52080}, handlesAlerts: true, hasTouchScreen: false, javascriptEnabled: true, locationContextEnabled: true, mobileEmulationEnabled: false, nativeEvents: true, networkConnectionEnabled: false, pageLoadStrategy: normal, platform: XP, platformName: XP, proxy: Proxy(), rotatable: false, setWindowRect: true, strictFileInteractability: false, takesHeapSnapshot: true, takesScreenshot: true, timeouts: {implicit: 0, pageLoad: 300000, script: 30000}, unexpectedAlertBehaviour: ignore, unhandledPromptBehavior: ignore, version: 73.0.3683.103, webStorageEnabled: true}
Session ID: 974229637ec3800f31105135681f1bd8
*** Element info: {Using=xpath, value=//ul[contains(@class,'nav-list')]/li/a}
	at sun.reflect.NativeConstructorAccessorImpl.newInstance0(Native Method)
	at sun.reflect.NativeConstructorAccessorImpl.newInstance(NativeConstructorAccessorImpl.java:62)
	at sun.reflect.DelegatingConstructorAccessorImpl.newInstance(DelegatingConstructorAccessorImpl.java:45)
	at java.lang.reflect.Constructor.newInstance(Constructor.java:423)
	at org.openqa.selenium.remote.ErrorHandler.createThrowable(ErrorHandler.java:214)
	at org.openqa.selenium.remote.ErrorHandler.throwIfResponseFailed(ErrorHandler.java:166)
	at org.openqa.selenium.remote.http.JsonHttpResponseCodec.reconstructValue(JsonHttpResponseCodec.java:40)
	at org.openqa.selenium.remote.http.AbstractHttpResponseCodec.decode(AbstractHttpResponseCodec.java:80)
	at org.openqa.selenium.remote.http.AbstractHttpResponseCodec.decode(AbstractHttpResponseCodec.java:44)
	at org.openqa.selenium.remote.HttpCommandExecutor.execute(HttpCommandExecutor.java:158)
	at org.openqa.selenium.remote.service.DriverCommandExecutor.execute(DriverCommandExecutor.java:83)
	at org.openqa.selenium.remote.RemoteWebDriver.execute(RemoteWebDriver.java:552)
	at org.openqa.selenium.remote.RemoteWebDriver.findElement(RemoteWebDriver.java:323)
	at org.openqa.selenium.remote.RemoteWebDriver.findElementByXPath(RemoteWebDriver.java:428)
	at org.openqa.selenium.By$ByXPath.findElement(By.java:353)
	at org.openqa.selenium.remote.RemoteWebDriver.findElement(RemoteWebDriver.java:315)
	at Base.ObjectUtils.getElement(ObjectUtils.java:58)
	at TestCases.TestAutothon.testThread(TestAutothon.java:68)
	at sun.reflect.NativeMethodAccessorImpl.invoke0(Native Method)
	at sun.reflect.NativeMethodAccessorImpl.invoke(NativeMethodAccessorImpl.java:62)
	at sun.reflect.DelegatingMethodAccessorImpl.invoke(DelegatingMethodAccessorImpl.java:43)
	at java.lang.reflect.Method.invoke(Method.java:498)
	at org.testng.internal.MethodInvocationHelper.invokeMethod(MethodInvocationHelper.java:124)
	at org.testng.internal.Invoker.invokeMethod(Invoker.java:583)
	at org.testng.internal.Invoker.invokeTestMethod(Invoker.java:719)
	at org.testng.internal.Invoker.invokeTestMethods(Invoker.java:989)
	at org.testng.internal.TestMethodWorker.invokeTestMethods(TestMethodWorker.java:125)
	at org.testng.internal.TestMethodWorker.run(TestMethodWorker.java:109)
	at java.util.concurrent.ThreadPoolExecutor.runWorker(ThreadPoolExecutor.java:1149)
	at java.util.concurrent.ThreadPoolExecutor$Worker.run(ThreadPoolExecutor.java:624)
	at java.lang.Thread.run(Thread.java:748)
2019-04-21 19:13:31 INFO  Class:89 - quiting browser..for threadWEBCHROME
2019-04-21 19:15:12 INFO  InitFactory:25 - running thread for -> WEBCHROME : testautothon
2019-04-21 19:15:12 INFO  TestCase:75 - Running TestExecutionSetUp (before suite)
2019-04-21 19:15:28 ERROR Class:57 - no such element: Unable to locate element: {"method":"xpath","selector":"//input[contains(@name, 'identification')]"}
  (Session info: chrome=73.0.3683.103)
  (Driver info: chromedriver=2.45.615291 (ec3682e3c9061c10f26ea9e5cdcf3c53f3f74387),platform=Windows NT 10.0.17134 x86_64) (WARNING: The server did not provide any stacktrace information)
Command duration or timeout: 0 milliseconds
For documentation on this error, please visit: https://www.seleniumhq.org/exceptions/no_such_element.html
Build info: version: '3.141.59', revision: 'e82be7d358', time: '2018-11-14T08:17:03'
System info: host: 'PREMASHISH02', ip: '10.19.129.62', os.name: 'Windows 10', os.arch: 'amd64', os.version: '10.0', java.version: '1.8.0_202'
Driver info: org.openqa.selenium.chrome.ChromeDriver
Capabilities {acceptInsecureCerts: false, acceptSslCerts: false, applicationCacheEnabled: false, browserConnectionEnabled: false, browserName: chrome, chrome: {chromedriverVersion: 2.45.615291 (ec3682e3c9061c..., userDataDir: C:\Users\PREMAS~1\AppData\L...}, cssSelectorsEnabled: true, databaseEnabled: false, goog:chromeOptions: {debuggerAddress: localhost:52194}, handlesAlerts: true, hasTouchScreen: false, javascriptEnabled: true, locationContextEnabled: true, mobileEmulationEnabled: false, nativeEvents: true, networkConnectionEnabled: false, pageLoadStrategy: normal, platform: XP, platformName: XP, proxy: Proxy(), rotatable: false, setWindowRect: true, strictFileInteractability: false, takesHeapSnapshot: true, takesScreenshot: true, timeouts: {implicit: 0, pageLoad: 300000, script: 30000}, unexpectedAlertBehaviour: ignore, unhandledPromptBehavior: ignore, version: 73.0.3683.103, webStorageEnabled: true}
Session ID: ed3549e7069f62a3818b8bfbec955656
*** Element info: {Using=xpath, value=//input[contains(@name, 'identification')]}
org.openqa.selenium.NoSuchElementException: no such element: Unable to locate element: {"method":"xpath","selector":"//input[contains(@name, 'identification')]"}
  (Session info: chrome=73.0.3683.103)
  (Driver info: chromedriver=2.45.615291 (ec3682e3c9061c10f26ea9e5cdcf3c53f3f74387),platform=Windows NT 10.0.17134 x86_64) (WARNING: The server did not provide any stacktrace information)
Command duration or timeout: 0 milliseconds
For documentation on this error, please visit: https://www.seleniumhq.org/exceptions/no_such_element.html
Build info: version: '3.141.59', revision: 'e82be7d358', time: '2018-11-14T08:17:03'
System info: host: 'PREMASHISH02', ip: '10.19.129.62', os.name: 'Windows 10', os.arch: 'amd64', os.version: '10.0', java.version: '1.8.0_202'
Driver info: org.openqa.selenium.chrome.ChromeDriver
Capabilities {acceptInsecureCerts: false, acceptSslCerts: false, applicationCacheEnabled: false, browserConnectionEnabled: false, browserName: chrome, chrome: {chromedriverVersion: 2.45.615291 (ec3682e3c9061c..., userDataDir: C:\Users\PREMAS~1\AppData\L...}, cssSelectorsEnabled: true, databaseEnabled: false, goog:chromeOptions: {debuggerAddress: localhost:52194}, handlesAlerts: true, hasTouchScreen: false, javascriptEnabled: true, locationContextEnabled: true, mobileEmulationEnabled: false, nativeEvents: true, networkConnectionEnabled: false, pageLoadStrategy: normal, platform: XP, platformName: XP, proxy: Proxy(), rotatable: false, setWindowRect: true, strictFileInteractability: false, takesHeapSnapshot: true, takesScreenshot: true, timeouts: {implicit: 0, pageLoad: 300000, script: 30000}, unexpectedAlertBehaviour: ignore, unhandledPromptBehavior: ignore, version: 73.0.3683.103, webStorageEnabled: true}
Session ID: ed3549e7069f62a3818b8bfbec955656
*** Element info: {Using=xpath, value=//input[contains(@name, 'identification')]}
	at sun.reflect.NativeConstructorAccessorImpl.newInstance0(Native Method)
	at sun.reflect.NativeConstructorAccessorImpl.newInstance(NativeConstructorAccessorImpl.java:62)
	at sun.reflect.DelegatingConstructorAccessorImpl.newInstance(DelegatingConstructorAccessorImpl.java:45)
	at java.lang.reflect.Constructor.newInstance(Constructor.java:423)
	at org.openqa.selenium.remote.ErrorHandler.createThrowable(ErrorHandler.java:214)
	at org.openqa.selenium.remote.ErrorHandler.throwIfResponseFailed(ErrorHandler.java:166)
	at org.openqa.selenium.remote.http.JsonHttpResponseCodec.reconstructValue(JsonHttpResponseCodec.java:40)
	at org.openqa.selenium.remote.http.AbstractHttpResponseCodec.decode(AbstractHttpResponseCodec.java:80)
	at org.openqa.selenium.remote.http.AbstractHttpResponseCodec.decode(AbstractHttpResponseCodec.java:44)
	at org.openqa.selenium.remote.HttpCommandExecutor.execute(HttpCommandExecutor.java:158)
	at org.openqa.selenium.remote.service.DriverCommandExecutor.execute(DriverCommandExecutor.java:83)
	at org.openqa.selenium.remote.RemoteWebDriver.execute(RemoteWebDriver.java:552)
	at org.openqa.selenium.remote.RemoteWebDriver.findElement(RemoteWebDriver.java:323)
	at org.openqa.selenium.remote.RemoteWebDriver.findElementByXPath(RemoteWebDriver.java:428)
	at org.openqa.selenium.By$ByXPath.findElement(By.java:353)
	at org.openqa.selenium.remote.RemoteWebDriver.findElement(RemoteWebDriver.java:315)
	at Base.ObjectUtils.getElement(ObjectUtils.java:58)
	at TestCases.TestAutothon.testSetUp(TestAutothon.java:49)
	at sun.reflect.NativeMethodAccessorImpl.invoke0(Native Method)
	at sun.reflect.NativeMethodAccessorImpl.invoke(NativeMethodAccessorImpl.java:62)
	at sun.reflect.DelegatingMethodAccessorImpl.invoke(DelegatingMethodAccessorImpl.java:43)
	at java.lang.reflect.Method.invoke(Method.java:498)
	at org.testng.internal.MethodInvocationHelper.invokeMethod(MethodInvocationHelper.java:124)
	at org.testng.internal.MethodInvocationHelper.invokeMethodConsideringTimeout(MethodInvocationHelper.java:59)
	at org.testng.internal.Invoker.invokeConfigurationMethod(Invoker.java:458)
	at org.testng.internal.Invoker.invokeConfigurations(Invoker.java:222)
	at org.testng.internal.Invoker.invokeConfigurations(Invoker.java:142)
	at org.testng.internal.TestMethodWorker.invokeBeforeClassMethods(TestMethodWorker.java:168)
	at org.testng.internal.TestMethodWorker.run(TestMethodWorker.java:105)
	at java.util.concurrent.ThreadPoolExecutor.runWorker(ThreadPoolExecutor.java:1149)
	at java.util.concurrent.ThreadPoolExecutor$Worker.run(ThreadPoolExecutor.java:624)
	at java.lang.Thread.run(Thread.java:748)
2019-04-21 19:15:28 INFO  Class:65 - running test for thread : WEBCHROME with data : id nihil consequatur molestias animi provident
2019-04-21 19:15:32 ERROR Class:83 - no such element: Unable to locate element: {"method":"xpath","selector":"//ul[contains(@class,'nav-list')]/li/a"}
  (Session info: chrome=73.0.3683.103)
  (Driver info: chromedriver=2.45.615291 (ec3682e3c9061c10f26ea9e5cdcf3c53f3f74387),platform=Windows NT 10.0.17134 x86_64) (WARNING: The server did not provide any stacktrace information)
Command duration or timeout: 0 milliseconds
For documentation on this error, please visit: https://www.seleniumhq.org/exceptions/no_such_element.html
Build info: version: '3.141.59', revision: 'e82be7d358', time: '2018-11-14T08:17:03'
System info: host: 'PREMASHISH02', ip: '10.19.129.62', os.name: 'Windows 10', os.arch: 'amd64', os.version: '10.0', java.version: '1.8.0_202'
Driver info: org.openqa.selenium.chrome.ChromeDriver
Capabilities {acceptInsecureCerts: false, acceptSslCerts: false, applicationCacheEnabled: false, browserConnectionEnabled: false, browserName: chrome, chrome: {chromedriverVersion: 2.45.615291 (ec3682e3c9061c..., userDataDir: C:\Users\PREMAS~1\AppData\L...}, cssSelectorsEnabled: true, databaseEnabled: false, goog:chromeOptions: {debuggerAddress: localhost:52194}, handlesAlerts: true, hasTouchScreen: false, javascriptEnabled: true, locationContextEnabled: true, mobileEmulationEnabled: false, nativeEvents: true, networkConnectionEnabled: false, pageLoadStrategy: normal, platform: XP, platformName: XP, proxy: Proxy(), rotatable: false, setWindowRect: true, strictFileInteractability: false, takesHeapSnapshot: true, takesScreenshot: true, timeouts: {implicit: 0, pageLoad: 300000, script: 30000}, unexpectedAlertBehaviour: ignore, unhandledPromptBehavior: ignore, version: 73.0.3683.103, webStorageEnabled: true}
Session ID: ed3549e7069f62a3818b8bfbec955656
*** Element info: {Using=xpath, value=//ul[contains(@class,'nav-list')]/li/a}
org.openqa.selenium.NoSuchElementException: no such element: Unable to locate element: {"method":"xpath","selector":"//ul[contains(@class,'nav-list')]/li/a"}
  (Session info: chrome=73.0.3683.103)
  (Driver info: chromedriver=2.45.615291 (ec3682e3c9061c10f26ea9e5cdcf3c53f3f74387),platform=Windows NT 10.0.17134 x86_64) (WARNING: The server did not provide any stacktrace information)
Command duration or timeout: 0 milliseconds
For documentation on this error, please visit: https://www.seleniumhq.org/exceptions/no_such_element.html
Build info: version: '3.141.59', revision: 'e82be7d358', time: '2018-11-14T08:17:03'
System info: host: 'PREMASHISH02', ip: '10.19.129.62', os.name: 'Windows 10', os.arch: 'amd64', os.version: '10.0', java.version: '1.8.0_202'
Driver info: org.openqa.selenium.chrome.ChromeDriver
Capabilities {acceptInsecureCerts: false, acceptSslCerts: false, applicationCacheEnabled: false, browserConnectionEnabled: false, browserName: chrome, chrome: {chromedriverVersion: 2.45.615291 (ec3682e3c9061c..., userDataDir: C:\Users\PREMAS~1\AppData\L...}, cssSelectorsEnabled: true, databaseEnabled: false, goog:chromeOptions: {debuggerAddress: localhost:52194}, handlesAlerts: true, hasTouchScreen: false, javascriptEnabled: true, locationContextEnabled: true, mobileEmulationEnabled: false, nativeEvents: true, networkConnectionEnabled: false, pageLoadStrategy: normal, platform: XP, platformName: XP, proxy: Proxy(), rotatable: false, setWindowRect: true, strictFileInteractability: false, takesHeapSnapshot: true, takesScreenshot: true, timeouts: {implicit: 0, pageLoad: 300000, script: 30000}, unexpectedAlertBehaviour: ignore, unhandledPromptBehavior: ignore, version: 73.0.3683.103, webStorageEnabled: true}
Session ID: ed3549e7069f62a3818b8bfbec955656
*** Element info: {Using=xpath, value=//ul[contains(@class,'nav-list')]/li/a}
	at sun.reflect.NativeConstructorAccessorImpl.newInstance0(Native Method)
	at sun.reflect.NativeConstructorAccessorImpl.newInstance(NativeConstructorAccessorImpl.java:62)
	at sun.reflect.DelegatingConstructorAccessorImpl.newInstance(DelegatingConstructorAccessorImpl.java:45)
	at java.lang.reflect.Constructor.newInstance(Constructor.java:423)
	at org.openqa.selenium.remote.ErrorHandler.createThrowable(ErrorHandler.java:214)
	at org.openqa.selenium.remote.ErrorHandler.throwIfResponseFailed(ErrorHandler.java:166)
	at org.openqa.selenium.remote.http.JsonHttpResponseCodec.reconstructValue(JsonHttpResponseCodec.java:40)
	at org.openqa.selenium.remote.http.AbstractHttpResponseCodec.decode(AbstractHttpResponseCodec.java:80)
	at org.openqa.selenium.remote.http.AbstractHttpResponseCodec.decode(AbstractHttpResponseCodec.java:44)
	at org.openqa.selenium.remote.HttpCommandExecutor.execute(HttpCommandExecutor.java:158)
	at org.openqa.selenium.remote.service.DriverCommandExecutor.execute(DriverCommandExecutor.java:83)
	at org.openqa.selenium.remote.RemoteWebDriver.execute(RemoteWebDriver.java:552)
	at org.openqa.selenium.remote.RemoteWebDriver.findElement(RemoteWebDriver.java:323)
	at org.openqa.selenium.remote.RemoteWebDriver.findElementByXPath(RemoteWebDriver.java:428)
	at org.openqa.selenium.By$ByXPath.findElement(By.java:353)
	at org.openqa.selenium.remote.RemoteWebDriver.findElement(RemoteWebDriver.java:315)
	at Base.ObjectUtils.getElement(ObjectUtils.java:58)
	at TestCases.TestAutothon.testThread(TestAutothon.java:68)
	at sun.reflect.NativeMethodAccessorImpl.invoke0(Native Method)
	at sun.reflect.NativeMethodAccessorImpl.invoke(NativeMethodAccessorImpl.java:62)
	at sun.reflect.DelegatingMethodAccessorImpl.invoke(DelegatingMethodAccessorImpl.java:43)
	at java.lang.reflect.Method.invoke(Method.java:498)
	at org.testng.internal.MethodInvocationHelper.invokeMethod(MethodInvocationHelper.java:124)
	at org.testng.internal.Invoker.invokeMethod(Invoker.java:583)
	at org.testng.internal.Invoker.invokeTestMethod(Invoker.java:719)
	at org.testng.internal.Invoker.invokeTestMethods(Invoker.java:989)
	at org.testng.internal.TestMethodWorker.invokeTestMethods(TestMethodWorker.java:125)
	at org.testng.internal.TestMethodWorker.run(TestMethodWorker.java:109)
	at java.util.concurrent.ThreadPoolExecutor.runWorker(ThreadPoolExecutor.java:1149)
	at java.util.concurrent.ThreadPoolExecutor$Worker.run(ThreadPoolExecutor.java:624)
	at java.lang.Thread.run(Thread.java:748)
2019-04-21 19:15:32 INFO  Class:65 - running test for thread : WEBCHROME with data : dolor sint quo a velit explicabo quia nam
2019-04-21 19:15:37 ERROR Class:83 - no such element: Unable to locate element: {"method":"xpath","selector":"//ul[contains(@class,'nav-list')]/li/a"}
  (Session info: chrome=73.0.3683.103)
  (Driver info: chromedriver=2.45.615291 (ec3682e3c9061c10f26ea9e5cdcf3c53f3f74387),platform=Windows NT 10.0.17134 x86_64) (WARNING: The server did not provide any stacktrace information)
Command duration or timeout: 0 milliseconds
For documentation on this error, please visit: https://www.seleniumhq.org/exceptions/no_such_element.html
Build info: version: '3.141.59', revision: 'e82be7d358', time: '2018-11-14T08:17:03'
System info: host: 'PREMASHISH02', ip: '10.19.129.62', os.name: 'Windows 10', os.arch: 'amd64', os.version: '10.0', java.version: '1.8.0_202'
Driver info: org.openqa.selenium.chrome.ChromeDriver
Capabilities {acceptInsecureCerts: false, acceptSslCerts: false, applicationCacheEnabled: false, browserConnectionEnabled: false, browserName: chrome, chrome: {chromedriverVersion: 2.45.615291 (ec3682e3c9061c..., userDataDir: C:\Users\PREMAS~1\AppData\L...}, cssSelectorsEnabled: true, databaseEnabled: false, goog:chromeOptions: {debuggerAddress: localhost:52194}, handlesAlerts: true, hasTouchScreen: false, javascriptEnabled: true, locationContextEnabled: true, mobileEmulationEnabled: false, nativeEvents: true, networkConnectionEnabled: false, pageLoadStrategy: normal, platform: XP, platformName: XP, proxy: Proxy(), rotatable: false, setWindowRect: true, strictFileInteractability: false, takesHeapSnapshot: true, takesScreenshot: true, timeouts: {implicit: 0, pageLoad: 300000, script: 30000}, unexpectedAlertBehaviour: ignore, unhandledPromptBehavior: ignore, version: 73.0.3683.103, webStorageEnabled: true}
Session ID: ed3549e7069f62a3818b8bfbec955656
*** Element info: {Using=xpath, value=//ul[contains(@class,'nav-list')]/li/a}
org.openqa.selenium.NoSuchElementException: no such element: Unable to locate element: {"method":"xpath","selector":"//ul[contains(@class,'nav-list')]/li/a"}
  (Session info: chrome=73.0.3683.103)
  (Driver info: chromedriver=2.45.615291 (ec3682e3c9061c10f26ea9e5cdcf3c53f3f74387),platform=Windows NT 10.0.17134 x86_64) (WARNING: The server did not provide any stacktrace information)
Command duration or timeout: 0 milliseconds
For documentation on this error, please visit: https://www.seleniumhq.org/exceptions/no_such_element.html
Build info: version: '3.141.59', revision: 'e82be7d358', time: '2018-11-14T08:17:03'
System info: host: 'PREMASHISH02', ip: '10.19.129.62', os.name: 'Windows 10', os.arch: 'amd64', os.version: '10.0', java.version: '1.8.0_202'
Driver info: org.openqa.selenium.chrome.ChromeDriver
Capabilities {acceptInsecureCerts: false, acceptSslCerts: false, applicationCacheEnabled: false, browserConnectionEnabled: false, browserName: chrome, chrome: {chromedriverVersion: 2.45.615291 (ec3682e3c9061c..., userDataDir: C:\Users\PREMAS~1\AppData\L...}, cssSelectorsEnabled: true, databaseEnabled: false, goog:chromeOptions: {debuggerAddress: localhost:52194}, handlesAlerts: true, hasTouchScreen: false, javascriptEnabled: true, locationContextEnabled: true, mobileEmulationEnabled: false, nativeEvents: true, networkConnectionEnabled: false, pageLoadStrategy: normal, platform: XP, platformName: XP, proxy: Proxy(), rotatable: false, setWindowRect: true, strictFileInteractability: false, takesHeapSnapshot: true, takesScreenshot: true, timeouts: {implicit: 0, pageLoad: 300000, script: 30000}, unexpectedAlertBehaviour: ignore, unhandledPromptBehavior: ignore, version: 73.0.3683.103, webStorageEnabled: true}
Session ID: ed3549e7069f62a3818b8bfbec955656
*** Element info: {Using=xpath, value=//ul[contains(@class,'nav-list')]/li/a}
	at sun.reflect.NativeConstructorAccessorImpl.newInstance0(Native Method)
	at sun.reflect.NativeConstructorAccessorImpl.newInstance(NativeConstructorAccessorImpl.java:62)
	at sun.reflect.DelegatingConstructorAccessorImpl.newInstance(DelegatingConstructorAccessorImpl.java:45)
	at java.lang.reflect.Constructor.newInstance(Constructor.java:423)
	at org.openqa.selenium.remote.ErrorHandler.createThrowable(ErrorHandler.java:214)
	at org.openqa.selenium.remote.ErrorHandler.throwIfResponseFailed(ErrorHandler.java:166)
	at org.openqa.selenium.remote.http.JsonHttpResponseCodec.reconstructValue(JsonHttpResponseCodec.java:40)
	at org.openqa.selenium.remote.http.AbstractHttpResponseCodec.decode(AbstractHttpResponseCodec.java:80)
	at org.openqa.selenium.remote.http.AbstractHttpResponseCodec.decode(AbstractHttpResponseCodec.java:44)
	at org.openqa.selenium.remote.HttpCommandExecutor.execute(HttpCommandExecutor.java:158)
	at org.openqa.selenium.remote.service.DriverCommandExecutor.execute(DriverCommandExecutor.java:83)
	at org.openqa.selenium.remote.RemoteWebDriver.execute(RemoteWebDriver.java:552)
	at org.openqa.selenium.remote.RemoteWebDriver.findElement(RemoteWebDriver.java:323)
	at org.openqa.selenium.remote.RemoteWebDriver.findElementByXPath(RemoteWebDriver.java:428)
	at org.openqa.selenium.By$ByXPath.findElement(By.java:353)
	at org.openqa.selenium.remote.RemoteWebDriver.findElement(RemoteWebDriver.java:315)
	at Base.ObjectUtils.getElement(ObjectUtils.java:58)
	at TestCases.TestAutothon.testThread(TestAutothon.java:68)
	at sun.reflect.NativeMethodAccessorImpl.invoke0(Native Method)
	at sun.reflect.NativeMethodAccessorImpl.invoke(NativeMethodAccessorImpl.java:62)
	at sun.reflect.DelegatingMethodAccessorImpl.invoke(DelegatingMethodAccessorImpl.java:43)
	at java.lang.reflect.Method.invoke(Method.java:498)
	at org.testng.internal.MethodInvocationHelper.invokeMethod(MethodInvocationHelper.java:124)
	at org.testng.internal.Invoker.invokeMethod(Invoker.java:583)
	at org.testng.internal.Invoker.invokeTestMethod(Invoker.java:719)
	at org.testng.internal.Invoker.invokeTestMethods(Invoker.java:989)
	at org.testng.internal.TestMethodWorker.invokeTestMethods(TestMethodWorker.java:125)
	at org.testng.internal.TestMethodWorker.run(TestMethodWorker.java:109)
	at java.util.concurrent.ThreadPoolExecutor.runWorker(ThreadPoolExecutor.java:1149)
	at java.util.concurrent.ThreadPoolExecutor$Worker.run(ThreadPoolExecutor.java:624)
	at java.lang.Thread.run(Thread.java:748)
2019-04-21 19:15:37 INFO  Class:89 - quiting browser..for threadWEBCHROME
2019-04-21 19:20:34 INFO  InitFactory:25 - running thread for -> WEBCHROME : testautothon
2019-04-21 19:20:34 INFO  TestCase:75 - Running TestExecutionSetUp (before suite)
2019-04-21 19:20:44 ERROR Class:57 - user details is empty..
java.security.InvalidParameterException: user details is empty..
	at Base.TestCase.popUserMap(TestCase.java:64)
	at TestCases.TestAutothon.testSetUp(TestAutothon.java:51)
	at sun.reflect.NativeMethodAccessorImpl.invoke0(Native Method)
	at sun.reflect.NativeMethodAccessorImpl.invoke(NativeMethodAccessorImpl.java:62)
	at sun.reflect.DelegatingMethodAccessorImpl.invoke(DelegatingMethodAccessorImpl.java:43)
	at java.lang.reflect.Method.invoke(Method.java:498)
	at org.testng.internal.MethodInvocationHelper.invokeMethod(MethodInvocationHelper.java:124)
	at org.testng.internal.MethodInvocationHelper.invokeMethodConsideringTimeout(MethodInvocationHelper.java:59)
	at org.testng.internal.Invoker.invokeConfigurationMethod(Invoker.java:458)
	at org.testng.internal.Invoker.invokeConfigurations(Invoker.java:222)
	at org.testng.internal.Invoker.invokeConfigurations(Invoker.java:142)
	at org.testng.internal.TestMethodWorker.invokeBeforeClassMethods(TestMethodWorker.java:168)
	at org.testng.internal.TestMethodWorker.run(TestMethodWorker.java:105)
	at java.util.concurrent.ThreadPoolExecutor.runWorker(ThreadPoolExecutor.java:1149)
	at java.util.concurrent.ThreadPoolExecutor$Worker.run(ThreadPoolExecutor.java:624)
	at java.lang.Thread.run(Thread.java:748)
2019-04-21 19:20:44 INFO  Class:65 - running test for thread : WEBCHROME with data : id nihil consequatur molestias animi provident
2019-04-21 19:20:48 ERROR Class:83 - no such element: Unable to locate element: {"method":"xpath","selector":"//ul[contains(@class,'nav-list')]/li/a"}
  (Session info: chrome=73.0.3683.103)
  (Driver info: chromedriver=2.45.615291 (ec3682e3c9061c10f26ea9e5cdcf3c53f3f74387),platform=Windows NT 10.0.17134 x86_64) (WARNING: The server did not provide any stacktrace information)
Command duration or timeout: 0 milliseconds
For documentation on this error, please visit: https://www.seleniumhq.org/exceptions/no_such_element.html
Build info: version: '3.141.59', revision: 'e82be7d358', time: '2018-11-14T08:17:03'
System info: host: 'PREMASHISH02', ip: '10.19.129.62', os.name: 'Windows 10', os.arch: 'amd64', os.version: '10.0', java.version: '1.8.0_202'
Driver info: org.openqa.selenium.chrome.ChromeDriver
Capabilities {acceptInsecureCerts: false, acceptSslCerts: false, applicationCacheEnabled: false, browserConnectionEnabled: false, browserName: chrome, chrome: {chromedriverVersion: 2.45.615291 (ec3682e3c9061c..., userDataDir: C:\Users\PREMAS~1\AppData\L...}, cssSelectorsEnabled: true, databaseEnabled: false, goog:chromeOptions: {debuggerAddress: localhost:52441}, handlesAlerts: true, hasTouchScreen: false, javascriptEnabled: true, locationContextEnabled: true, mobileEmulationEnabled: false, nativeEvents: true, networkConnectionEnabled: false, pageLoadStrategy: normal, platform: XP, platformName: XP, proxy: Proxy(), rotatable: false, setWindowRect: true, strictFileInteractability: false, takesHeapSnapshot: true, takesScreenshot: true, timeouts: {implicit: 0, pageLoad: 300000, script: 30000}, unexpectedAlertBehaviour: ignore, unhandledPromptBehavior: ignore, version: 73.0.3683.103, webStorageEnabled: true}
Session ID: cfc2808c7ce8a4464f011f4a896741e6
*** Element info: {Using=xpath, value=//ul[contains(@class,'nav-list')]/li/a}
org.openqa.selenium.NoSuchElementException: no such element: Unable to locate element: {"method":"xpath","selector":"//ul[contains(@class,'nav-list')]/li/a"}
  (Session info: chrome=73.0.3683.103)
  (Driver info: chromedriver=2.45.615291 (ec3682e3c9061c10f26ea9e5cdcf3c53f3f74387),platform=Windows NT 10.0.17134 x86_64) (WARNING: The server did not provide any stacktrace information)
Command duration or timeout: 0 milliseconds
For documentation on this error, please visit: https://www.seleniumhq.org/exceptions/no_such_element.html
Build info: version: '3.141.59', revision: 'e82be7d358', time: '2018-11-14T08:17:03'
System info: host: 'PREMASHISH02', ip: '10.19.129.62', os.name: 'Windows 10', os.arch: 'amd64', os.version: '10.0', java.version: '1.8.0_202'
Driver info: org.openqa.selenium.chrome.ChromeDriver
Capabilities {acceptInsecureCerts: false, acceptSslCerts: false, applicationCacheEnabled: false, browserConnectionEnabled: false, browserName: chrome, chrome: {chromedriverVersion: 2.45.615291 (ec3682e3c9061c..., userDataDir: C:\Users\PREMAS~1\AppData\L...}, cssSelectorsEnabled: true, databaseEnabled: false, goog:chromeOptions: {debuggerAddress: localhost:52441}, handlesAlerts: true, hasTouchScreen: false, javascriptEnabled: true, locationContextEnabled: true, mobileEmulationEnabled: false, nativeEvents: true, networkConnectionEnabled: false, pageLoadStrategy: normal, platform: XP, platformName: XP, proxy: Proxy(), rotatable: false, setWindowRect: true, strictFileInteractability: false, takesHeapSnapshot: true, takesScreenshot: true, timeouts: {implicit: 0, pageLoad: 300000, script: 30000}, unexpectedAlertBehaviour: ignore, unhandledPromptBehavior: ignore, version: 73.0.3683.103, webStorageEnabled: true}
Session ID: cfc2808c7ce8a4464f011f4a896741e6
*** Element info: {Using=xpath, value=//ul[contains(@class,'nav-list')]/li/a}
	at sun.reflect.NativeConstructorAccessorImpl.newInstance0(Native Method)
	at sun.reflect.NativeConstructorAccessorImpl.newInstance(NativeConstructorAccessorImpl.java:62)
	at sun.reflect.DelegatingConstructorAccessorImpl.newInstance(DelegatingConstructorAccessorImpl.java:45)
	at java.lang.reflect.Constructor.newInstance(Constructor.java:423)
	at org.openqa.selenium.remote.ErrorHandler.createThrowable(ErrorHandler.java:214)
	at org.openqa.selenium.remote.ErrorHandler.throwIfResponseFailed(ErrorHandler.java:166)
	at org.openqa.selenium.remote.http.JsonHttpResponseCodec.reconstructValue(JsonHttpResponseCodec.java:40)
	at org.openqa.selenium.remote.http.AbstractHttpResponseCodec.decode(AbstractHttpResponseCodec.java:80)
	at org.openqa.selenium.remote.http.AbstractHttpResponseCodec.decode(AbstractHttpResponseCodec.java:44)
	at org.openqa.selenium.remote.HttpCommandExecutor.execute(HttpCommandExecutor.java:158)
	at org.openqa.selenium.remote.service.DriverCommandExecutor.execute(DriverCommandExecutor.java:83)
	at org.openqa.selenium.remote.RemoteWebDriver.execute(RemoteWebDriver.java:552)
	at org.openqa.selenium.remote.RemoteWebDriver.findElement(RemoteWebDriver.java:323)
	at org.openqa.selenium.remote.RemoteWebDriver.findElementByXPath(RemoteWebDriver.java:428)
	at org.openqa.selenium.By$ByXPath.findElement(By.java:353)
	at org.openqa.selenium.remote.RemoteWebDriver.findElement(RemoteWebDriver.java:315)
	at Base.ObjectUtils.getElement(ObjectUtils.java:58)
	at TestCases.TestAutothon.testThread(TestAutothon.java:68)
	at sun.reflect.NativeMethodAccessorImpl.invoke0(Native Method)
	at sun.reflect.NativeMethodAccessorImpl.invoke(NativeMethodAccessorImpl.java:62)
	at sun.reflect.DelegatingMethodAccessorImpl.invoke(DelegatingMethodAccessorImpl.java:43)
	at java.lang.reflect.Method.invoke(Method.java:498)
	at org.testng.internal.MethodInvocationHelper.invokeMethod(MethodInvocationHelper.java:124)
	at org.testng.internal.Invoker.invokeMethod(Invoker.java:583)
	at org.testng.internal.Invoker.invokeTestMethod(Invoker.java:719)
	at org.testng.internal.Invoker.invokeTestMethods(Invoker.java:989)
	at org.testng.internal.TestMethodWorker.invokeTestMethods(TestMethodWorker.java:125)
	at org.testng.internal.TestMethodWorker.run(TestMethodWorker.java:109)
	at java.util.concurrent.ThreadPoolExecutor.runWorker(ThreadPoolExecutor.java:1149)
	at java.util.concurrent.ThreadPoolExecutor$Worker.run(ThreadPoolExecutor.java:624)
	at java.lang.Thread.run(Thread.java:748)
2019-04-21 19:20:48 INFO  Class:65 - running test for thread : WEBCHROME with data : dolor sint quo a velit explicabo quia nam
2019-04-21 19:20:52 ERROR Class:83 - no such element: Unable to locate element: {"method":"xpath","selector":"//ul[contains(@class,'nav-list')]/li/a"}
  (Session info: chrome=73.0.3683.103)
  (Driver info: chromedriver=2.45.615291 (ec3682e3c9061c10f26ea9e5cdcf3c53f3f74387),platform=Windows NT 10.0.17134 x86_64) (WARNING: The server did not provide any stacktrace information)
Command duration or timeout: 0 milliseconds
For documentation on this error, please visit: https://www.seleniumhq.org/exceptions/no_such_element.html
Build info: version: '3.141.59', revision: 'e82be7d358', time: '2018-11-14T08:17:03'
System info: host: 'PREMASHISH02', ip: '10.19.129.62', os.name: 'Windows 10', os.arch: 'amd64', os.version: '10.0', java.version: '1.8.0_202'
Driver info: org.openqa.selenium.chrome.ChromeDriver
Capabilities {acceptInsecureCerts: false, acceptSslCerts: false, applicationCacheEnabled: false, browserConnectionEnabled: false, browserName: chrome, chrome: {chromedriverVersion: 2.45.615291 (ec3682e3c9061c..., userDataDir: C:\Users\PREMAS~1\AppData\L...}, cssSelectorsEnabled: true, databaseEnabled: false, goog:chromeOptions: {debuggerAddress: localhost:52441}, handlesAlerts: true, hasTouchScreen: false, javascriptEnabled: true, locationContextEnabled: true, mobileEmulationEnabled: false, nativeEvents: true, networkConnectionEnabled: false, pageLoadStrategy: normal, platform: XP, platformName: XP, proxy: Proxy(), rotatable: false, setWindowRect: true, strictFileInteractability: false, takesHeapSnapshot: true, takesScreenshot: true, timeouts: {implicit: 0, pageLoad: 300000, script: 30000}, unexpectedAlertBehaviour: ignore, unhandledPromptBehavior: ignore, version: 73.0.3683.103, webStorageEnabled: true}
Session ID: cfc2808c7ce8a4464f011f4a896741e6
*** Element info: {Using=xpath, value=//ul[contains(@class,'nav-list')]/li/a}
org.openqa.selenium.NoSuchElementException: no such element: Unable to locate element: {"method":"xpath","selector":"//ul[contains(@class,'nav-list')]/li/a"}
  (Session info: chrome=73.0.3683.103)
  (Driver info: chromedriver=2.45.615291 (ec3682e3c9061c10f26ea9e5cdcf3c53f3f74387),platform=Windows NT 10.0.17134 x86_64) (WARNING: The server did not provide any stacktrace information)
Command duration or timeout: 0 milliseconds
For documentation on this error, please visit: https://www.seleniumhq.org/exceptions/no_such_element.html
Build info: version: '3.141.59', revision: 'e82be7d358', time: '2018-11-14T08:17:03'
System info: host: 'PREMASHISH02', ip: '10.19.129.62', os.name: 'Windows 10', os.arch: 'amd64', os.version: '10.0', java.version: '1.8.0_202'
Driver info: org.openqa.selenium.chrome.ChromeDriver
Capabilities {acceptInsecureCerts: false, acceptSslCerts: false, applicationCacheEnabled: false, browserConnectionEnabled: false, browserName: chrome, chrome: {chromedriverVersion: 2.45.615291 (ec3682e3c9061c..., userDataDir: C:\Users\PREMAS~1\AppData\L...}, cssSelectorsEnabled: true, databaseEnabled: false, goog:chromeOptions: {debuggerAddress: localhost:52441}, handlesAlerts: true, hasTouchScreen: false, javascriptEnabled: true, locationContextEnabled: true, mobileEmulationEnabled: false, nativeEvents: true, networkConnectionEnabled: false, pageLoadStrategy: normal, platform: XP, platformName: XP, proxy: Proxy(), rotatable: false, setWindowRect: true, strictFileInteractability: false, takesHeapSnapshot: true, takesScreenshot: true, timeouts: {implicit: 0, pageLoad: 300000, script: 30000}, unexpectedAlertBehaviour: ignore, unhandledPromptBehavior: ignore, version: 73.0.3683.103, webStorageEnabled: true}
Session ID: cfc2808c7ce8a4464f011f4a896741e6
*** Element info: {Using=xpath, value=//ul[contains(@class,'nav-list')]/li/a}
	at sun.reflect.NativeConstructorAccessorImpl.newInstance0(Native Method)
	at sun.reflect.NativeConstructorAccessorImpl.newInstance(NativeConstructorAccessorImpl.java:62)
	at sun.reflect.DelegatingConstructorAccessorImpl.newInstance(DelegatingConstructorAccessorImpl.java:45)
	at java.lang.reflect.Constructor.newInstance(Constructor.java:423)
	at org.openqa.selenium.remote.ErrorHandler.createThrowable(ErrorHandler.java:214)
	at org.openqa.selenium.remote.ErrorHandler.throwIfResponseFailed(ErrorHandler.java:166)
	at org.openqa.selenium.remote.http.JsonHttpResponseCodec.reconstructValue(JsonHttpResponseCodec.java:40)
	at org.openqa.selenium.remote.http.AbstractHttpResponseCodec.decode(AbstractHttpResponseCodec.java:80)
	at org.openqa.selenium.remote.http.AbstractHttpResponseCodec.decode(AbstractHttpResponseCodec.java:44)
	at org.openqa.selenium.remote.HttpCommandExecutor.execute(HttpCommandExecutor.java:158)
	at org.openqa.selenium.remote.service.DriverCommandExecutor.execute(DriverCommandExecutor.java:83)
	at org.openqa.selenium.remote.RemoteWebDriver.execute(RemoteWebDriver.java:552)
	at org.openqa.selenium.remote.RemoteWebDriver.findElement(RemoteWebDriver.java:323)
	at org.openqa.selenium.remote.RemoteWebDriver.findElementByXPath(RemoteWebDriver.java:428)
	at org.openqa.selenium.By$ByXPath.findElement(By.java:353)
	at org.openqa.selenium.remote.RemoteWebDriver.findElement(RemoteWebDriver.java:315)
	at Base.ObjectUtils.getElement(ObjectUtils.java:58)
	at TestCases.TestAutothon.testThread(TestAutothon.java:68)
	at sun.reflect.NativeMethodAccessorImpl.invoke0(Native Method)
	at sun.reflect.NativeMethodAccessorImpl.invoke(NativeMethodAccessorImpl.java:62)
	at sun.reflect.DelegatingMethodAccessorImpl.invoke(DelegatingMethodAccessorImpl.java:43)
	at java.lang.reflect.Method.invoke(Method.java:498)
	at org.testng.internal.MethodInvocationHelper.invokeMethod(MethodInvocationHelper.java:124)
	at org.testng.internal.Invoker.invokeMethod(Invoker.java:583)
	at org.testng.internal.Invoker.invokeTestMethod(Invoker.java:719)
	at org.testng.internal.Invoker.invokeTestMethods(Invoker.java:989)
	at org.testng.internal.TestMethodWorker.invokeTestMethods(TestMethodWorker.java:125)
	at org.testng.internal.TestMethodWorker.run(TestMethodWorker.java:109)
	at java.util.concurrent.ThreadPoolExecutor.runWorker(ThreadPoolExecutor.java:1149)
	at java.util.concurrent.ThreadPoolExecutor$Worker.run(ThreadPoolExecutor.java:624)
	at java.lang.Thread.run(Thread.java:748)
2019-04-21 19:20:52 INFO  Class:89 - quiting browser..for threadWEBCHROME
2019-04-21 19:23:22 INFO  InitFactory:25 - running thread for -> WEBCHROME : testautothon
2019-04-21 19:23:22 INFO  TestCase:75 - Running TestExecutionSetUp (before suite)
2019-04-21 19:23:25 INFO  Class:44 - set up start
2019-04-21 19:23:32 ERROR Class:58 - user details is empty..
java.security.InvalidParameterException: user details is empty..
	at Base.TestCase.popUserMap(TestCase.java:64)
	at TestCases.TestAutothon.testSetUp(TestAutothon.java:52)
	at sun.reflect.NativeMethodAccessorImpl.invoke0(Native Method)
	at sun.reflect.NativeMethodAccessorImpl.invoke(NativeMethodAccessorImpl.java:62)
	at sun.reflect.DelegatingMethodAccessorImpl.invoke(DelegatingMethodAccessorImpl.java:43)
	at java.lang.reflect.Method.invoke(Method.java:498)
	at org.testng.internal.MethodInvocationHelper.invokeMethod(MethodInvocationHelper.java:124)
	at org.testng.internal.MethodInvocationHelper.invokeMethodConsideringTimeout(MethodInvocationHelper.java:59)
	at org.testng.internal.Invoker.invokeConfigurationMethod(Invoker.java:458)
	at org.testng.internal.Invoker.invokeConfigurations(Invoker.java:222)
	at org.testng.internal.Invoker.invokeConfigurations(Invoker.java:142)
	at org.testng.internal.TestMethodWorker.invokeBeforeClassMethods(TestMethodWorker.java:168)
	at org.testng.internal.TestMethodWorker.run(TestMethodWorker.java:105)
	at java.util.concurrent.ThreadPoolExecutor.runWorker(ThreadPoolExecutor.java:1149)
	at java.util.concurrent.ThreadPoolExecutor$Worker.run(ThreadPoolExecutor.java:624)
	at java.lang.Thread.run(Thread.java:748)
2019-04-21 19:23:32 INFO  Class:66 - running test for thread : WEBCHROME with data : id nihil consequatur molestias animi provident
2019-04-21 19:23:36 ERROR Class:84 - no such element: Unable to locate element: {"method":"xpath","selector":"//ul[contains(@class,'nav-list')]/li/a"}
  (Session info: chrome=73.0.3683.103)
  (Driver info: chromedriver=2.45.615291 (ec3682e3c9061c10f26ea9e5cdcf3c53f3f74387),platform=Windows NT 10.0.17134 x86_64) (WARNING: The server did not provide any stacktrace information)
Command duration or timeout: 0 milliseconds
For documentation on this error, please visit: https://www.seleniumhq.org/exceptions/no_such_element.html
Build info: version: '3.141.59', revision: 'e82be7d358', time: '2018-11-14T08:17:03'
System info: host: 'PREMASHISH02', ip: '10.19.129.62', os.name: 'Windows 10', os.arch: 'amd64', os.version: '10.0', java.version: '1.8.0_202'
Driver info: org.openqa.selenium.chrome.ChromeDriver
Capabilities {acceptInsecureCerts: false, acceptSslCerts: false, applicationCacheEnabled: false, browserConnectionEnabled: false, browserName: chrome, chrome: {chromedriverVersion: 2.45.615291 (ec3682e3c9061c..., userDataDir: C:\Users\PREMAS~1\AppData\L...}, cssSelectorsEnabled: true, databaseEnabled: false, goog:chromeOptions: {debuggerAddress: localhost:52636}, handlesAlerts: true, hasTouchScreen: false, javascriptEnabled: true, locationContextEnabled: true, mobileEmulationEnabled: false, nativeEvents: true, networkConnectionEnabled: false, pageLoadStrategy: normal, platform: XP, platformName: XP, proxy: Proxy(), rotatable: false, setWindowRect: true, strictFileInteractability: false, takesHeapSnapshot: true, takesScreenshot: true, timeouts: {implicit: 0, pageLoad: 300000, script: 30000}, unexpectedAlertBehaviour: ignore, unhandledPromptBehavior: ignore, version: 73.0.3683.103, webStorageEnabled: true}
Session ID: 68b2503a15ea1b83a8bf17dac42760a7
*** Element info: {Using=xpath, value=//ul[contains(@class,'nav-list')]/li/a}
org.openqa.selenium.NoSuchElementException: no such element: Unable to locate element: {"method":"xpath","selector":"//ul[contains(@class,'nav-list')]/li/a"}
  (Session info: chrome=73.0.3683.103)
  (Driver info: chromedriver=2.45.615291 (ec3682e3c9061c10f26ea9e5cdcf3c53f3f74387),platform=Windows NT 10.0.17134 x86_64) (WARNING: The server did not provide any stacktrace information)
Command duration or timeout: 0 milliseconds
For documentation on this error, please visit: https://www.seleniumhq.org/exceptions/no_such_element.html
Build info: version: '3.141.59', revision: 'e82be7d358', time: '2018-11-14T08:17:03'
System info: host: 'PREMASHISH02', ip: '10.19.129.62', os.name: 'Windows 10', os.arch: 'amd64', os.version: '10.0', java.version: '1.8.0_202'
Driver info: org.openqa.selenium.chrome.ChromeDriver
Capabilities {acceptInsecureCerts: false, acceptSslCerts: false, applicationCacheEnabled: false, browserConnectionEnabled: false, browserName: chrome, chrome: {chromedriverVersion: 2.45.615291 (ec3682e3c9061c..., userDataDir: C:\Users\PREMAS~1\AppData\L...}, cssSelectorsEnabled: true, databaseEnabled: false, goog:chromeOptions: {debuggerAddress: localhost:52636}, handlesAlerts: true, hasTouchScreen: false, javascriptEnabled: true, locationContextEnabled: true, mobileEmulationEnabled: false, nativeEvents: true, networkConnectionEnabled: false, pageLoadStrategy: normal, platform: XP, platformName: XP, proxy: Proxy(), rotatable: false, setWindowRect: true, strictFileInteractability: false, takesHeapSnapshot: true, takesScreenshot: true, timeouts: {implicit: 0, pageLoad: 300000, script: 30000}, unexpectedAlertBehaviour: ignore, unhandledPromptBehavior: ignore, version: 73.0.3683.103, webStorageEnabled: true}
Session ID: 68b2503a15ea1b83a8bf17dac42760a7
*** Element info: {Using=xpath, value=//ul[contains(@class,'nav-list')]/li/a}
	at sun.reflect.NativeConstructorAccessorImpl.newInstance0(Native Method)
	at sun.reflect.NativeConstructorAccessorImpl.newInstance(NativeConstructorAccessorImpl.java:62)
	at sun.reflect.DelegatingConstructorAccessorImpl.newInstance(DelegatingConstructorAccessorImpl.java:45)
	at java.lang.reflect.Constructor.newInstance(Constructor.java:423)
	at org.openqa.selenium.remote.ErrorHandler.createThrowable(ErrorHandler.java:214)
	at org.openqa.selenium.remote.ErrorHandler.throwIfResponseFailed(ErrorHandler.java:166)
	at org.openqa.selenium.remote.http.JsonHttpResponseCodec.reconstructValue(JsonHttpResponseCodec.java:40)
	at org.openqa.selenium.remote.http.AbstractHttpResponseCodec.decode(AbstractHttpResponseCodec.java:80)
	at org.openqa.selenium.remote.http.AbstractHttpResponseCodec.decode(AbstractHttpResponseCodec.java:44)
	at org.openqa.selenium.remote.HttpCommandExecutor.execute(HttpCommandExecutor.java:158)
	at org.openqa.selenium.remote.service.DriverCommandExecutor.execute(DriverCommandExecutor.java:83)
	at org.openqa.selenium.remote.RemoteWebDriver.execute(RemoteWebDriver.java:552)
	at org.openqa.selenium.remote.RemoteWebDriver.findElement(RemoteWebDriver.java:323)
	at org.openqa.selenium.remote.RemoteWebDriver.findElementByXPath(RemoteWebDriver.java:428)
	at org.openqa.selenium.By$ByXPath.findElement(By.java:353)
	at org.openqa.selenium.remote.RemoteWebDriver.findElement(RemoteWebDriver.java:315)
	at Base.ObjectUtils.getElement(ObjectUtils.java:58)
	at TestCases.TestAutothon.testThread(TestAutothon.java:69)
	at sun.reflect.NativeMethodAccessorImpl.invoke0(Native Method)
	at sun.reflect.NativeMethodAccessorImpl.invoke(NativeMethodAccessorImpl.java:62)
	at sun.reflect.DelegatingMethodAccessorImpl.invoke(DelegatingMethodAccessorImpl.java:43)
	at java.lang.reflect.Method.invoke(Method.java:498)
	at org.testng.internal.MethodInvocationHelper.invokeMethod(MethodInvocationHelper.java:124)
	at org.testng.internal.Invoker.invokeMethod(Invoker.java:583)
	at org.testng.internal.Invoker.invokeTestMethod(Invoker.java:719)
	at org.testng.internal.Invoker.invokeTestMethods(Invoker.java:989)
	at org.testng.internal.TestMethodWorker.invokeTestMethods(TestMethodWorker.java:125)
	at org.testng.internal.TestMethodWorker.run(TestMethodWorker.java:109)
	at java.util.concurrent.ThreadPoolExecutor.runWorker(ThreadPoolExecutor.java:1149)
	at java.util.concurrent.ThreadPoolExecutor$Worker.run(ThreadPoolExecutor.java:624)
	at java.lang.Thread.run(Thread.java:748)
2019-04-21 19:23:36 INFO  Class:66 - running test for thread : WEBCHROME with data : dolor sint quo a velit explicabo quia nam
2019-04-21 19:23:40 ERROR Class:84 - no such element: Unable to locate element: {"method":"xpath","selector":"//ul[contains(@class,'nav-list')]/li/a"}
  (Session info: chrome=73.0.3683.103)
  (Driver info: chromedriver=2.45.615291 (ec3682e3c9061c10f26ea9e5cdcf3c53f3f74387),platform=Windows NT 10.0.17134 x86_64) (WARNING: The server did not provide any stacktrace information)
Command duration or timeout: 0 milliseconds
For documentation on this error, please visit: https://www.seleniumhq.org/exceptions/no_such_element.html
Build info: version: '3.141.59', revision: 'e82be7d358', time: '2018-11-14T08:17:03'
System info: host: 'PREMASHISH02', ip: '10.19.129.62', os.name: 'Windows 10', os.arch: 'amd64', os.version: '10.0', java.version: '1.8.0_202'
Driver info: org.openqa.selenium.chrome.ChromeDriver
Capabilities {acceptInsecureCerts: false, acceptSslCerts: false, applicationCacheEnabled: false, browserConnectionEnabled: false, browserName: chrome, chrome: {chromedriverVersion: 2.45.615291 (ec3682e3c9061c..., userDataDir: C:\Users\PREMAS~1\AppData\L...}, cssSelectorsEnabled: true, databaseEnabled: false, goog:chromeOptions: {debuggerAddress: localhost:52636}, handlesAlerts: true, hasTouchScreen: false, javascriptEnabled: true, locationContextEnabled: true, mobileEmulationEnabled: false, nativeEvents: true, networkConnectionEnabled: false, pageLoadStrategy: normal, platform: XP, platformName: XP, proxy: Proxy(), rotatable: false, setWindowRect: true, strictFileInteractability: false, takesHeapSnapshot: true, takesScreenshot: true, timeouts: {implicit: 0, pageLoad: 300000, script: 30000}, unexpectedAlertBehaviour: ignore, unhandledPromptBehavior: ignore, version: 73.0.3683.103, webStorageEnabled: true}
Session ID: 68b2503a15ea1b83a8bf17dac42760a7
*** Element info: {Using=xpath, value=//ul[contains(@class,'nav-list')]/li/a}
org.openqa.selenium.NoSuchElementException: no such element: Unable to locate element: {"method":"xpath","selector":"//ul[contains(@class,'nav-list')]/li/a"}
  (Session info: chrome=73.0.3683.103)
  (Driver info: chromedriver=2.45.615291 (ec3682e3c9061c10f26ea9e5cdcf3c53f3f74387),platform=Windows NT 10.0.17134 x86_64) (WARNING: The server did not provide any stacktrace information)
Command duration or timeout: 0 milliseconds
For documentation on this error, please visit: https://www.seleniumhq.org/exceptions/no_such_element.html
Build info: version: '3.141.59', revision: 'e82be7d358', time: '2018-11-14T08:17:03'
System info: host: 'PREMASHISH02', ip: '10.19.129.62', os.name: 'Windows 10', os.arch: 'amd64', os.version: '10.0', java.version: '1.8.0_202'
Driver info: org.openqa.selenium.chrome.ChromeDriver
Capabilities {acceptInsecureCerts: false, acceptSslCerts: false, applicationCacheEnabled: false, browserConnectionEnabled: false, browserName: chrome, chrome: {chromedriverVersion: 2.45.615291 (ec3682e3c9061c..., userDataDir: C:\Users\PREMAS~1\AppData\L...}, cssSelectorsEnabled: true, databaseEnabled: false, goog:chromeOptions: {debuggerAddress: localhost:52636}, handlesAlerts: true, hasTouchScreen: false, javascriptEnabled: true, locationContextEnabled: true, mobileEmulationEnabled: false, nativeEvents: true, networkConnectionEnabled: false, pageLoadStrategy: normal, platform: XP, platformName: XP, proxy: Proxy(), rotatable: false, setWindowRect: true, strictFileInteractability: false, takesHeapSnapshot: true, takesScreenshot: true, timeouts: {implicit: 0, pageLoad: 300000, script: 30000}, unexpectedAlertBehaviour: ignore, unhandledPromptBehavior: ignore, version: 73.0.3683.103, webStorageEnabled: true}
Session ID: 68b2503a15ea1b83a8bf17dac42760a7
*** Element info: {Using=xpath, value=//ul[contains(@class,'nav-list')]/li/a}
	at sun.reflect.NativeConstructorAccessorImpl.newInstance0(Native Method)
	at sun.reflect.NativeConstructorAccessorImpl.newInstance(NativeConstructorAccessorImpl.java:62)
	at sun.reflect.DelegatingConstructorAccessorImpl.newInstance(DelegatingConstructorAccessorImpl.java:45)
	at java.lang.reflect.Constructor.newInstance(Constructor.java:423)
	at org.openqa.selenium.remote.ErrorHandler.createThrowable(ErrorHandler.java:214)
	at org.openqa.selenium.remote.ErrorHandler.throwIfResponseFailed(ErrorHandler.java:166)
	at org.openqa.selenium.remote.http.JsonHttpResponseCodec.reconstructValue(JsonHttpResponseCodec.java:40)
	at org.openqa.selenium.remote.http.AbstractHttpResponseCodec.decode(AbstractHttpResponseCodec.java:80)
	at org.openqa.selenium.remote.http.AbstractHttpResponseCodec.decode(AbstractHttpResponseCodec.java:44)
	at org.openqa.selenium.remote.HttpCommandExecutor.execute(HttpCommandExecutor.java:158)
	at org.openqa.selenium.remote.service.DriverCommandExecutor.execute(DriverCommandExecutor.java:83)
	at org.openqa.selenium.remote.RemoteWebDriver.execute(RemoteWebDriver.java:552)
	at org.openqa.selenium.remote.RemoteWebDriver.findElement(RemoteWebDriver.java:323)
	at org.openqa.selenium.remote.RemoteWebDriver.findElementByXPath(RemoteWebDriver.java:428)
	at org.openqa.selenium.By$ByXPath.findElement(By.java:353)
	at org.openqa.selenium.remote.RemoteWebDriver.findElement(RemoteWebDriver.java:315)
	at Base.ObjectUtils.getElement(ObjectUtils.java:58)
	at TestCases.TestAutothon.testThread(TestAutothon.java:69)
	at sun.reflect.NativeMethodAccessorImpl.invoke0(Native Method)
	at sun.reflect.NativeMethodAccessorImpl.invoke(NativeMethodAccessorImpl.java:62)
	at sun.reflect.DelegatingMethodAccessorImpl.invoke(DelegatingMethodAccessorImpl.java:43)
	at java.lang.reflect.Method.invoke(Method.java:498)
	at org.testng.internal.MethodInvocationHelper.invokeMethod(MethodInvocationHelper.java:124)
	at org.testng.internal.Invoker.invokeMethod(Invoker.java:583)
	at org.testng.internal.Invoker.invokeTestMethod(Invoker.java:719)
	at org.testng.internal.Invoker.invokeTestMethods(Invoker.java:989)
	at org.testng.internal.TestMethodWorker.invokeTestMethods(TestMethodWorker.java:125)
	at org.testng.internal.TestMethodWorker.run(TestMethodWorker.java:109)
	at java.util.concurrent.ThreadPoolExecutor.runWorker(ThreadPoolExecutor.java:1149)
	at java.util.concurrent.ThreadPoolExecutor$Worker.run(ThreadPoolExecutor.java:624)
	at java.lang.Thread.run(Thread.java:748)
2019-04-21 19:23:40 INFO  Class:90 - quiting browser..for threadWEBCHROME
2019-04-21 19:25:28 INFO  InitFactory:25 - running thread for -> WEBCHROME : testautothon
2019-04-21 19:25:28 INFO  TestCase:75 - Running TestExecutionSetUp (before suite)
2019-04-21 19:25:30 INFO  Class:44 - set up start
2019-04-21 19:25:39 INFO  Class:67 - running test for thread : WEBCHROME with data : id nihil consequatur molestias animi provident
2019-04-21 19:25:41 ERROR Class:85 - Cannot locate an element using xpath=//ul[contains(@class,'nav-list')]/li/a
For documentation on this error, please visit: https://www.seleniumhq.org/exceptions/no_such_element.html
Build info: version: '3.141.59', revision: 'e82be7d358', time: '2018-11-14T08:17:03'
System info: host: 'PREMASHISH02', ip: '10.19.129.62', os.name: 'Windows 10', os.arch: 'amd64', os.version: '10.0', java.version: '1.8.0_202'
Driver info: driver.version: RemoteWebDriver
org.openqa.selenium.NoSuchElementException: Cannot locate an element using xpath=//ul[contains(@class,'nav-list')]/li/a
For documentation on this error, please visit: https://www.seleniumhq.org/exceptions/no_such_element.html
Build info: version: '3.141.59', revision: 'e82be7d358', time: '2018-11-14T08:17:03'
System info: host: 'PREMASHISH02', ip: '10.19.129.62', os.name: 'Windows 10', os.arch: 'amd64', os.version: '10.0', java.version: '1.8.0_202'
Driver info: driver.version: RemoteWebDriver
	at org.openqa.selenium.remote.RemoteWebDriver.findElement(RemoteWebDriver.java:327)
	at org.openqa.selenium.remote.RemoteWebDriver.findElementByXPath(RemoteWebDriver.java:428)
	at org.openqa.selenium.By$ByXPath.findElement(By.java:353)
	at org.openqa.selenium.remote.RemoteWebDriver.findElement(RemoteWebDriver.java:315)
	at Base.ObjectUtils.getElement(ObjectUtils.java:58)
	at TestCases.TestAutothon.testThread(TestAutothon.java:70)
	at sun.reflect.NativeMethodAccessorImpl.invoke0(Native Method)
	at sun.reflect.NativeMethodAccessorImpl.invoke(NativeMethodAccessorImpl.java:62)
	at sun.reflect.DelegatingMethodAccessorImpl.invoke(DelegatingMethodAccessorImpl.java:43)
	at java.lang.reflect.Method.invoke(Method.java:498)
	at org.testng.internal.MethodInvocationHelper.invokeMethod(MethodInvocationHelper.java:124)
	at org.testng.internal.Invoker.invokeMethod(Invoker.java:583)
	at org.testng.internal.Invoker.invokeTestMethod(Invoker.java:719)
	at org.testng.internal.Invoker.invokeTestMethods(Invoker.java:989)
	at org.testng.internal.TestMethodWorker.invokeTestMethods(TestMethodWorker.java:125)
	at org.testng.internal.TestMethodWorker.run(TestMethodWorker.java:109)
	at java.util.concurrent.ThreadPoolExecutor.runWorker(ThreadPoolExecutor.java:1149)
	at java.util.concurrent.ThreadPoolExecutor$Worker.run(ThreadPoolExecutor.java:624)
	at java.lang.Thread.run(Thread.java:748)
2019-04-21 19:25:41 INFO  Class:67 - running test for thread : WEBCHROME with data : dolor sint quo a velit explicabo quia nam
2019-04-21 19:25:41 ERROR Class:85 - no such window: target window already closed
from unknown error: web view not found
  (Session info: chrome=73.0.3683.103)
  (Driver info: chromedriver=2.45.615291 (ec3682e3c9061c10f26ea9e5cdcf3c53f3f74387),platform=Windows NT 10.0.17134 x86_64) (WARNING: The server did not provide any stacktrace information)
Command duration or timeout: 0 milliseconds
Build info: version: '3.141.59', revision: 'e82be7d358', time: '2018-11-14T08:17:03'
System info: host: 'PREMASHISH02', ip: '10.19.129.62', os.name: 'Windows 10', os.arch: 'amd64', os.version: '10.0', java.version: '1.8.0_202'
Driver info: org.openqa.selenium.chrome.ChromeDriver
Capabilities {acceptInsecureCerts: false, acceptSslCerts: false, applicationCacheEnabled: false, browserConnectionEnabled: false, browserName: chrome, chrome: {chromedriverVersion: 2.45.615291 (ec3682e3c9061c..., userDataDir: C:\Users\PREMAS~1\AppData\L...}, cssSelectorsEnabled: true, databaseEnabled: false, goog:chromeOptions: {debuggerAddress: localhost:52747}, handlesAlerts: true, hasTouchScreen: false, javascriptEnabled: true, locationContextEnabled: true, mobileEmulationEnabled: false, nativeEvents: true, networkConnectionEnabled: false, pageLoadStrategy: normal, platform: XP, platformName: XP, proxy: Proxy(), rotatable: false, setWindowRect: true, strictFileInteractability: false, takesHeapSnapshot: true, takesScreenshot: true, timeouts: {implicit: 0, pageLoad: 300000, script: 30000}, unexpectedAlertBehaviour: ignore, unhandledPromptBehavior: ignore, version: 73.0.3683.103, webStorageEnabled: true}
Session ID: 87ecec5023cc1e3d5b2500e983a8d4bf
*** Element info: {Using=xpath, value=//ul[contains(@class,'nav-list')]/li/a}
org.openqa.selenium.NoSuchWindowException: no such window: target window already closed
from unknown error: web view not found
  (Session info: chrome=73.0.3683.103)
  (Driver info: chromedriver=2.45.615291 (ec3682e3c9061c10f26ea9e5cdcf3c53f3f74387),platform=Windows NT 10.0.17134 x86_64) (WARNING: The server did not provide any stacktrace information)
Command duration or timeout: 0 milliseconds
Build info: version: '3.141.59', revision: 'e82be7d358', time: '2018-11-14T08:17:03'
System info: host: 'PREMASHISH02', ip: '10.19.129.62', os.name: 'Windows 10', os.arch: 'amd64', os.version: '10.0', java.version: '1.8.0_202'
Driver info: org.openqa.selenium.chrome.ChromeDriver
Capabilities {acceptInsecureCerts: false, acceptSslCerts: false, applicationCacheEnabled: false, browserConnectionEnabled: false, browserName: chrome, chrome: {chromedriverVersion: 2.45.615291 (ec3682e3c9061c..., userDataDir: C:\Users\PREMAS~1\AppData\L...}, cssSelectorsEnabled: true, databaseEnabled: false, goog:chromeOptions: {debuggerAddress: localhost:52747}, handlesAlerts: true, hasTouchScreen: false, javascriptEnabled: true, locationContextEnabled: true, mobileEmulationEnabled: false, nativeEvents: true, networkConnectionEnabled: false, pageLoadStrategy: normal, platform: XP, platformName: XP, proxy: Proxy(), rotatable: false, setWindowRect: true, strictFileInteractability: false, takesHeapSnapshot: true, takesScreenshot: true, timeouts: {implicit: 0, pageLoad: 300000, script: 30000}, unexpectedAlertBehaviour: ignore, unhandledPromptBehavior: ignore, version: 73.0.3683.103, webStorageEnabled: true}
Session ID: 87ecec5023cc1e3d5b2500e983a8d4bf
*** Element info: {Using=xpath, value=//ul[contains(@class,'nav-list')]/li/a}
	at sun.reflect.NativeConstructorAccessorImpl.newInstance0(Native Method)
	at sun.reflect.NativeConstructorAccessorImpl.newInstance(NativeConstructorAccessorImpl.java:62)
	at sun.reflect.DelegatingConstructorAccessorImpl.newInstance(DelegatingConstructorAccessorImpl.java:45)
	at java.lang.reflect.Constructor.newInstance(Constructor.java:423)
	at org.openqa.selenium.remote.ErrorHandler.createThrowable(ErrorHandler.java:214)
	at org.openqa.selenium.remote.ErrorHandler.throwIfResponseFailed(ErrorHandler.java:166)
	at org.openqa.selenium.remote.http.JsonHttpResponseCodec.reconstructValue(JsonHttpResponseCodec.java:40)
	at org.openqa.selenium.remote.http.AbstractHttpResponseCodec.decode(AbstractHttpResponseCodec.java:80)
	at org.openqa.selenium.remote.http.AbstractHttpResponseCodec.decode(AbstractHttpResponseCodec.java:44)
	at org.openqa.selenium.remote.HttpCommandExecutor.execute(HttpCommandExecutor.java:158)
	at org.openqa.selenium.remote.service.DriverCommandExecutor.execute(DriverCommandExecutor.java:83)
	at org.openqa.selenium.remote.RemoteWebDriver.execute(RemoteWebDriver.java:552)
	at org.openqa.selenium.remote.RemoteWebDriver.findElement(RemoteWebDriver.java:323)
	at org.openqa.selenium.remote.RemoteWebDriver.findElementByXPath(RemoteWebDriver.java:428)
	at org.openqa.selenium.By$ByXPath.findElement(By.java:353)
	at org.openqa.selenium.remote.RemoteWebDriver.findElement(RemoteWebDriver.java:315)
	at Base.ObjectUtils.getElement(ObjectUtils.java:58)
	at TestCases.TestAutothon.testThread(TestAutothon.java:70)
	at sun.reflect.NativeMethodAccessorImpl.invoke0(Native Method)
	at sun.reflect.NativeMethodAccessorImpl.invoke(NativeMethodAccessorImpl.java:62)
	at sun.reflect.DelegatingMethodAccessorImpl.invoke(DelegatingMethodAccessorImpl.java:43)
	at java.lang.reflect.Method.invoke(Method.java:498)
	at org.testng.internal.MethodInvocationHelper.invokeMethod(MethodInvocationHelper.java:124)
	at org.testng.internal.Invoker.invokeMethod(Invoker.java:583)
	at org.testng.internal.Invoker.invokeTestMethod(Invoker.java:719)
	at org.testng.internal.Invoker.invokeTestMethods(Invoker.java:989)
	at org.testng.internal.TestMethodWorker.invokeTestMethods(TestMethodWorker.java:125)
	at org.testng.internal.TestMethodWorker.run(TestMethodWorker.java:109)
	at java.util.concurrent.ThreadPoolExecutor.runWorker(ThreadPoolExecutor.java:1149)
	at java.util.concurrent.ThreadPoolExecutor$Worker.run(ThreadPoolExecutor.java:624)
	at java.lang.Thread.run(Thread.java:748)
2019-04-21 19:25:41 INFO  Class:91 - quiting browser..for threadWEBCHROME
2019-04-21 19:27:31 INFO  InitFactory:25 - running thread for -> WEBCHROME : testautothon
2019-04-21 19:27:31 INFO  TestCase:75 - Running TestExecutionSetUp (before suite)
2019-04-21 19:27:34 INFO  Class:44 - set up start
2019-04-21 19:27:43 INFO  Class:67 - running test for thread : WEBCHROME with data : id nihil consequatur molestias animi provident
2019-04-21 19:27:47 ERROR Class:85 - no such element: Unable to locate element: {"method":"xpath","selector":"//ul[contains(@class,'nav-list')]/li/a"}
  (Session info: chrome=73.0.3683.103)
  (Driver info: chromedriver=2.45.615291 (ec3682e3c9061c10f26ea9e5cdcf3c53f3f74387),platform=Windows NT 10.0.17134 x86_64) (WARNING: The server did not provide any stacktrace information)
Command duration or timeout: 0 milliseconds
For documentation on this error, please visit: https://www.seleniumhq.org/exceptions/no_such_element.html
Build info: version: '3.141.59', revision: 'e82be7d358', time: '2018-11-14T08:17:03'
System info: host: 'PREMASHISH02', ip: '10.19.129.62', os.name: 'Windows 10', os.arch: 'amd64', os.version: '10.0', java.version: '1.8.0_202'
Driver info: org.openqa.selenium.chrome.ChromeDriver
Capabilities {acceptInsecureCerts: false, acceptSslCerts: false, applicationCacheEnabled: false, browserConnectionEnabled: false, browserName: chrome, chrome: {chromedriverVersion: 2.45.615291 (ec3682e3c9061c..., userDataDir: C:\Users\PREMAS~1\AppData\L...}, cssSelectorsEnabled: true, databaseEnabled: false, goog:chromeOptions: {debuggerAddress: localhost:52865}, handlesAlerts: true, hasTouchScreen: false, javascriptEnabled: true, locationContextEnabled: true, mobileEmulationEnabled: false, nativeEvents: true, networkConnectionEnabled: false, pageLoadStrategy: normal, platform: XP, platformName: XP, proxy: Proxy(), rotatable: false, setWindowRect: true, strictFileInteractability: false, takesHeapSnapshot: true, takesScreenshot: true, timeouts: {implicit: 0, pageLoad: 300000, script: 30000}, unexpectedAlertBehaviour: ignore, unhandledPromptBehavior: ignore, version: 73.0.3683.103, webStorageEnabled: true}
Session ID: fdcd606d97f51bbbbdf271ccff4ae448
*** Element info: {Using=xpath, value=//ul[contains(@class,'nav-list')]/li/a}
org.openqa.selenium.NoSuchElementException: no such element: Unable to locate element: {"method":"xpath","selector":"//ul[contains(@class,'nav-list')]/li/a"}
  (Session info: chrome=73.0.3683.103)
  (Driver info: chromedriver=2.45.615291 (ec3682e3c9061c10f26ea9e5cdcf3c53f3f74387),platform=Windows NT 10.0.17134 x86_64) (WARNING: The server did not provide any stacktrace information)
Command duration or timeout: 0 milliseconds
For documentation on this error, please visit: https://www.seleniumhq.org/exceptions/no_such_element.html
Build info: version: '3.141.59', revision: 'e82be7d358', time: '2018-11-14T08:17:03'
System info: host: 'PREMASHISH02', ip: '10.19.129.62', os.name: 'Windows 10', os.arch: 'amd64', os.version: '10.0', java.version: '1.8.0_202'
Driver info: org.openqa.selenium.chrome.ChromeDriver
Capabilities {acceptInsecureCerts: false, acceptSslCerts: false, applicationCacheEnabled: false, browserConnectionEnabled: false, browserName: chrome, chrome: {chromedriverVersion: 2.45.615291 (ec3682e3c9061c..., userDataDir: C:\Users\PREMAS~1\AppData\L...}, cssSelectorsEnabled: true, databaseEnabled: false, goog:chromeOptions: {debuggerAddress: localhost:52865}, handlesAlerts: true, hasTouchScreen: false, javascriptEnabled: true, locationContextEnabled: true, mobileEmulationEnabled: false, nativeEvents: true, networkConnectionEnabled: false, pageLoadStrategy: normal, platform: XP, platformName: XP, proxy: Proxy(), rotatable: false, setWindowRect: true, strictFileInteractability: false, takesHeapSnapshot: true, takesScreenshot: true, timeouts: {implicit: 0, pageLoad: 300000, script: 30000}, unexpectedAlertBehaviour: ignore, unhandledPromptBehavior: ignore, version: 73.0.3683.103, webStorageEnabled: true}
Session ID: fdcd606d97f51bbbbdf271ccff4ae448
*** Element info: {Using=xpath, value=//ul[contains(@class,'nav-list')]/li/a}
	at sun.reflect.NativeConstructorAccessorImpl.newInstance0(Native Method)
	at sun.reflect.NativeConstructorAccessorImpl.newInstance(NativeConstructorAccessorImpl.java:62)
	at sun.reflect.DelegatingConstructorAccessorImpl.newInstance(DelegatingConstructorAccessorImpl.java:45)
	at java.lang.reflect.Constructor.newInstance(Constructor.java:423)
	at org.openqa.selenium.remote.ErrorHandler.createThrowable(ErrorHandler.java:214)
	at org.openqa.selenium.remote.ErrorHandler.throwIfResponseFailed(ErrorHandler.java:166)
	at org.openqa.selenium.remote.http.JsonHttpResponseCodec.reconstructValue(JsonHttpResponseCodec.java:40)
	at org.openqa.selenium.remote.http.AbstractHttpResponseCodec.decode(AbstractHttpResponseCodec.java:80)
	at org.openqa.selenium.remote.http.AbstractHttpResponseCodec.decode(AbstractHttpResponseCodec.java:44)
	at org.openqa.selenium.remote.HttpCommandExecutor.execute(HttpCommandExecutor.java:158)
	at org.openqa.selenium.remote.service.DriverCommandExecutor.execute(DriverCommandExecutor.java:83)
	at org.openqa.selenium.remote.RemoteWebDriver.execute(RemoteWebDriver.java:552)
	at org.openqa.selenium.remote.RemoteWebDriver.findElement(RemoteWebDriver.java:323)
	at org.openqa.selenium.remote.RemoteWebDriver.findElementByXPath(RemoteWebDriver.java:428)
	at org.openqa.selenium.By$ByXPath.findElement(By.java:353)
	at org.openqa.selenium.remote.RemoteWebDriver.findElement(RemoteWebDriver.java:315)
	at Base.ObjectUtils.getElement(ObjectUtils.java:58)
	at TestCases.TestAutothon.testThread(TestAutothon.java:70)
	at sun.reflect.NativeMethodAccessorImpl.invoke0(Native Method)
	at sun.reflect.NativeMethodAccessorImpl.invoke(NativeMethodAccessorImpl.java:62)
	at sun.reflect.DelegatingMethodAccessorImpl.invoke(DelegatingMethodAccessorImpl.java:43)
	at java.lang.reflect.Method.invoke(Method.java:498)
	at org.testng.internal.MethodInvocationHelper.invokeMethod(MethodInvocationHelper.java:124)
	at org.testng.internal.Invoker.invokeMethod(Invoker.java:583)
	at org.testng.internal.Invoker.invokeTestMethod(Invoker.java:719)
	at org.testng.internal.Invoker.invokeTestMethods(Invoker.java:989)
	at org.testng.internal.TestMethodWorker.invokeTestMethods(TestMethodWorker.java:125)
	at org.testng.internal.TestMethodWorker.run(TestMethodWorker.java:109)
	at java.util.concurrent.ThreadPoolExecutor.runWorker(ThreadPoolExecutor.java:1149)
	at java.util.concurrent.ThreadPoolExecutor$Worker.run(ThreadPoolExecutor.java:624)
	at java.lang.Thread.run(Thread.java:748)
2019-04-21 19:27:47 INFO  Class:67 - running test for thread : WEBCHROME with data : dolor sint quo a velit explicabo quia nam
2019-04-21 19:27:48 ERROR Class:85 - Cannot locate an element using xpath=//ul[contains(@class,'nav-list')]/li/a
For documentation on this error, please visit: https://www.seleniumhq.org/exceptions/no_such_element.html
Build info: version: '3.141.59', revision: 'e82be7d358', time: '2018-11-14T08:17:03'
System info: host: 'PREMASHISH02', ip: '10.19.129.62', os.name: 'Windows 10', os.arch: 'amd64', os.version: '10.0', java.version: '1.8.0_202'
Driver info: driver.version: RemoteWebDriver
org.openqa.selenium.NoSuchElementException: Cannot locate an element using xpath=//ul[contains(@class,'nav-list')]/li/a
For documentation on this error, please visit: https://www.seleniumhq.org/exceptions/no_such_element.html
Build info: version: '3.141.59', revision: 'e82be7d358', time: '2018-11-14T08:17:03'
System info: host: 'PREMASHISH02', ip: '10.19.129.62', os.name: 'Windows 10', os.arch: 'amd64', os.version: '10.0', java.version: '1.8.0_202'
Driver info: driver.version: RemoteWebDriver
	at org.openqa.selenium.remote.RemoteWebDriver.findElement(RemoteWebDriver.java:327)
	at org.openqa.selenium.remote.RemoteWebDriver.findElementByXPath(RemoteWebDriver.java:428)
	at org.openqa.selenium.By$ByXPath.findElement(By.java:353)
	at org.openqa.selenium.remote.RemoteWebDriver.findElement(RemoteWebDriver.java:315)
	at Base.ObjectUtils.getElement(ObjectUtils.java:58)
	at TestCases.TestAutothon.testThread(TestAutothon.java:70)
	at sun.reflect.NativeMethodAccessorImpl.invoke0(Native Method)
	at sun.reflect.NativeMethodAccessorImpl.invoke(NativeMethodAccessorImpl.java:62)
	at sun.reflect.DelegatingMethodAccessorImpl.invoke(DelegatingMethodAccessorImpl.java:43)
	at java.lang.reflect.Method.invoke(Method.java:498)
	at org.testng.internal.MethodInvocationHelper.invokeMethod(MethodInvocationHelper.java:124)
	at org.testng.internal.Invoker.invokeMethod(Invoker.java:583)
	at org.testng.internal.Invoker.invokeTestMethod(Invoker.java:719)
	at org.testng.internal.Invoker.invokeTestMethods(Invoker.java:989)
	at org.testng.internal.TestMethodWorker.invokeTestMethods(TestMethodWorker.java:125)
	at org.testng.internal.TestMethodWorker.run(TestMethodWorker.java:109)
	at java.util.concurrent.ThreadPoolExecutor.runWorker(ThreadPoolExecutor.java:1149)
	at java.util.concurrent.ThreadPoolExecutor$Worker.run(ThreadPoolExecutor.java:624)
	at java.lang.Thread.run(Thread.java:748)
2019-04-21 19:27:48 INFO  Class:91 - quiting browser..for threadWEBCHROME
2019-04-21 19:28:25 INFO  InitFactory:25 - running thread for -> WEBCHROME : testautothon
2019-04-21 19:28:25 INFO  TestCase:75 - Running TestExecutionSetUp (before suite)
2019-04-21 19:28:27 INFO  Class:44 - set up start
2019-04-21 19:28:36 INFO  Class:67 - running test for thread : WEBCHROME with data : id nihil consequatur molestias animi provident
2019-04-21 19:28:38 ERROR Class:85 - Cannot locate an element using xpath=//ul[contains(@class,'nav-list')]/li/a
For documentation on this error, please visit: https://www.seleniumhq.org/exceptions/no_such_element.html
Build info: version: '3.141.59', revision: 'e82be7d358', time: '2018-11-14T08:17:03'
System info: host: 'PREMASHISH02', ip: '10.19.129.62', os.name: 'Windows 10', os.arch: 'amd64', os.version: '10.0', java.version: '1.8.0_202'
Driver info: driver.version: RemoteWebDriver
org.openqa.selenium.NoSuchElementException: Cannot locate an element using xpath=//ul[contains(@class,'nav-list')]/li/a
For documentation on this error, please visit: https://www.seleniumhq.org/exceptions/no_such_element.html
Build info: version: '3.141.59', revision: 'e82be7d358', time: '2018-11-14T08:17:03'
System info: host: 'PREMASHISH02', ip: '10.19.129.62', os.name: 'Windows 10', os.arch: 'amd64', os.version: '10.0', java.version: '1.8.0_202'
Driver info: driver.version: RemoteWebDriver
	at org.openqa.selenium.remote.RemoteWebDriver.findElement(RemoteWebDriver.java:327)
	at org.openqa.selenium.remote.RemoteWebDriver.findElementByXPath(RemoteWebDriver.java:428)
	at org.openqa.selenium.By$ByXPath.findElement(By.java:353)
	at org.openqa.selenium.remote.RemoteWebDriver.findElement(RemoteWebDriver.java:315)
	at Base.ObjectUtils.getElement(ObjectUtils.java:58)
	at TestCases.TestAutothon.testThread(TestAutothon.java:70)
	at sun.reflect.NativeMethodAccessorImpl.invoke0(Native Method)
	at sun.reflect.NativeMethodAccessorImpl.invoke(NativeMethodAccessorImpl.java:62)
	at sun.reflect.DelegatingMethodAccessorImpl.invoke(DelegatingMethodAccessorImpl.java:43)
	at java.lang.reflect.Method.invoke(Method.java:498)
	at org.testng.internal.MethodInvocationHelper.invokeMethod(MethodInvocationHelper.java:124)
	at org.testng.internal.Invoker.invokeMethod(Invoker.java:583)
	at org.testng.internal.Invoker.invokeTestMethod(Invoker.java:719)
	at org.testng.internal.Invoker.invokeTestMethods(Invoker.java:989)
	at org.testng.internal.TestMethodWorker.invokeTestMethods(TestMethodWorker.java:125)
	at org.testng.internal.TestMethodWorker.run(TestMethodWorker.java:109)
	at java.util.concurrent.ThreadPoolExecutor.runWorker(ThreadPoolExecutor.java:1149)
	at java.util.concurrent.ThreadPoolExecutor$Worker.run(ThreadPoolExecutor.java:624)
	at java.lang.Thread.run(Thread.java:748)
2019-04-21 19:28:38 INFO  Class:67 - running test for thread : WEBCHROME with data : dolor sint quo a velit explicabo quia nam
2019-04-21 19:28:38 ERROR Class:85 - no such window: target window already closed
from unknown error: web view not found
  (Session info: chrome=73.0.3683.103)
  (Driver info: chromedriver=2.45.615291 (ec3682e3c9061c10f26ea9e5cdcf3c53f3f74387),platform=Windows NT 10.0.17134 x86_64) (WARNING: The server did not provide any stacktrace information)
Command duration or timeout: 0 milliseconds
Build info: version: '3.141.59', revision: 'e82be7d358', time: '2018-11-14T08:17:03'
System info: host: 'PREMASHISH02', ip: '10.19.129.62', os.name: 'Windows 10', os.arch: 'amd64', os.version: '10.0', java.version: '1.8.0_202'
Driver info: org.openqa.selenium.chrome.ChromeDriver
Capabilities {acceptInsecureCerts: false, acceptSslCerts: false, applicationCacheEnabled: false, browserConnectionEnabled: false, browserName: chrome, chrome: {chromedriverVersion: 2.45.615291 (ec3682e3c9061c..., userDataDir: C:\Users\PREMAS~1\AppData\L...}, cssSelectorsEnabled: true, databaseEnabled: false, goog:chromeOptions: {debuggerAddress: localhost:52942}, handlesAlerts: true, hasTouchScreen: false, javascriptEnabled: true, locationContextEnabled: true, mobileEmulationEnabled: false, nativeEvents: true, networkConnectionEnabled: false, pageLoadStrategy: normal, platform: XP, platformName: XP, proxy: Proxy(), rotatable: false, setWindowRect: true, strictFileInteractability: false, takesHeapSnapshot: true, takesScreenshot: true, timeouts: {implicit: 0, pageLoad: 300000, script: 30000}, unexpectedAlertBehaviour: ignore, unhandledPromptBehavior: ignore, version: 73.0.3683.103, webStorageEnabled: true}
Session ID: 387242975f153aa5a18db7ef92e8dd65
*** Element info: {Using=xpath, value=//ul[contains(@class,'nav-list')]/li/a}
org.openqa.selenium.NoSuchWindowException: no such window: target window already closed
from unknown error: web view not found
  (Session info: chrome=73.0.3683.103)
  (Driver info: chromedriver=2.45.615291 (ec3682e3c9061c10f26ea9e5cdcf3c53f3f74387),platform=Windows NT 10.0.17134 x86_64) (WARNING: The server did not provide any stacktrace information)
Command duration or timeout: 0 milliseconds
Build info: version: '3.141.59', revision: 'e82be7d358', time: '2018-11-14T08:17:03'
System info: host: 'PREMASHISH02', ip: '10.19.129.62', os.name: 'Windows 10', os.arch: 'amd64', os.version: '10.0', java.version: '1.8.0_202'
Driver info: org.openqa.selenium.chrome.ChromeDriver
Capabilities {acceptInsecureCerts: false, acceptSslCerts: false, applicationCacheEnabled: false, browserConnectionEnabled: false, browserName: chrome, chrome: {chromedriverVersion: 2.45.615291 (ec3682e3c9061c..., userDataDir: C:\Users\PREMAS~1\AppData\L...}, cssSelectorsEnabled: true, databaseEnabled: false, goog:chromeOptions: {debuggerAddress: localhost:52942}, handlesAlerts: true, hasTouchScreen: false, javascriptEnabled: true, locationContextEnabled: true, mobileEmulationEnabled: false, nativeEvents: true, networkConnectionEnabled: false, pageLoadStrategy: normal, platform: XP, platformName: XP, proxy: Proxy(), rotatable: false, setWindowRect: true, strictFileInteractability: false, takesHeapSnapshot: true, takesScreenshot: true, timeouts: {implicit: 0, pageLoad: 300000, script: 30000}, unexpectedAlertBehaviour: ignore, unhandledPromptBehavior: ignore, version: 73.0.3683.103, webStorageEnabled: true}
Session ID: 387242975f153aa5a18db7ef92e8dd65
*** Element info: {Using=xpath, value=//ul[contains(@class,'nav-list')]/li/a}
	at sun.reflect.NativeConstructorAccessorImpl.newInstance0(Native Method)
	at sun.reflect.NativeConstructorAccessorImpl.newInstance(NativeConstructorAccessorImpl.java:62)
	at sun.reflect.DelegatingConstructorAccessorImpl.newInstance(DelegatingConstructorAccessorImpl.java:45)
	at java.lang.reflect.Constructor.newInstance(Constructor.java:423)
	at org.openqa.selenium.remote.ErrorHandler.createThrowable(ErrorHandler.java:214)
	at org.openqa.selenium.remote.ErrorHandler.throwIfResponseFailed(ErrorHandler.java:166)
	at org.openqa.selenium.remote.http.JsonHttpResponseCodec.reconstructValue(JsonHttpResponseCodec.java:40)
	at org.openqa.selenium.remote.http.AbstractHttpResponseCodec.decode(AbstractHttpResponseCodec.java:80)
	at org.openqa.selenium.remote.http.AbstractHttpResponseCodec.decode(AbstractHttpResponseCodec.java:44)
	at org.openqa.selenium.remote.HttpCommandExecutor.execute(HttpCommandExecutor.java:158)
	at org.openqa.selenium.remote.service.DriverCommandExecutor.execute(DriverCommandExecutor.java:83)
	at org.openqa.selenium.remote.RemoteWebDriver.execute(RemoteWebDriver.java:552)
	at org.openqa.selenium.remote.RemoteWebDriver.findElement(RemoteWebDriver.java:323)
	at org.openqa.selenium.remote.RemoteWebDriver.findElementByXPath(RemoteWebDriver.java:428)
	at org.openqa.selenium.By$ByXPath.findElement(By.java:353)
	at org.openqa.selenium.remote.RemoteWebDriver.findElement(RemoteWebDriver.java:315)
	at Base.ObjectUtils.getElement(ObjectUtils.java:58)
	at TestCases.TestAutothon.testThread(TestAutothon.java:70)
	at sun.reflect.NativeMethodAccessorImpl.invoke0(Native Method)
	at sun.reflect.NativeMethodAccessorImpl.invoke(NativeMethodAccessorImpl.java:62)
	at sun.reflect.DelegatingMethodAccessorImpl.invoke(DelegatingMethodAccessorImpl.java:43)
	at java.lang.reflect.Method.invoke(Method.java:498)
	at org.testng.internal.MethodInvocationHelper.invokeMethod(MethodInvocationHelper.java:124)
	at org.testng.internal.Invoker.invokeMethod(Invoker.java:583)
	at org.testng.internal.Invoker.invokeTestMethod(Invoker.java:719)
	at org.testng.internal.Invoker.invokeTestMethods(Invoker.java:989)
	at org.testng.internal.TestMethodWorker.invokeTestMethods(TestMethodWorker.java:125)
	at org.testng.internal.TestMethodWorker.run(TestMethodWorker.java:109)
	at java.util.concurrent.ThreadPoolExecutor.runWorker(ThreadPoolExecutor.java:1149)
	at java.util.concurrent.ThreadPoolExecutor$Worker.run(ThreadPoolExecutor.java:624)
	at java.lang.Thread.run(Thread.java:748)
2019-04-21 19:28:38 INFO  Class:91 - quiting browser..for threadWEBCHROME
2019-04-21 19:54:16 INFO  InitFactory:25 - running thread for -> WEBCHROME : testautothon
2019-04-21 19:54:16 INFO  TestCase:75 - Running TestExecutionSetUp (before suite)
2019-04-21 19:54:19 INFO  Class:44 - set up start
2019-04-21 19:54:27 INFO  Class:67 - running test for thread : WEBCHROME with data : id nihil consequatur molestias animi provident
2019-04-21 19:54:27 INFO  Class:67 - running test for thread : WEBCHROME with data : dolor sint quo a velit explicabo quia nam
2019-04-21 19:54:27 INFO  Class:92 - quiting browser..for threadWEBCHROME
2019-04-21 21:34:30 INFO  InitFactory:25 - running thread for -> WEBCHROME : testautothon
2019-04-21 21:34:30 INFO  TestCase:75 - Running TestExecutionSetUp (before suite)
2019-04-21 21:34:34 INFO  Class:44 - set up start
2019-04-21 21:34:45 INFO  Class:67 - running test for thread : WEBCHROME with data : id nihil consequatur molestias animi provident
2019-04-21 21:34:45 INFO  Class:67 - running test for thread : WEBCHROME with data : dolor sint quo a velit explicabo quia nam
2019-04-21 21:34:45 INFO  Class:92 - quiting browser..for threadWEBCHROME
2019-04-21 21:37:50 INFO  InitFactory:25 - running thread for -> WEBCHROME : testautothon
2019-04-21 21:37:50 INFO  InitFactory:25 - running thread for -> WEBCHROME : testautothon
2019-04-21 21:37:50 INFO  TestCase:75 - Running TestExecutionSetUp (before suite)
2019-04-21 21:37:53 INFO  Class:44 - set up start
2019-04-21 21:38:03 INFO  Class:67 - running test for thread : WEBCHROME with data : id nihil consequatur molestias animi provident
2019-04-21 21:38:03 INFO  Class:67 - running test for thread : WEBCHROME with data : dolor sint quo a velit explicabo quia nam
2019-04-21 21:38:03 INFO  Class:92 - quiting browser..for threadWEBCHROME
2019-04-21 21:38:03 INFO  Class:44 - set up start
2019-04-21 21:38:14 INFO  Class:67 - running test for thread : WEBCHROME with data : voluptatem eligendi optio
2019-04-21 21:38:14 INFO  Class:67 - running test for thread : WEBCHROME with data : nesciunt iure omnis dolorem tempora et accusantium
2019-04-21 21:38:14 INFO  Class:92 - quiting browser..for threadWEBCHROME
2019-04-21 21:38:35 INFO  InitFactory:25 - running thread for -> WEBCHROME : testautothon
2019-04-21 21:38:35 INFO  InitFactory:25 - running thread for -> WEBCHROME : testautothon
2019-04-21 21:38:35 INFO  TestCase:75 - Running TestExecutionSetUp (before suite)
2019-04-21 21:38:38 INFO  Class:44 - set up start
2019-04-21 21:38:38 INFO  Class:44 - set up start
2019-04-21 21:38:48 INFO  Class:67 - running test for thread : WEBCHROME with data : id nihil consequatur molestias animi provident
2019-04-21 21:38:48 INFO  Class:67 - running test for thread : WEBCHROME with data : dolor sint quo a velit explicabo quia nam
2019-04-21 21:38:48 INFO  Class:92 - quiting browser..for threadWEBCHROME
2019-04-21 21:38:48 INFO  Class:67 - running test for thread : WEBCHROME with data : voluptatem eligendi optio
2019-04-21 21:38:48 INFO  Class:67 - running test for thread : WEBCHROME with data : nesciunt iure omnis dolorem tempora et accusantium
2019-04-21 21:38:48 INFO  Class:92 - quiting browser..for threadWEBCHROME
2019-04-21 21:42:55 INFO  InitFactory:25 - running thread for -> WEBCHROME : testautothon
2019-04-21 21:42:55 INFO  TestCase:75 - Running TestExecutionSetUp (before suite)
2019-04-21 21:42:59 INFO  Class:44 - set up start
2019-04-21 21:43:09 INFO  Class:67 - running test for thread : WEBCHROME with data : id nihil consequatur molestias animi provident
2019-04-21 21:43:09 INFO  Class:69 - json pop:4
2019-04-21 21:43:09 INFO  Class:67 - running test for thread : WEBCHROME with data : dolor sint quo a velit explicabo quia nam
2019-04-21 21:43:09 INFO  Class:69 - json pop:3
2019-04-21 21:43:09 INFO  Class:93 - quiting browser..for threadWEBCHROME
2019-04-21 21:53:29 INFO  InitFactory:25 - 1st
2019-04-21 21:53:29 INFO  InitFactory:26 - running thread for -> WEBCHROME : testautothon
2019-04-21 21:53:29 INFO  TestCase:75 - Running TestExecutionSetUp (before suite)
2019-04-21 21:53:33 INFO  Class:44 - set up start
2019-04-21 21:53:42 INFO  Class:67 - running test for thread : WEBCHROME with data : id nihil consequatur molestias animi provident
2019-04-21 21:53:42 INFO  Class:69 - json pop:4
2019-04-21 21:53:42 INFO  Class:67 - running test for thread : WEBCHROME with data : dolor sint quo a velit explicabo quia nam
2019-04-21 21:53:42 INFO  Class:69 - json pop:3
2019-04-21 21:53:42 INFO  Class:93 - quiting browser..for threadWEBCHROME
2019-04-21 22:01:17 INFO  InitFactory:25 - 1st
2019-04-21 22:01:18 INFO  InitFactory:26 - running thread for -> WEBCHROME : testautothon
2019-04-21 22:01:18 INFO  TestCase:75 - Running TestExecutionSetUp (before suite)
2019-04-21 22:01:21 INFO  Class:44 - set up start
2019-04-21 22:01:34 INFO  Class:67 - running test for thread : WEBCHROME with data : id nihil consequatur molestias animi provident
2019-04-21 22:01:34 INFO  Class:69 - json pop:4
2019-04-21 22:01:34 INFO  Class:93 - quiting browser..for threadWEBCHROME
2019-04-21 22:02:44 INFO  InitFactory:25 - 1st
2019-04-21 22:02:44 INFO  InitFactory:26 - running thread for -> WEBCHROME : testautothon
2019-04-21 22:02:44 INFO  TestCase:75 - Running TestExecutionSetUp (before suite)
2019-04-21 22:02:47 INFO  Class:44 - set up start
2019-04-21 22:02:57 INFO  Class:67 - running test for thread : WEBCHROME with data : id nihil consequatur molestias animi provident
2019-04-21 22:02:57 INFO  Class:69 - json pop:4
2019-04-21 22:02:57 INFO  Class:93 - quiting browser..for threadWEBCHROME
2019-04-21 22:03:29 INFO  InitFactory:25 - 1st
2019-04-21 22:03:29 INFO  InitFactory:26 - running thread for -> WEBCHROME : testautothon
2019-04-21 22:03:29 INFO  TestCase:75 - Running TestExecutionSetUp (before suite)
2019-04-21 22:03:31 INFO  Class:44 - set up start
2019-04-21 22:03:42 INFO  Class:67 - running test for thread : WEBCHROME with data : id nihil consequatur molestias animi provident
2019-04-21 22:03:42 INFO  Class:69 - json pop:4
2019-04-21 22:03:42 INFO  Class:67 - running test for thread : WEBCHROME with data : dolor sint quo a velit explicabo quia nam
2019-04-21 22:03:42 INFO  Class:69 - json pop:3
2019-04-21 22:03:42 INFO  Class:67 - running test for thread : WEBCHROME with data : voluptatem eligendi optio
2019-04-21 22:03:42 INFO  Class:69 - json pop:2
2019-04-21 22:03:42 INFO  Class:93 - quiting browser..for threadWEBCHROME
2019-04-21 22:10:25 INFO  InitFactory:25 - 0
2019-04-21 22:10:25 INFO  InitFactory:26 - running thread for -> WEBCHROME : testautothon
2019-04-21 22:10:25 INFO  InitFactory:25 - 1
2019-04-21 22:10:25 INFO  InitFactory:26 - running thread for -> WEBCHROME : testautothon
2019-04-21 22:10:25 INFO  TestCase:75 - Running TestExecutionSetUp (before suite)
2019-04-21 22:10:27 INFO  Class:44 - set up start
2019-04-21 22:10:35 INFO  Class:44 - set up start
2019-04-21 22:10:35 INFO  Class:67 - running test for thread : WEBCHROME with data : id nihil consequatur molestias animi provident
2019-04-21 22:10:35 INFO  Class:69 - json pop:4
2019-04-21 22:10:35 INFO  Class:67 - running test for thread : WEBCHROME with data : dolor sint quo a velit explicabo quia nam
2019-04-21 22:10:35 INFO  Class:69 - json pop:3
2019-04-21 22:10:35 INFO  Class:67 - running test for thread : WEBCHROME with data : voluptatem eligendi optio
2019-04-21 22:10:35 INFO  Class:69 - json pop:2
2019-04-21 22:10:35 INFO  Class:93 - quiting browser..for threadWEBCHROME
2019-04-21 22:10:42 INFO  Class:67 - running test for thread : WEBCHROME with data : nesciunt iure omnis dolorem tempora et accusantium
2019-04-21 22:10:42 INFO  Class:69 - json pop:1
2019-04-21 22:10:42 INFO  Class:67 - running test for thread : WEBCHROME with data : dolorem eum magni eos aperiam quia
2019-04-21 22:10:42 INFO  Class:69 - json pop:1
2019-04-21 22:10:42 INFO  Class:67 - running test for thread : WEBCHROME with data : eum et est occaecati
2019-04-21 22:10:42 INFO  Class:69 - json pop:1
2019-04-21 22:10:42 INFO  Class:93 - quiting browser..for threadWEBCHROME
2019-04-22 09:59:40 INFO  InitFactory:25 - 0
2019-04-22 09:59:40 INFO  InitFactory:26 - running thread for -> WEBCHROME : testautothon
2019-04-22 09:59:40 INFO  TestCase:75 - Running TestExecutionSetUp (before suite)
2019-04-22 09:59:43 INFO  Class:44 - set up start
2019-04-22 09:59:52 INFO  Class:67 - running test for thread : WEBCHROME with data : id nihil consequatur molestias animi provident
2019-04-22 09:59:52 INFO  Class:69 - json pop:4
2019-04-22 09:59:52 INFO  Class:67 - running test for thread : WEBCHROME with data : dolor sint quo a velit explicabo quia nam
2019-04-22 09:59:52 INFO  Class:69 - json pop:3
2019-04-22 09:59:52 INFO  Class:67 - running test for thread : WEBCHROME with data : voluptatem eligendi optio
2019-04-22 09:59:52 INFO  Class:69 - json pop:2
2019-04-22 09:59:52 INFO  Class:93 - quiting browser..for threadWEBCHROME
2019-04-22 15:30:08 INFO  InitFactory:25 - 0
2019-04-22 15:30:08 INFO  InitFactory:26 - running thread for -> WEBCHROME : testautothon
2019-04-22 15:30:08 INFO  TestCase:75 - Running TestExecutionSetUp (before suite)
2019-04-22 15:30:13 INFO  Class:44 - set up start
2019-04-22 15:30:22 INFO  Class:67 - running test for thread : WEBCHROME with data : id nihil consequatur molestias animi provident
2019-04-22 15:30:22 INFO  Class:69 - json pop:4
2019-04-22 15:30:22 INFO  Class:67 - running test for thread : WEBCHROME with data : dolor sint quo a velit explicabo quia nam
2019-04-22 15:30:22 INFO  Class:69 - json pop:3
2019-04-22 15:30:22 INFO  Class:67 - running test for thread : WEBCHROME with data : voluptatem eligendi optio
2019-04-22 15:30:22 INFO  Class:69 - json pop:2
2019-04-22 15:30:22 INFO  Class:93 - quiting browser..for threadWEBCHROME
2019-04-22 15:31:34 INFO  InitFactory:25 - 0
2019-04-22 15:31:34 INFO  InitFactory:26 - running thread for -> WEBCHROME : testautothon
2019-04-22 15:31:34 INFO  TestCase:75 - Running TestExecutionSetUp (before suite)
2019-04-22 15:31:38 INFO  Class:44 - set up start
2019-04-22 15:31:47 INFO  Class:67 - running test for thread : WEBCHROME with data : id nihil consequatur molestias animi provident
2019-04-22 15:31:47 INFO  Class:69 - json pop:4
2019-04-22 15:31:47 INFO  Class:67 - running test for thread : WEBCHROME with data : dolor sint quo a velit explicabo quia nam
2019-04-22 15:31:47 INFO  Class:69 - json pop:3
2019-04-22 15:31:47 INFO  Class:67 - running test for thread : WEBCHROME with data : voluptatem eligendi optio
2019-04-22 15:31:47 INFO  Class:69 - json pop:2
2019-04-22 15:31:47 INFO  Class:93 - quiting browser..for threadWEBCHROME
2019-04-22 15:31:56 INFO  InitFactory:25 - 0
2019-04-22 15:31:56 INFO  InitFactory:26 - running thread for -> WEBCHROME : testautothon
2019-04-22 15:31:56 INFO  TestCase:75 - Running TestExecutionSetUp (before suite)
2019-04-22 15:32:00 INFO  Class:44 - set up start
2019-04-22 15:32:09 INFO  Class:67 - running test for thread : WEBCHROME with data : id nihil consequatur molestias animi provident
2019-04-22 15:32:09 INFO  Class:69 - json pop:4
2019-04-22 15:32:09 INFO  Class:67 - running test for thread : WEBCHROME with data : dolor sint quo a velit explicabo quia nam
2019-04-22 15:32:09 INFO  Class:69 - json pop:3
2019-04-22 15:32:09 INFO  Class:67 - running test for thread : WEBCHROME with data : voluptatem eligendi optio
2019-04-22 15:32:09 INFO  Class:69 - json pop:2
2019-04-22 15:32:09 INFO  Class:93 - quiting browser..for threadWEBCHROME
2019-04-22 15:33:32 INFO  InitFactory:25 - 0
2019-04-22 15:33:32 INFO  InitFactory:26 - running thread for -> WEBCHROME : testautothon
2019-04-22 15:33:32 INFO  TestCase:75 - Running TestExecutionSetUp (before suite)
2019-04-22 15:33:36 INFO  Class:44 - set up start
2019-04-22 15:33:46 INFO  Class:67 - running test for thread : WEBCHROME with data : id nihil consequatur molestias animi provident
2019-04-22 15:33:46 INFO  Class:69 - json pop:4
2019-04-22 15:33:46 INFO  Class:67 - running test for thread : WEBCHROME with data : dolor sint quo a velit explicabo quia nam
2019-04-22 15:33:46 INFO  Class:69 - json pop:3
2019-04-22 15:33:46 INFO  Class:67 - running test for thread : WEBCHROME with data : voluptatem eligendi optio
2019-04-22 15:33:46 INFO  Class:69 - json pop:2
2019-04-22 15:33:46 INFO  Class:93 - quiting browser..for threadWEBCHROME
2019-04-22 15:35:05 INFO  InitFactory:25 - 0
2019-04-22 15:35:05 INFO  InitFactory:26 - running thread for -> WEBCHROME : testautothon
2019-04-22 15:35:05 INFO  TestCase:75 - Running TestExecutionSetUp (before suite)
2019-04-22 15:35:11 INFO  Class:44 - set up start
2019-04-22 15:35:20 INFO  Class:93 - quiting browser..for threadWEBCHROME
2019-04-23 11:09:51 INFO  InitFactory:25 - 0
2019-04-23 11:09:51 INFO  InitFactory:26 - running thread for -> WEBCHROME : testautothon
2019-04-23 11:09:51 INFO  TestCase:75 - Running TestExecutionSetUp (before suite)
2019-04-23 11:09:55 INFO  Class:44 - set up start
2019-04-23 11:10:07 INFO  Class:67 - running test for thread : WEBCHROME with data : id nihil consequatur molestias animi provident
2019-04-23 11:10:07 INFO  Class:69 - json pop:4
2019-04-23 11:10:07 INFO  Class:67 - running test for thread : WEBCHROME with data : dolor sint quo a velit explicabo quia nam
2019-04-23 11:10:07 INFO  Class:69 - json pop:3
2019-04-23 11:10:07 INFO  Class:67 - running test for thread : WEBCHROME with data : voluptatem eligendi optio
2019-04-23 11:10:07 INFO  Class:69 - json pop:2
2019-04-23 11:10:07 INFO  Class:93 - quiting browser..for threadWEBCHROME
2019-04-23 11:10:28 INFO  InitFactory:25 - 0
2019-04-23 11:10:28 INFO  InitFactory:26 - running thread for -> WEBCHROME : testautothon
2019-04-23 11:10:28 INFO  TestCase:75 - Running TestExecutionSetUp (before suite)
2019-04-23 11:10:32 INFO  Class:44 - set up start
2019-04-23 11:10:41 INFO  Class:93 - quiting browser..for threadWEBCHROME
2019-04-23 11:11:16 INFO  InitFactory:25 - 0
2019-04-23 11:11:16 INFO  InitFactory:26 - running thread for -> WEBCHROME : testautothon
2019-04-23 11:11:16 INFO  TestCase:75 - Running TestExecutionSetUp (before suite)
2019-04-23 11:11:19 INFO  Class:44 - set up start
2019-04-23 11:11:28 INFO  Class:67 - running test for thread : WEBCHROME with data : id nihil consequatur molestias animi provident
2019-04-23 11:11:28 INFO  Class:69 - json pop:4
2019-04-23 11:11:28 INFO  Class:67 - running test for thread : WEBCHROME with data : dolor sint quo a velit explicabo quia nam
2019-04-23 11:11:28 INFO  Class:69 - json pop:3
2019-04-23 11:11:28 INFO  Class:67 - running test for thread : WEBCHROME with data : voluptatem eligendi optio
2019-04-23 11:11:28 INFO  Class:69 - json pop:2
2019-04-23 11:11:28 INFO  Class:93 - quiting browser..for threadWEBCHROME
2019-04-23 11:12:38 INFO  InitFactory:25 - 0
2019-04-23 11:12:38 INFO  InitFactory:26 - running thread for -> WEBCHROME : testautothon
2019-04-23 11:12:38 INFO  TestCase:75 - Running TestExecutionSetUp (before suite)
2019-04-23 11:12:41 INFO  Class:44 - set up start
2019-04-23 11:12:50 INFO  Class:67 - running test for thread : WEBCHROME with data : id nihil consequatur molestias animi provident
2019-04-23 11:12:50 INFO  Class:69 - json pop:4
2019-04-23 11:12:50 INFO  Class:67 - running test for thread : WEBCHROME with data : dolor sint quo a velit explicabo quia nam
2019-04-23 11:12:50 INFO  Class:69 - json pop:3
2019-04-23 11:12:50 INFO  Class:67 - running test for thread : WEBCHROME with data : voluptatem eligendi optio
2019-04-23 11:12:50 INFO  Class:69 - json pop:2
2019-04-23 11:12:50 INFO  Class:93 - quiting browser..for threadWEBCHROME
2019-04-23 11:44:53 INFO  InitFactory:25 - 0
2019-04-23 11:44:53 INFO  InitFactory:26 - running thread for -> WEBCHROME : testautothon
2019-04-23 11:44:53 INFO  TestCase:75 - Running TestExecutionSetUp (before suite)
2019-04-23 11:44:56 INFO  Class:44 - set up start
2019-04-23 12:45:27 INFO  InitFactory:25 - 0
2019-04-23 12:45:27 INFO  InitFactory:26 - running thread for -> WEBCHROME : testautothon
2019-04-23 12:45:27 INFO  TestCase:75 - Running TestExecutionSetUp (before suite)
2019-04-23 12:45:34 INFO  Class:44 - set up start
2019-04-23 12:45:45 INFO  Class:93 - quiting browser..for threadWEBCHROME
2019-04-23 12:46:56 INFO  InitFactory:25 - 0
2019-04-23 12:46:56 INFO  InitFactory:26 - running thread for -> WEBCHROME : testautothon
2019-04-23 12:46:56 INFO  TestCase:75 - Running TestExecutionSetUp (before suite)
2019-04-23 12:46:59 INFO  Class:44 - set up start
2019-04-23 12:47:07 INFO  Class:67 - running test for thread : WEBCHROME with data : id nihil consequatur molestias animi provident
2019-04-23 12:47:07 INFO  Class:69 - json pop:4
2019-04-23 12:47:07 INFO  Class:67 - running test for thread : WEBCHROME with data : dolor sint quo a velit explicabo quia nam
2019-04-23 12:47:07 INFO  Class:69 - json pop:3
2019-04-23 12:47:07 INFO  Class:67 - running test for thread : WEBCHROME with data : voluptatem eligendi optio
2019-04-23 12:47:07 INFO  Class:69 - json pop:2
2019-04-23 12:47:07 INFO  Class:93 - quiting browser..for threadWEBCHROME
2019-04-23 23:45:27 INFO  InitFactory:25 - 0
2019-04-23 23:45:27 INFO  InitFactory:26 - running thread for -> WEBCHROME : testautothon
2019-04-23 23:45:28 INFO  TestCase:75 - Running TestExecutionSetUp (before suite)
2019-04-23 23:45:33 INFO  Class:44 - set up start
2019-04-23 23:45:42 INFO  Class:93 - quiting browser..for threadWEBCHROME
2019-04-23 23:48:51 INFO  InitFactory:25 - 0
2019-04-23 23:48:51 INFO  InitFactory:26 - running thread for -> WEBCHROME : testautothon
2019-04-23 23:48:51 INFO  TestCase:75 - Running TestExecutionSetUp (before suite)
2019-04-23 23:48:54 INFO  Class:44 - set up start
2019-04-23 23:49:01 INFO  Class:67 - running test for thread : WEBCHROME with data : id nihil consequatur molestias animi provident
2019-04-23 23:49:01 INFO  Class:69 - json pop:4
2019-04-23 23:49:01 INFO  Class:67 - running test for thread : WEBCHROME with data : dolor sint quo a velit explicabo quia nam
2019-04-23 23:49:01 INFO  Class:69 - json pop:3
2019-04-23 23:49:01 INFO  Class:67 - running test for thread : WEBCHROME with data : voluptatem eligendi optio
2019-04-23 23:49:01 INFO  Class:69 - json pop:2
2019-04-23 23:49:01 INFO  Class:93 - quiting browser..for threadWEBCHROME
2019-04-23 23:50:04 INFO  InitFactory:25 - 0
2019-04-23 23:50:04 INFO  InitFactory:26 - running thread for -> WEBCHROME : testautothon
2019-04-23 23:50:04 INFO  TestCase:75 - Running TestExecutionSetUp (before suite)
2019-04-23 23:50:07 INFO  Class:44 - set up start
2019-04-23 23:50:14 INFO  Class:67 - running test for thread : WEBCHROME with data : id nihil consequatur molestias animi provident
2019-04-23 23:50:14 INFO  Class:69 - json pop:4
2019-04-23 23:50:14 INFO  Class:67 - running test for thread : WEBCHROME with data : dolor sint quo a velit explicabo quia nam
2019-04-23 23:50:14 INFO  Class:69 - json pop:3
2019-04-23 23:50:14 INFO  Class:67 - running test for thread : WEBCHROME with data : voluptatem eligendi optio
2019-04-23 23:50:14 INFO  Class:69 - json pop:2
2019-04-23 23:50:14 INFO  Class:93 - quiting browser..for threadWEBCHROME
2019-04-23 23:56:54 INFO  InitFactory:25 - 0
2019-04-23 23:56:54 INFO  InitFactory:26 - running thread for -> MOBILECHROME : testautothon
2019-04-23 23:56:54 INFO  TestCase:75 - Running TestExecutionSetUp (before suite)
2019-04-23 23:56:57 INFO  Class:44 - set up start
2019-04-23 23:56:58 ERROR Class:59 - An unknown server-side error occurred while processing the command. Original error: Could not find adb Please set the ANDROID_HOME environment variable with the Android SDK root directory path.
Build info: version: '3.141.59', revision: 'e82be7d358', time: '2018-11-14T08:17:03'
System info: host: 'PREMASHISH02', ip: '192.168.56.1', os.name: 'Windows 10', os.arch: 'amd64', os.version: '10.0', java.version: '1.8.0_202'
Driver info: driver.version: RemoteWebDriver
remote stacktrace: UnknownError: An unknown server-side error occurred while processing the command. Original error: Could not find adb Please set the ANDROID_HOME environment variable with the Android SDK root directory path.
    at getResponseForW3CError (C:\Users\premashishm\AppData\Local\Programs\Appium\resources\app\node_modules\appium\node_modules\appium-base-driver\lib\protocol\errors.js:826:9)
    at asyncHandler (C:\Users\premashishm\AppData\Local\Programs\Appium\resources\app\node_modules\appium\node_modules\appium-base-driver\lib\protocol\protocol.js:447:37)
    at process._tickCallback (internal/process/next_tick.js:68:7)
org.openqa.selenium.WebDriverException: An unknown server-side error occurred while processing the command. Original error: Could not find adb Please set the ANDROID_HOME environment variable with the Android SDK root directory path.
Build info: version: '3.141.59', revision: 'e82be7d358', time: '2018-11-14T08:17:03'
System info: host: 'PREMASHISH02', ip: '192.168.56.1', os.name: 'Windows 10', os.arch: 'amd64', os.version: '10.0', java.version: '1.8.0_202'
Driver info: driver.version: RemoteWebDriver
remote stacktrace: UnknownError: An unknown server-side error occurred while processing the command. Original error: Could not find adb Please set the ANDROID_HOME environment variable with the Android SDK root directory path.
    at getResponseForW3CError (C:\Users\premashishm\AppData\Local\Programs\Appium\resources\app\node_modules\appium\node_modules\appium-base-driver\lib\protocol\errors.js:826:9)
    at asyncHandler (C:\Users\premashishm\AppData\Local\Programs\Appium\resources\app\node_modules\appium\node_modules\appium-base-driver\lib\protocol\protocol.js:447:37)
    at process._tickCallback (internal/process/next_tick.js:68:7)
	at sun.reflect.NativeConstructorAccessorImpl.newInstance0(Native Method)
	at sun.reflect.NativeConstructorAccessorImpl.newInstance(NativeConstructorAccessorImpl.java:62)
	at sun.reflect.DelegatingConstructorAccessorImpl.newInstance(DelegatingConstructorAccessorImpl.java:45)
	at java.lang.reflect.Constructor.newInstance(Constructor.java:423)
	at org.openqa.selenium.remote.W3CHandshakeResponse.lambda$errorHandler$0(W3CHandshakeResponse.java:62)
	at org.openqa.selenium.remote.HandshakeResponse.lambda$getResponseFunction$0(HandshakeResponse.java:30)
	at org.openqa.selenium.remote.ProtocolHandshake.lambda$createSession$0(ProtocolHandshake.java:126)
	at java.util.stream.ReferencePipeline$3$1.accept(ReferencePipeline.java:193)
	at java.util.Spliterators$ArraySpliterator.tryAdvance(Spliterators.java:958)
	at java.util.stream.ReferencePipeline.forEachWithCancel(ReferencePipeline.java:126)
	at java.util.stream.AbstractPipeline.copyIntoWithCancel(AbstractPipeline.java:498)
	at java.util.stream.AbstractPipeline.copyInto(AbstractPipeline.java:485)
	at java.util.stream.AbstractPipeline.wrapAndCopyInto(AbstractPipeline.java:471)
	at java.util.stream.FindOps$FindOp.evaluateSequential(FindOps.java:152)
	at java.util.stream.AbstractPipeline.evaluate(AbstractPipeline.java:234)
	at java.util.stream.ReferencePipeline.findFirst(ReferencePipeline.java:464)
	at org.openqa.selenium.remote.ProtocolHandshake.createSession(ProtocolHandshake.java:128)
	at org.openqa.selenium.remote.ProtocolHandshake.createSession(ProtocolHandshake.java:74)
	at org.openqa.selenium.remote.HttpCommandExecutor.execute(HttpCommandExecutor.java:136)
	at org.openqa.selenium.remote.RemoteWebDriver.execute(RemoteWebDriver.java:552)
	at org.openqa.selenium.remote.RemoteWebDriver.startSession(RemoteWebDriver.java:213)
	at org.openqa.selenium.remote.RemoteWebDriver.<init>(RemoteWebDriver.java:131)
	at org.openqa.selenium.remote.RemoteWebDriver.<init>(RemoteWebDriver.java:144)
	at Base.Device.setDriver(Device.java:29)
	at Base.TestBaseManager.setDriver(TestBaseManager.java:36)
	at TestCases.TestAutothon.testSetUp(TestAutothon.java:45)
	at sun.reflect.NativeMethodAccessorImpl.invoke0(Native Method)
	at sun.reflect.NativeMethodAccessorImpl.invoke(NativeMethodAccessorImpl.java:62)
	at sun.reflect.DelegatingMethodAccessorImpl.invoke(DelegatingMethodAccessorImpl.java:43)
	at java.lang.reflect.Method.invoke(Method.java:498)
	at org.testng.internal.MethodInvocationHelper.invokeMethod(MethodInvocationHelper.java:124)
	at org.testng.internal.MethodInvocationHelper.invokeMethodConsideringTimeout(MethodInvocationHelper.java:59)
	at org.testng.internal.Invoker.invokeConfigurationMethod(Invoker.java:458)
	at org.testng.internal.Invoker.invokeConfigurations(Invoker.java:222)
	at org.testng.internal.Invoker.invokeConfigurations(Invoker.java:142)
	at org.testng.internal.TestMethodWorker.invokeBeforeClassMethods(TestMethodWorker.java:168)
	at org.testng.internal.TestMethodWorker.run(TestMethodWorker.java:105)
	at java.util.concurrent.ThreadPoolExecutor.runWorker(ThreadPoolExecutor.java:1149)
	at java.util.concurrent.ThreadPoolExecutor$Worker.run(ThreadPoolExecutor.java:624)
	at java.lang.Thread.run(Thread.java:748)
2019-04-23 23:56:58 INFO  Class:67 - running test for thread : MOBILECHROME with data : id nihil consequatur molestias animi provident
2019-04-23 23:56:58 INFO  Class:67 - running test for thread : MOBILECHROME with data : dolor sint quo a velit explicabo quia nam
2019-04-23 23:56:58 INFO  Class:67 - running test for thread : MOBILECHROME with data : voluptatem eligendi optio
2019-04-23 23:56:58 INFO  Class:93 - quiting browser..for threadMOBILECHROME
2019-04-24 00:02:40 INFO  InitFactory:25 - 0
2019-04-24 00:02:40 INFO  InitFactory:26 - running thread for -> MOBILECHROME : testautothon
2019-04-24 00:02:40 INFO  TestCase:75 - Running TestExecutionSetUp (before suite)
2019-04-24 00:02:43 INFO  Class:44 - set up start
2019-04-24 00:02:43 ERROR Class:59 - An unknown server-side error occurred while processing the command. Original error: Could not find adb Please set the ANDROID_HOME environment variable with the Android SDK root directory path.
Build info: version: '3.141.59', revision: 'e82be7d358', time: '2018-11-14T08:17:03'
System info: host: 'PREMASHISH02', ip: '192.168.56.1', os.name: 'Windows 10', os.arch: 'amd64', os.version: '10.0', java.version: '1.8.0_202'
Driver info: driver.version: RemoteWebDriver
remote stacktrace: UnknownError: An unknown server-side error occurred while processing the command. Original error: Could not find adb Please set the ANDROID_HOME environment variable with the Android SDK root directory path.
    at getResponseForW3CError (C:\Users\premashishm\AppData\Local\Programs\Appium\resources\app\node_modules\appium\node_modules\appium-base-driver\lib\protocol\errors.js:826:9)
    at asyncHandler (C:\Users\premashishm\AppData\Local\Programs\Appium\resources\app\node_modules\appium\node_modules\appium-base-driver\lib\protocol\protocol.js:447:37)
    at process._tickCallback (internal/process/next_tick.js:68:7)
org.openqa.selenium.WebDriverException: An unknown server-side error occurred while processing the command. Original error: Could not find adb Please set the ANDROID_HOME environment variable with the Android SDK root directory path.
Build info: version: '3.141.59', revision: 'e82be7d358', time: '2018-11-14T08:17:03'
System info: host: 'PREMASHISH02', ip: '192.168.56.1', os.name: 'Windows 10', os.arch: 'amd64', os.version: '10.0', java.version: '1.8.0_202'
Driver info: driver.version: RemoteWebDriver
remote stacktrace: UnknownError: An unknown server-side error occurred while processing the command. Original error: Could not find adb Please set the ANDROID_HOME environment variable with the Android SDK root directory path.
    at getResponseForW3CError (C:\Users\premashishm\AppData\Local\Programs\Appium\resources\app\node_modules\appium\node_modules\appium-base-driver\lib\protocol\errors.js:826:9)
    at asyncHandler (C:\Users\premashishm\AppData\Local\Programs\Appium\resources\app\node_modules\appium\node_modules\appium-base-driver\lib\protocol\protocol.js:447:37)
    at process._tickCallback (internal/process/next_tick.js:68:7)
	at sun.reflect.NativeConstructorAccessorImpl.newInstance0(Native Method)
	at sun.reflect.NativeConstructorAccessorImpl.newInstance(NativeConstructorAccessorImpl.java:62)
	at sun.reflect.DelegatingConstructorAccessorImpl.newInstance(DelegatingConstructorAccessorImpl.java:45)
	at java.lang.reflect.Constructor.newInstance(Constructor.java:423)
	at org.openqa.selenium.remote.W3CHandshakeResponse.lambda$errorHandler$0(W3CHandshakeResponse.java:62)
	at org.openqa.selenium.remote.HandshakeResponse.lambda$getResponseFunction$0(HandshakeResponse.java:30)
	at org.openqa.selenium.remote.ProtocolHandshake.lambda$createSession$0(ProtocolHandshake.java:126)
	at java.util.stream.ReferencePipeline$3$1.accept(ReferencePipeline.java:193)
	at java.util.Spliterators$ArraySpliterator.tryAdvance(Spliterators.java:958)
	at java.util.stream.ReferencePipeline.forEachWithCancel(ReferencePipeline.java:126)
	at java.util.stream.AbstractPipeline.copyIntoWithCancel(AbstractPipeline.java:498)
	at java.util.stream.AbstractPipeline.copyInto(AbstractPipeline.java:485)
	at java.util.stream.AbstractPipeline.wrapAndCopyInto(AbstractPipeline.java:471)
	at java.util.stream.FindOps$FindOp.evaluateSequential(FindOps.java:152)
	at java.util.stream.AbstractPipeline.evaluate(AbstractPipeline.java:234)
	at java.util.stream.ReferencePipeline.findFirst(ReferencePipeline.java:464)
	at org.openqa.selenium.remote.ProtocolHandshake.createSession(ProtocolHandshake.java:128)
	at org.openqa.selenium.remote.ProtocolHandshake.createSession(ProtocolHandshake.java:74)
	at org.openqa.selenium.remote.HttpCommandExecutor.execute(HttpCommandExecutor.java:136)
	at org.openqa.selenium.remote.RemoteWebDriver.execute(RemoteWebDriver.java:552)
	at org.openqa.selenium.remote.RemoteWebDriver.startSession(RemoteWebDriver.java:213)
	at org.openqa.selenium.remote.RemoteWebDriver.<init>(RemoteWebDriver.java:131)
	at org.openqa.selenium.remote.RemoteWebDriver.<init>(RemoteWebDriver.java:144)
	at Base.Device.setDriver(Device.java:29)
	at Base.TestBaseManager.setDriver(TestBaseManager.java:36)
	at TestCases.TestAutothon.testSetUp(TestAutothon.java:45)
	at sun.reflect.NativeMethodAccessorImpl.invoke0(Native Method)
	at sun.reflect.NativeMethodAccessorImpl.invoke(NativeMethodAccessorImpl.java:62)
	at sun.reflect.DelegatingMethodAccessorImpl.invoke(DelegatingMethodAccessorImpl.java:43)
	at java.lang.reflect.Method.invoke(Method.java:498)
	at org.testng.internal.MethodInvocationHelper.invokeMethod(MethodInvocationHelper.java:124)
	at org.testng.internal.MethodInvocationHelper.invokeMethodConsideringTimeout(MethodInvocationHelper.java:59)
	at org.testng.internal.Invoker.invokeConfigurationMethod(Invoker.java:458)
	at org.testng.internal.Invoker.invokeConfigurations(Invoker.java:222)
	at org.testng.internal.Invoker.invokeConfigurations(Invoker.java:142)
	at org.testng.internal.TestMethodWorker.invokeBeforeClassMethods(TestMethodWorker.java:168)
	at org.testng.internal.TestMethodWorker.run(TestMethodWorker.java:105)
	at java.util.concurrent.ThreadPoolExecutor.runWorker(ThreadPoolExecutor.java:1149)
	at java.util.concurrent.ThreadPoolExecutor$Worker.run(ThreadPoolExecutor.java:624)
	at java.lang.Thread.run(Thread.java:748)
2019-04-24 00:02:43 INFO  Class:67 - running test for thread : MOBILECHROME with data : id nihil consequatur molestias animi provident
2019-04-24 00:02:43 INFO  Class:67 - running test for thread : MOBILECHROME with data : dolor sint quo a velit explicabo quia nam
2019-04-24 00:02:43 INFO  Class:67 - running test for thread : MOBILECHROME with data : voluptatem eligendi optio
2019-04-24 00:02:43 INFO  Class:93 - quiting browser..for threadMOBILECHROME
2019-04-24 00:04:48 INFO  InitFactory:25 - 0
2019-04-24 00:04:48 INFO  InitFactory:26 - running thread for -> MOBILECHROME : testautothon
2019-04-24 00:04:48 INFO  TestCase:75 - Running TestExecutionSetUp (before suite)
2019-04-24 00:04:51 INFO  Class:44 - set up start
2019-04-24 00:05:30 ERROR Class:59 - An unknown server-side error occurred while processing the command. Original error: Unable to automate Chrome version because it is too old for this version of Chromedriver.
Chrome version on the device: Chrome/61.0.3163.98
Visit 'https://github.com/appium/appium/blob/master/docs/en/writing-running-appium/web/chromedriver.md' to troubleshoot the problem.
Failed to start Chromedriver session: A new session could not be created. Details: session not created: Chrome version must be between 70 and 73
  (Driver info: chromedriver=2.45.615291 (ec3682e3c9061c10f26ea9e5cdcf3c53f3f74387),platform=Windows NT 10.0.17134 x86_64)
Build info: version: '3.141.59', revision: 'e82be7d358', time: '2018-11-14T08:17:03'
System info: host: 'PREMASHISH02', ip: '192.168.56.1', os.name: 'Windows 10', os.arch: 'amd64', os.version: '10.0', java.version: '1.8.0_202'
Driver info: driver.version: RemoteWebDriver
remote stacktrace: UnknownError: An unknown server-side error occurred while processing the command. Original error: Unable to automate Chrome version because it is too old for this version of Chromedriver.
Chrome version on the device: Chrome/61.0.3163.98
Visit 'https://github.com/appium/appium/blob/master/docs/en/writing-running-appium/web/chromedriver.md' to troubleshoot the problem.
Failed to start Chromedriver session: A new session could not be created. Details: session not created: Chrome version must be between 70 and 73
  (Driver info: chromedriver=2.45.615291 (ec3682e3c9061c10f26ea9e5cdcf3c53f3f74387),platform=Windows NT 10.0.17134 x86_64)
    at getResponseForW3CError (C:\Users\premashishm\AppData\Local\Programs\Appium\resources\app\node_modules\appium\node_modules\appium-base-driver\lib\protocol\errors.js:826:9)
    at asyncHandler (C:\Users\premashishm\AppData\Local\Programs\Appium\resources\app\node_modules\appium\node_modules\appium-base-driver\lib\protocol\protocol.js:447:37)
    at process._tickCallback (internal/process/next_tick.js:68:7)
org.openqa.selenium.WebDriverException: An unknown server-side error occurred while processing the command. Original error: Unable to automate Chrome version because it is too old for this version of Chromedriver.
Chrome version on the device: Chrome/61.0.3163.98
Visit 'https://github.com/appium/appium/blob/master/docs/en/writing-running-appium/web/chromedriver.md' to troubleshoot the problem.
Failed to start Chromedriver session: A new session could not be created. Details: session not created: Chrome version must be between 70 and 73
  (Driver info: chromedriver=2.45.615291 (ec3682e3c9061c10f26ea9e5cdcf3c53f3f74387),platform=Windows NT 10.0.17134 x86_64)
Build info: version: '3.141.59', revision: 'e82be7d358', time: '2018-11-14T08:17:03'
System info: host: 'PREMASHISH02', ip: '192.168.56.1', os.name: 'Windows 10', os.arch: 'amd64', os.version: '10.0', java.version: '1.8.0_202'
Driver info: driver.version: RemoteWebDriver
remote stacktrace: UnknownError: An unknown server-side error occurred while processing the command. Original error: Unable to automate Chrome version because it is too old for this version of Chromedriver.
Chrome version on the device: Chrome/61.0.3163.98
Visit 'https://github.com/appium/appium/blob/master/docs/en/writing-running-appium/web/chromedriver.md' to troubleshoot the problem.
Failed to start Chromedriver session: A new session could not be created. Details: session not created: Chrome version must be between 70 and 73
  (Driver info: chromedriver=2.45.615291 (ec3682e3c9061c10f26ea9e5cdcf3c53f3f74387),platform=Windows NT 10.0.17134 x86_64)
    at getResponseForW3CError (C:\Users\premashishm\AppData\Local\Programs\Appium\resources\app\node_modules\appium\node_modules\appium-base-driver\lib\protocol\errors.js:826:9)
    at asyncHandler (C:\Users\premashishm\AppData\Local\Programs\Appium\resources\app\node_modules\appium\node_modules\appium-base-driver\lib\protocol\protocol.js:447:37)
    at process._tickCallback (internal/process/next_tick.js:68:7)
	at sun.reflect.NativeConstructorAccessorImpl.newInstance0(Native Method)
	at sun.reflect.NativeConstructorAccessorImpl.newInstance(NativeConstructorAccessorImpl.java:62)
	at sun.reflect.DelegatingConstructorAccessorImpl.newInstance(DelegatingConstructorAccessorImpl.java:45)
	at java.lang.reflect.Constructor.newInstance(Constructor.java:423)
	at org.openqa.selenium.remote.W3CHandshakeResponse.lambda$errorHandler$0(W3CHandshakeResponse.java:62)
	at org.openqa.selenium.remote.HandshakeResponse.lambda$getResponseFunction$0(HandshakeResponse.java:30)
	at org.openqa.selenium.remote.ProtocolHandshake.lambda$createSession$0(ProtocolHandshake.java:126)
	at java.util.stream.ReferencePipeline$3$1.accept(ReferencePipeline.java:193)
	at java.util.Spliterators$ArraySpliterator.tryAdvance(Spliterators.java:958)
	at java.util.stream.ReferencePipeline.forEachWithCancel(ReferencePipeline.java:126)
	at java.util.stream.AbstractPipeline.copyIntoWithCancel(AbstractPipeline.java:498)
	at java.util.stream.AbstractPipeline.copyInto(AbstractPipeline.java:485)
	at java.util.stream.AbstractPipeline.wrapAndCopyInto(AbstractPipeline.java:471)
	at java.util.stream.FindOps$FindOp.evaluateSequential(FindOps.java:152)
	at java.util.stream.AbstractPipeline.evaluate(AbstractPipeline.java:234)
	at java.util.stream.ReferencePipeline.findFirst(ReferencePipeline.java:464)
	at org.openqa.selenium.remote.ProtocolHandshake.createSession(ProtocolHandshake.java:128)
	at org.openqa.selenium.remote.ProtocolHandshake.createSession(ProtocolHandshake.java:74)
	at org.openqa.selenium.remote.HttpCommandExecutor.execute(HttpCommandExecutor.java:136)
	at org.openqa.selenium.remote.RemoteWebDriver.execute(RemoteWebDriver.java:552)
	at org.openqa.selenium.remote.RemoteWebDriver.startSession(RemoteWebDriver.java:213)
	at org.openqa.selenium.remote.RemoteWebDriver.<init>(RemoteWebDriver.java:131)
	at org.openqa.selenium.remote.RemoteWebDriver.<init>(RemoteWebDriver.java:144)
	at Base.Device.setDriver(Device.java:29)
	at Base.TestBaseManager.setDriver(TestBaseManager.java:36)
	at TestCases.TestAutothon.testSetUp(TestAutothon.java:45)
	at sun.reflect.NativeMethodAccessorImpl.invoke0(Native Method)
	at sun.reflect.NativeMethodAccessorImpl.invoke(NativeMethodAccessorImpl.java:62)
	at sun.reflect.DelegatingMethodAccessorImpl.invoke(DelegatingMethodAccessorImpl.java:43)
	at java.lang.reflect.Method.invoke(Method.java:498)
	at org.testng.internal.MethodInvocationHelper.invokeMethod(MethodInvocationHelper.java:124)
	at org.testng.internal.MethodInvocationHelper.invokeMethodConsideringTimeout(MethodInvocationHelper.java:59)
	at org.testng.internal.Invoker.invokeConfigurationMethod(Invoker.java:458)
	at org.testng.internal.Invoker.invokeConfigurations(Invoker.java:222)
	at org.testng.internal.Invoker.invokeConfigurations(Invoker.java:142)
	at org.testng.internal.TestMethodWorker.invokeBeforeClassMethods(TestMethodWorker.java:168)
	at org.testng.internal.TestMethodWorker.run(TestMethodWorker.java:105)
	at java.util.concurrent.ThreadPoolExecutor.runWorker(ThreadPoolExecutor.java:1149)
	at java.util.concurrent.ThreadPoolExecutor$Worker.run(ThreadPoolExecutor.java:624)
	at java.lang.Thread.run(Thread.java:748)
2019-04-24 00:05:30 INFO  Class:67 - running test for thread : MOBILECHROME with data : id nihil consequatur molestias animi provident
2019-04-24 00:05:30 INFO  Class:67 - running test for thread : MOBILECHROME with data : dolor sint quo a velit explicabo quia nam
2019-04-24 00:05:30 INFO  Class:67 - running test for thread : MOBILECHROME with data : voluptatem eligendi optio
2019-04-24 00:05:30 INFO  Class:93 - quiting browser..for threadMOBILECHROME
2019-04-24 00:06:31 INFO  InitFactory:25 - 0
2019-04-24 00:06:31 INFO  InitFactory:26 - running thread for -> MOBILECHROME : testautothon
2019-04-24 00:06:31 INFO  TestCase:75 - Running TestExecutionSetUp (before suite)
2019-04-24 00:06:34 INFO  Class:44 - set up start
2019-04-24 00:07:44 INFO  InitFactory:25 - 0
2019-04-24 00:07:44 INFO  InitFactory:26 - running thread for -> MOBILECHROME : testautothon
2019-04-24 00:07:44 INFO  TestCase:75 - Running TestExecutionSetUp (before suite)
2019-04-24 00:07:47 INFO  Class:44 - set up start
2019-04-24 00:08:16 ERROR Class:59 - An unknown server-side error occurred while processing the command. Original error: Unable to automate Chrome version because it is too old for this version of Chromedriver.
Chrome version on the device: Chrome/61.0.3163.98
Visit 'https://github.com/appium/appium/blob/master/docs/en/writing-running-appium/web/chromedriver.md' to troubleshoot the problem.
Failed to start Chromedriver session: A new session could not be created. Details: session not created: Chrome version must be between 70 and 73
  (Driver info: chromedriver=2.45.615291 (ec3682e3c9061c10f26ea9e5cdcf3c53f3f74387),platform=Windows NT 10.0.17134 x86_64)
Build info: version: '3.141.59', revision: 'e82be7d358', time: '2018-11-14T08:17:03'
System info: host: 'PREMASHISH02', ip: '192.168.56.1', os.name: 'Windows 10', os.arch: 'amd64', os.version: '10.0', java.version: '1.8.0_202'
Driver info: driver.version: RemoteWebDriver
remote stacktrace: UnknownError: An unknown server-side error occurred while processing the command. Original error: Unable to automate Chrome version because it is too old for this version of Chromedriver.
Chrome version on the device: Chrome/61.0.3163.98
Visit 'https://github.com/appium/appium/blob/master/docs/en/writing-running-appium/web/chromedriver.md' to troubleshoot the problem.
Failed to start Chromedriver session: A new session could not be created. Details: session not created: Chrome version must be between 70 and 73
  (Driver info: chromedriver=2.45.615291 (ec3682e3c9061c10f26ea9e5cdcf3c53f3f74387),platform=Windows NT 10.0.17134 x86_64)
    at getResponseForW3CError (C:\Users\premashishm\AppData\Local\Programs\Appium\resources\app\node_modules\appium\node_modules\appium-base-driver\lib\protocol\errors.js:826:9)
    at asyncHandler (C:\Users\premashishm\AppData\Local\Programs\Appium\resources\app\node_modules\appium\node_modules\appium-base-driver\lib\protocol\protocol.js:447:37)
    at process._tickCallback (internal/process/next_tick.js:68:7)
org.openqa.selenium.WebDriverException: An unknown server-side error occurred while processing the command. Original error: Unable to automate Chrome version because it is too old for this version of Chromedriver.
Chrome version on the device: Chrome/61.0.3163.98
Visit 'https://github.com/appium/appium/blob/master/docs/en/writing-running-appium/web/chromedriver.md' to troubleshoot the problem.
Failed to start Chromedriver session: A new session could not be created. Details: session not created: Chrome version must be between 70 and 73
  (Driver info: chromedriver=2.45.615291 (ec3682e3c9061c10f26ea9e5cdcf3c53f3f74387),platform=Windows NT 10.0.17134 x86_64)
Build info: version: '3.141.59', revision: 'e82be7d358', time: '2018-11-14T08:17:03'
System info: host: 'PREMASHISH02', ip: '192.168.56.1', os.name: 'Windows 10', os.arch: 'amd64', os.version: '10.0', java.version: '1.8.0_202'
Driver info: driver.version: RemoteWebDriver
remote stacktrace: UnknownError: An unknown server-side error occurred while processing the command. Original error: Unable to automate Chrome version because it is too old for this version of Chromedriver.
Chrome version on the device: Chrome/61.0.3163.98
Visit 'https://github.com/appium/appium/blob/master/docs/en/writing-running-appium/web/chromedriver.md' to troubleshoot the problem.
Failed to start Chromedriver session: A new session could not be created. Details: session not created: Chrome version must be between 70 and 73
  (Driver info: chromedriver=2.45.615291 (ec3682e3c9061c10f26ea9e5cdcf3c53f3f74387),platform=Windows NT 10.0.17134 x86_64)
    at getResponseForW3CError (C:\Users\premashishm\AppData\Local\Programs\Appium\resources\app\node_modules\appium\node_modules\appium-base-driver\lib\protocol\errors.js:826:9)
    at asyncHandler (C:\Users\premashishm\AppData\Local\Programs\Appium\resources\app\node_modules\appium\node_modules\appium-base-driver\lib\protocol\protocol.js:447:37)
    at process._tickCallback (internal/process/next_tick.js:68:7)
	at sun.reflect.NativeConstructorAccessorImpl.newInstance0(Native Method)
	at sun.reflect.NativeConstructorAccessorImpl.newInstance(NativeConstructorAccessorImpl.java:62)
	at sun.reflect.DelegatingConstructorAccessorImpl.newInstance(DelegatingConstructorAccessorImpl.java:45)
	at java.lang.reflect.Constructor.newInstance(Constructor.java:423)
	at org.openqa.selenium.remote.W3CHandshakeResponse.lambda$errorHandler$0(W3CHandshakeResponse.java:62)
	at org.openqa.selenium.remote.HandshakeResponse.lambda$getResponseFunction$0(HandshakeResponse.java:30)
	at org.openqa.selenium.remote.ProtocolHandshake.lambda$createSession$0(ProtocolHandshake.java:126)
	at java.util.stream.ReferencePipeline$3$1.accept(ReferencePipeline.java:193)
	at java.util.Spliterators$ArraySpliterator.tryAdvance(Spliterators.java:958)
	at java.util.stream.ReferencePipeline.forEachWithCancel(ReferencePipeline.java:126)
	at java.util.stream.AbstractPipeline.copyIntoWithCancel(AbstractPipeline.java:498)
	at java.util.stream.AbstractPipeline.copyInto(AbstractPipeline.java:485)
	at java.util.stream.AbstractPipeline.wrapAndCopyInto(AbstractPipeline.java:471)
	at java.util.stream.FindOps$FindOp.evaluateSequential(FindOps.java:152)
	at java.util.stream.AbstractPipeline.evaluate(AbstractPipeline.java:234)
	at java.util.stream.ReferencePipeline.findFirst(ReferencePipeline.java:464)
	at org.openqa.selenium.remote.ProtocolHandshake.createSession(ProtocolHandshake.java:128)
	at org.openqa.selenium.remote.ProtocolHandshake.createSession(ProtocolHandshake.java:74)
	at org.openqa.selenium.remote.HttpCommandExecutor.execute(HttpCommandExecutor.java:136)
	at org.openqa.selenium.remote.RemoteWebDriver.execute(RemoteWebDriver.java:552)
	at org.openqa.selenium.remote.RemoteWebDriver.startSession(RemoteWebDriver.java:213)
	at org.openqa.selenium.remote.RemoteWebDriver.<init>(RemoteWebDriver.java:131)
	at org.openqa.selenium.remote.RemoteWebDriver.<init>(RemoteWebDriver.java:144)
	at Base.Device.setDriver(Device.java:29)
	at Base.TestBaseManager.setDriver(TestBaseManager.java:36)
	at TestCases.TestAutothon.testSetUp(TestAutothon.java:45)
	at sun.reflect.NativeMethodAccessorImpl.invoke0(Native Method)
	at sun.reflect.NativeMethodAccessorImpl.invoke(NativeMethodAccessorImpl.java:62)
	at sun.reflect.DelegatingMethodAccessorImpl.invoke(DelegatingMethodAccessorImpl.java:43)
	at java.lang.reflect.Method.invoke(Method.java:498)
	at org.testng.internal.MethodInvocationHelper.invokeMethod(MethodInvocationHelper.java:124)
	at org.testng.internal.MethodInvocationHelper.invokeMethodConsideringTimeout(MethodInvocationHelper.java:59)
	at org.testng.internal.Invoker.invokeConfigurationMethod(Invoker.java:458)
	at org.testng.internal.Invoker.invokeConfigurations(Invoker.java:222)
	at org.testng.internal.Invoker.invokeConfigurations(Invoker.java:142)
	at org.testng.internal.TestMethodWorker.invokeBeforeClassMethods(TestMethodWorker.java:168)
	at org.testng.internal.TestMethodWorker.run(TestMethodWorker.java:105)
	at java.util.concurrent.ThreadPoolExecutor.runWorker(ThreadPoolExecutor.java:1149)
	at java.util.concurrent.ThreadPoolExecutor$Worker.run(ThreadPoolExecutor.java:624)
	at java.lang.Thread.run(Thread.java:748)
2019-04-24 00:08:16 INFO  Class:67 - running test for thread : MOBILECHROME with data : id nihil consequatur molestias animi provident
2019-04-24 00:08:16 INFO  Class:67 - running test for thread : MOBILECHROME with data : dolor sint quo a velit explicabo quia nam
2019-04-24 00:08:16 INFO  Class:67 - running test for thread : MOBILECHROME with data : voluptatem eligendi optio
2019-04-24 00:08:16 INFO  Class:93 - quiting browser..for threadMOBILECHROME
2019-04-24 00:22:36 INFO  InitFactory:25 - 0
2019-04-24 00:22:36 INFO  InitFactory:26 - running thread for -> MOBILECHROME : testautothon
2019-04-24 00:22:36 INFO  TestCase:75 - Running TestExecutionSetUp (before suite)
2019-04-24 00:22:39 INFO  Class:44 - set up start
2019-04-24 00:23:01 INFO  Class:67 - running test for thread : MOBILECHROME with data : id nihil consequatur molestias animi provident
2019-04-24 00:23:01 INFO  Class:69 - json pop:4
2019-04-24 00:23:01 INFO  Class:67 - running test for thread : MOBILECHROME with data : dolor sint quo a velit explicabo quia nam
2019-04-24 00:23:01 INFO  Class:69 - json pop:3
2019-04-24 00:23:01 INFO  Class:67 - running test for thread : MOBILECHROME with data : voluptatem eligendi optio
2019-04-24 00:23:01 INFO  Class:69 - json pop:2
2019-04-24 00:23:01 INFO  Class:93 - quiting browser..for threadMOBILECHROME
2019-04-24 00:26:17 INFO  InitFactory:25 - 0
2019-04-24 00:26:17 INFO  InitFactory:26 - running thread for -> MOBILECHROME : testautothon
2019-04-24 00:26:17 INFO  InitFactory:25 - 1
2019-04-24 00:26:17 INFO  InitFactory:26 - running thread for -> WEBCHROME : testautothon
2019-04-24 00:26:17 INFO  TestCase:75 - Running TestExecutionSetUp (before suite)
2019-04-24 00:26:19 INFO  Class:44 - set up start
2019-04-24 00:26:27 INFO  Class:44 - set up start
2019-04-24 00:26:27 INFO  Class:67 - running test for thread : WEBCHROME with data : id nihil consequatur molestias animi provident
2019-04-24 00:26:27 INFO  Class:69 - json pop:4
2019-04-24 00:26:27 INFO  Class:67 - running test for thread : WEBCHROME with data : dolor sint quo a velit explicabo quia nam
2019-04-24 00:26:27 INFO  Class:69 - json pop:3
2019-04-24 00:26:27 INFO  Class:67 - running test for thread : WEBCHROME with data : voluptatem eligendi optio
2019-04-24 00:26:27 INFO  Class:69 - json pop:2
2019-04-24 00:26:27 INFO  Class:93 - quiting browser..for threadWEBCHROME
2019-04-24 00:26:50 INFO  Class:67 - running test for thread : MOBILECHROME with data : nesciunt iure omnis dolorem tempora et accusantium
2019-04-24 00:26:50 INFO  Class:69 - json pop:1
2019-04-24 00:26:50 INFO  Class:67 - running test for thread : MOBILECHROME with data : dolorem eum magni eos aperiam quia
2019-04-24 00:26:50 INFO  Class:69 - json pop:1
2019-04-24 00:26:50 INFO  Class:67 - running test for thread : MOBILECHROME with data : eum et est occaecati
2019-04-24 00:26:50 INFO  Class:69 - json pop:1
2019-04-24 00:26:50 INFO  Class:93 - quiting browser..for threadMOBILECHROME
2019-04-24 15:01:08 INFO  InitFactory:25 - 0
2019-04-24 15:01:08 INFO  InitFactory:26 - running thread for -> MOBILECHROME : testautothon
2019-04-24 15:01:08 INFO  InitFactory:25 - 1
2019-04-24 15:01:08 INFO  InitFactory:26 - running thread for -> WEBCHROME : testautothon
2019-04-24 15:01:08 INFO  TestCase:75 - Running TestExecutionSetUp (before suite)
2019-04-24 15:01:12 INFO  Class:44 - set up start
2019-04-24 15:01:15 ERROR Class:59 - session not created: Chrome version must be between 70 and 73
  (Driver info: chromedriver=2.45.615291 (ec3682e3c9061c10f26ea9e5cdcf3c53f3f74387),platform=Windows NT 10.0.17134 x86_64) (WARNING: The server did not provide any stacktrace information)
Command duration or timeout: 1.80 seconds
Build info: version: '3.141.59', revision: 'e82be7d358', time: '2018-11-14T08:17:03'
System info: host: 'PREMASHISH02', ip: '192.168.56.1', os.name: 'Windows 10', os.arch: 'amd64', os.version: '10.0', java.version: '1.8.0_202'
Driver info: driver.version: ChromeDriver
org.openqa.selenium.SessionNotCreatedException: session not created: Chrome version must be between 70 and 73
  (Driver info: chromedriver=2.45.615291 (ec3682e3c9061c10f26ea9e5cdcf3c53f3f74387),platform=Windows NT 10.0.17134 x86_64) (WARNING: The server did not provide any stacktrace information)
Command duration or timeout: 1.80 seconds
Build info: version: '3.141.59', revision: 'e82be7d358', time: '2018-11-14T08:17:03'
System info: host: 'PREMASHISH02', ip: '192.168.56.1', os.name: 'Windows 10', os.arch: 'amd64', os.version: '10.0', java.version: '1.8.0_202'
Driver info: driver.version: ChromeDriver
	at sun.reflect.NativeConstructorAccessorImpl.newInstance0(Native Method)
	at sun.reflect.NativeConstructorAccessorImpl.newInstance(NativeConstructorAccessorImpl.java:62)
	at sun.reflect.DelegatingConstructorAccessorImpl.newInstance(DelegatingConstructorAccessorImpl.java:45)
	at java.lang.reflect.Constructor.newInstance(Constructor.java:423)
	at org.openqa.selenium.remote.ErrorHandler.createThrowable(ErrorHandler.java:214)
	at org.openqa.selenium.remote.ErrorHandler.throwIfResponseFailed(ErrorHandler.java:166)
	at org.openqa.selenium.remote.JsonWireProtocolResponse.lambda$errorHandler$0(JsonWireProtocolResponse.java:54)
	at org.openqa.selenium.remote.HandshakeResponse.lambda$getResponseFunction$0(HandshakeResponse.java:30)
	at org.openqa.selenium.remote.ProtocolHandshake.lambda$createSession$0(ProtocolHandshake.java:126)
	at java.util.stream.ReferencePipeline$3$1.accept(ReferencePipeline.java:193)
	at java.util.Spliterators$ArraySpliterator.tryAdvance(Spliterators.java:958)
	at java.util.stream.ReferencePipeline.forEachWithCancel(ReferencePipeline.java:126)
	at java.util.stream.AbstractPipeline.copyIntoWithCancel(AbstractPipeline.java:498)
	at java.util.stream.AbstractPipeline.copyInto(AbstractPipeline.java:485)
	at java.util.stream.AbstractPipeline.wrapAndCopyInto(AbstractPipeline.java:471)
	at java.util.stream.FindOps$FindOp.evaluateSequential(FindOps.java:152)
	at java.util.stream.AbstractPipeline.evaluate(AbstractPipeline.java:234)
	at java.util.stream.ReferencePipeline.findFirst(ReferencePipeline.java:464)
	at org.openqa.selenium.remote.ProtocolHandshake.createSession(ProtocolHandshake.java:128)
	at org.openqa.selenium.remote.ProtocolHandshake.createSession(ProtocolHandshake.java:74)
	at org.openqa.selenium.remote.HttpCommandExecutor.execute(HttpCommandExecutor.java:136)
	at org.openqa.selenium.remote.service.DriverCommandExecutor.execute(DriverCommandExecutor.java:83)
	at org.openqa.selenium.remote.RemoteWebDriver.execute(RemoteWebDriver.java:552)
	at org.openqa.selenium.remote.RemoteWebDriver.startSession(RemoteWebDriver.java:213)
	at org.openqa.selenium.remote.RemoteWebDriver.<init>(RemoteWebDriver.java:131)
	at org.openqa.selenium.chrome.ChromeDriver.<init>(ChromeDriver.java:181)
	at org.openqa.selenium.chrome.ChromeDriver.<init>(ChromeDriver.java:168)
	at org.openqa.selenium.chrome.ChromeDriver.<init>(ChromeDriver.java:157)
	at Base.Device.setDriver(Device.java:47)
	at Base.TestBaseManager.setDriver(TestBaseManager.java:36)
	at TestCases.TestAutothon.testSetUp(TestAutothon.java:45)
	at sun.reflect.NativeMethodAccessorImpl.invoke0(Native Method)
	at sun.reflect.NativeMethodAccessorImpl.invoke(NativeMethodAccessorImpl.java:62)
	at sun.reflect.DelegatingMethodAccessorImpl.invoke(DelegatingMethodAccessorImpl.java:43)
	at java.lang.reflect.Method.invoke(Method.java:498)
	at org.testng.internal.MethodInvocationHelper.invokeMethod(MethodInvocationHelper.java:124)
	at org.testng.internal.MethodInvocationHelper.invokeMethodConsideringTimeout(MethodInvocationHelper.java:59)
	at org.testng.internal.Invoker.invokeConfigurationMethod(Invoker.java:458)
	at org.testng.internal.Invoker.invokeConfigurations(Invoker.java:222)
	at org.testng.internal.Invoker.invokeConfigurations(Invoker.java:142)
	at org.testng.internal.TestMethodWorker.invokeBeforeClassMethods(TestMethodWorker.java:168)
	at org.testng.internal.TestMethodWorker.run(TestMethodWorker.java:105)
	at java.util.concurrent.ThreadPoolExecutor.runWorker(ThreadPoolExecutor.java:1149)
	at java.util.concurrent.ThreadPoolExecutor$Worker.run(ThreadPoolExecutor.java:624)
	at java.lang.Thread.run(Thread.java:748)
2019-04-24 15:01:15 INFO  Class:44 - set up start
2019-04-24 15:01:15 INFO  Class:67 - running test for thread : WEBCHROME with data : id nihil consequatur molestias animi provident
2019-04-24 15:01:15 INFO  Class:67 - running test for thread : WEBCHROME with data : dolor sint quo a velit explicabo quia nam
2019-04-24 15:01:15 INFO  Class:67 - running test for thread : WEBCHROME with data : voluptatem eligendi optio
2019-04-24 15:01:15 INFO  Class:93 - quiting browser..for threadWEBCHROME
2019-04-24 15:01:55 INFO  Class:67 - running test for thread : MOBILECHROME with data : nesciunt iure omnis dolorem tempora et accusantium
2019-04-24 15:01:55 INFO  Class:69 - json pop:1
2019-04-24 15:01:55 INFO  Class:67 - running test for thread : MOBILECHROME with data : dolorem eum magni eos aperiam quia
2019-04-24 15:01:55 INFO  Class:69 - json pop:1
2019-04-24 15:01:55 INFO  Class:67 - running test for thread : MOBILECHROME with data : eum et est occaecati
2019-04-24 15:01:55 INFO  Class:69 - json pop:1
2019-04-24 15:01:55 INFO  Class:93 - quiting browser..for threadMOBILECHROME
2019-04-24 15:14:52 INFO  InitFactory:25 - 0
2019-04-24 15:14:52 INFO  InitFactory:26 - running thread for -> MOBILECHROME : testautothon
2019-04-24 15:14:52 INFO  InitFactory:25 - 1
2019-04-24 15:14:52 INFO  InitFactory:26 - running thread for -> WEBCHROME : testautothon
2019-04-24 15:14:52 INFO  TestCase:75 - Running TestExecutionSetUp (before suite)
2019-04-24 15:14:55 INFO  Class:44 - set up start
2019-04-24 15:14:57 ERROR Class:59 - session not created: Chrome version must be between 70 and 73
  (Driver info: chromedriver=2.45.615291 (ec3682e3c9061c10f26ea9e5cdcf3c53f3f74387),platform=Windows NT 10.0.17134 x86_64) (WARNING: The server did not provide any stacktrace information)
Command duration or timeout: 1.13 seconds
Build info: version: '3.141.59', revision: 'e82be7d358', time: '2018-11-14T08:17:03'
System info: host: 'PREMASHISH02', ip: '192.168.56.1', os.name: 'Windows 10', os.arch: 'amd64', os.version: '10.0', java.version: '1.8.0_202'
Driver info: driver.version: ChromeDriver
org.openqa.selenium.SessionNotCreatedException: session not created: Chrome version must be between 70 and 73
  (Driver info: chromedriver=2.45.615291 (ec3682e3c9061c10f26ea9e5cdcf3c53f3f74387),platform=Windows NT 10.0.17134 x86_64) (WARNING: The server did not provide any stacktrace information)
Command duration or timeout: 1.13 seconds
Build info: version: '3.141.59', revision: 'e82be7d358', time: '2018-11-14T08:17:03'
System info: host: 'PREMASHISH02', ip: '192.168.56.1', os.name: 'Windows 10', os.arch: 'amd64', os.version: '10.0', java.version: '1.8.0_202'
Driver info: driver.version: ChromeDriver
	at sun.reflect.NativeConstructorAccessorImpl.newInstance0(Native Method)
	at sun.reflect.NativeConstructorAccessorImpl.newInstance(NativeConstructorAccessorImpl.java:62)
	at sun.reflect.DelegatingConstructorAccessorImpl.newInstance(DelegatingConstructorAccessorImpl.java:45)
	at java.lang.reflect.Constructor.newInstance(Constructor.java:423)
	at org.openqa.selenium.remote.ErrorHandler.createThrowable(ErrorHandler.java:214)
	at org.openqa.selenium.remote.ErrorHandler.throwIfResponseFailed(ErrorHandler.java:166)
	at org.openqa.selenium.remote.JsonWireProtocolResponse.lambda$errorHandler$0(JsonWireProtocolResponse.java:54)
	at org.openqa.selenium.remote.HandshakeResponse.lambda$getResponseFunction$0(HandshakeResponse.java:30)
	at org.openqa.selenium.remote.ProtocolHandshake.lambda$createSession$0(ProtocolHandshake.java:126)
	at java.util.stream.ReferencePipeline$3$1.accept(ReferencePipeline.java:193)
	at java.util.Spliterators$ArraySpliterator.tryAdvance(Spliterators.java:958)
	at java.util.stream.ReferencePipeline.forEachWithCancel(ReferencePipeline.java:126)
	at java.util.stream.AbstractPipeline.copyIntoWithCancel(AbstractPipeline.java:498)
	at java.util.stream.AbstractPipeline.copyInto(AbstractPipeline.java:485)
	at java.util.stream.AbstractPipeline.wrapAndCopyInto(AbstractPipeline.java:471)
	at java.util.stream.FindOps$FindOp.evaluateSequential(FindOps.java:152)
	at java.util.stream.AbstractPipeline.evaluate(AbstractPipeline.java:234)
	at java.util.stream.ReferencePipeline.findFirst(ReferencePipeline.java:464)
	at org.openqa.selenium.remote.ProtocolHandshake.createSession(ProtocolHandshake.java:128)
	at org.openqa.selenium.remote.ProtocolHandshake.createSession(ProtocolHandshake.java:74)
	at org.openqa.selenium.remote.HttpCommandExecutor.execute(HttpCommandExecutor.java:136)
	at org.openqa.selenium.remote.service.DriverCommandExecutor.execute(DriverCommandExecutor.java:83)
	at org.openqa.selenium.remote.RemoteWebDriver.execute(RemoteWebDriver.java:552)
	at org.openqa.selenium.remote.RemoteWebDriver.startSession(RemoteWebDriver.java:213)
	at org.openqa.selenium.remote.RemoteWebDriver.<init>(RemoteWebDriver.java:131)
	at org.openqa.selenium.chrome.ChromeDriver.<init>(ChromeDriver.java:181)
	at org.openqa.selenium.chrome.ChromeDriver.<init>(ChromeDriver.java:168)
	at org.openqa.selenium.chrome.ChromeDriver.<init>(ChromeDriver.java:157)
	at Base.Device.setDriver(Device.java:47)
	at Base.TestBaseManager.setDriver(TestBaseManager.java:36)
	at TestCases.TestAutothon.testSetUp(TestAutothon.java:45)
	at sun.reflect.NativeMethodAccessorImpl.invoke0(Native Method)
	at sun.reflect.NativeMethodAccessorImpl.invoke(NativeMethodAccessorImpl.java:62)
	at sun.reflect.DelegatingMethodAccessorImpl.invoke(DelegatingMethodAccessorImpl.java:43)
	at java.lang.reflect.Method.invoke(Method.java:498)
	at org.testng.internal.MethodInvocationHelper.invokeMethod(MethodInvocationHelper.java:124)
	at org.testng.internal.MethodInvocationHelper.invokeMethodConsideringTimeout(MethodInvocationHelper.java:59)
	at org.testng.internal.Invoker.invokeConfigurationMethod(Invoker.java:458)
	at org.testng.internal.Invoker.invokeConfigurations(Invoker.java:222)
	at org.testng.internal.Invoker.invokeConfigurations(Invoker.java:142)
	at org.testng.internal.TestMethodWorker.invokeBeforeClassMethods(TestMethodWorker.java:168)
	at org.testng.internal.TestMethodWorker.run(TestMethodWorker.java:105)
	at java.util.concurrent.ThreadPoolExecutor.runWorker(ThreadPoolExecutor.java:1149)
	at java.util.concurrent.ThreadPoolExecutor$Worker.run(ThreadPoolExecutor.java:624)
	at java.lang.Thread.run(Thread.java:748)
2019-04-24 15:14:57 INFO  Class:44 - set up start
2019-04-24 15:14:57 INFO  Class:67 - running test for thread : WEBCHROME with data : id nihil consequatur molestias animi provident
2019-04-24 15:14:57 INFO  Class:67 - running test for thread : WEBCHROME with data : dolor sint quo a velit explicabo quia nam
2019-04-24 15:14:57 INFO  Class:67 - running test for thread : WEBCHROME with data : voluptatem eligendi optio
2019-04-24 15:14:57 INFO  Class:93 - quiting browser..for threadWEBCHROME
2019-04-24 15:15:19 INFO  Class:67 - running test for thread : MOBILECHROME with data : nesciunt iure omnis dolorem tempora et accusantium
2019-04-24 15:15:19 INFO  Class:69 - json pop:1
2019-04-24 15:15:19 INFO  Class:67 - running test for thread : MOBILECHROME with data : dolorem eum magni eos aperiam quia
2019-04-24 15:15:19 INFO  Class:69 - json pop:1
2019-04-24 15:15:19 INFO  Class:67 - running test for thread : MOBILECHROME with data : eum et est occaecati
2019-04-24 15:15:19 INFO  Class:69 - json pop:1
2019-04-24 15:15:19 INFO  Class:93 - quiting browser..for threadMOBILECHROME
2019-04-24 15:17:08 INFO  InitFactory:25 - 0
2019-04-24 15:17:08 INFO  InitFactory:26 - running thread for -> MOBILECHROME : testautothon
2019-04-24 15:17:08 INFO  TestCase:75 - Running TestExecutionSetUp (before suite)
2019-04-24 15:17:11 INFO  Class:44 - set up start
2019-04-24 15:17:30 INFO  Class:67 - running test for thread : MOBILECHROME with data : id nihil consequatur molestias animi provident
2019-04-24 15:17:30 INFO  Class:69 - json pop:4
2019-04-24 15:17:30 INFO  Class:67 - running test for thread : MOBILECHROME with data : dolor sint quo a velit explicabo quia nam
2019-04-24 15:17:30 INFO  Class:69 - json pop:3
2019-04-24 15:17:30 INFO  Class:67 - running test for thread : MOBILECHROME with data : voluptatem eligendi optio
2019-04-24 15:17:30 INFO  Class:69 - json pop:2
2019-04-24 15:17:30 INFO  Class:93 - quiting browser..for threadMOBILECHROME
2019-04-24 15:18:37 INFO  InitFactory:25 - 0
2019-04-24 15:18:37 INFO  InitFactory:26 - running thread for -> WEBCHROME : testautothon
2019-04-24 15:18:37 INFO  TestCase:75 - Running TestExecutionSetUp (before suite)
2019-04-24 15:18:40 INFO  Class:44 - set up start
2019-04-24 15:18:42 ERROR Class:59 - session not created: Chrome version must be between 70 and 73
  (Driver info: chromedriver=2.45.615291 (ec3682e3c9061c10f26ea9e5cdcf3c53f3f74387),platform=Windows NT 10.0.17134 x86_64) (WARNING: The server did not provide any stacktrace information)
Command duration or timeout: 947 milliseconds
Build info: version: '3.141.59', revision: 'e82be7d358', time: '2018-11-14T08:17:03'
System info: host: 'PREMASHISH02', ip: '192.168.56.1', os.name: 'Windows 10', os.arch: 'amd64', os.version: '10.0', java.version: '1.8.0_202'
Driver info: driver.version: ChromeDriver
org.openqa.selenium.SessionNotCreatedException: session not created: Chrome version must be between 70 and 73
  (Driver info: chromedriver=2.45.615291 (ec3682e3c9061c10f26ea9e5cdcf3c53f3f74387),platform=Windows NT 10.0.17134 x86_64) (WARNING: The server did not provide any stacktrace information)
Command duration or timeout: 947 milliseconds
Build info: version: '3.141.59', revision: 'e82be7d358', time: '2018-11-14T08:17:03'
System info: host: 'PREMASHISH02', ip: '192.168.56.1', os.name: 'Windows 10', os.arch: 'amd64', os.version: '10.0', java.version: '1.8.0_202'
Driver info: driver.version: ChromeDriver
	at sun.reflect.NativeConstructorAccessorImpl.newInstance0(Native Method)
	at sun.reflect.NativeConstructorAccessorImpl.newInstance(NativeConstructorAccessorImpl.java:62)
	at sun.reflect.DelegatingConstructorAccessorImpl.newInstance(DelegatingConstructorAccessorImpl.java:45)
	at java.lang.reflect.Constructor.newInstance(Constructor.java:423)
	at org.openqa.selenium.remote.ErrorHandler.createThrowable(ErrorHandler.java:214)
	at org.openqa.selenium.remote.ErrorHandler.throwIfResponseFailed(ErrorHandler.java:166)
	at org.openqa.selenium.remote.JsonWireProtocolResponse.lambda$errorHandler$0(JsonWireProtocolResponse.java:54)
	at org.openqa.selenium.remote.HandshakeResponse.lambda$getResponseFunction$0(HandshakeResponse.java:30)
	at org.openqa.selenium.remote.ProtocolHandshake.lambda$createSession$0(ProtocolHandshake.java:126)
	at java.util.stream.ReferencePipeline$3$1.accept(ReferencePipeline.java:193)
	at java.util.Spliterators$ArraySpliterator.tryAdvance(Spliterators.java:958)
	at java.util.stream.ReferencePipeline.forEachWithCancel(ReferencePipeline.java:126)
	at java.util.stream.AbstractPipeline.copyIntoWithCancel(AbstractPipeline.java:498)
	at java.util.stream.AbstractPipeline.copyInto(AbstractPipeline.java:485)
	at java.util.stream.AbstractPipeline.wrapAndCopyInto(AbstractPipeline.java:471)
	at java.util.stream.FindOps$FindOp.evaluateSequential(FindOps.java:152)
	at java.util.stream.AbstractPipeline.evaluate(AbstractPipeline.java:234)
	at java.util.stream.ReferencePipeline.findFirst(ReferencePipeline.java:464)
	at org.openqa.selenium.remote.ProtocolHandshake.createSession(ProtocolHandshake.java:128)
	at org.openqa.selenium.remote.ProtocolHandshake.createSession(ProtocolHandshake.java:74)
	at org.openqa.selenium.remote.HttpCommandExecutor.execute(HttpCommandExecutor.java:136)
	at org.openqa.selenium.remote.service.DriverCommandExecutor.execute(DriverCommandExecutor.java:83)
	at org.openqa.selenium.remote.RemoteWebDriver.execute(RemoteWebDriver.java:552)
	at org.openqa.selenium.remote.RemoteWebDriver.startSession(RemoteWebDriver.java:213)
	at org.openqa.selenium.remote.RemoteWebDriver.<init>(RemoteWebDriver.java:131)
	at org.openqa.selenium.chrome.ChromeDriver.<init>(ChromeDriver.java:181)
	at org.openqa.selenium.chrome.ChromeDriver.<init>(ChromeDriver.java:168)
	at org.openqa.selenium.chrome.ChromeDriver.<init>(ChromeDriver.java:157)
	at Base.Device.setDriver(Device.java:47)
	at Base.TestBaseManager.setDriver(TestBaseManager.java:36)
	at TestCases.TestAutothon.testSetUp(TestAutothon.java:45)
	at sun.reflect.NativeMethodAccessorImpl.invoke0(Native Method)
	at sun.reflect.NativeMethodAccessorImpl.invoke(NativeMethodAccessorImpl.java:62)
	at sun.reflect.DelegatingMethodAccessorImpl.invoke(DelegatingMethodAccessorImpl.java:43)
	at java.lang.reflect.Method.invoke(Method.java:498)
	at org.testng.internal.MethodInvocationHelper.invokeMethod(MethodInvocationHelper.java:124)
	at org.testng.internal.MethodInvocationHelper.invokeMethodConsideringTimeout(MethodInvocationHelper.java:59)
	at org.testng.internal.Invoker.invokeConfigurationMethod(Invoker.java:458)
	at org.testng.internal.Invoker.invokeConfigurations(Invoker.java:222)
	at org.testng.internal.Invoker.invokeConfigurations(Invoker.java:142)
	at org.testng.internal.TestMethodWorker.invokeBeforeClassMethods(TestMethodWorker.java:168)
	at org.testng.internal.TestMethodWorker.run(TestMethodWorker.java:105)
	at java.util.concurrent.ThreadPoolExecutor.runWorker(ThreadPoolExecutor.java:1149)
	at java.util.concurrent.ThreadPoolExecutor$Worker.run(ThreadPoolExecutor.java:624)
	at java.lang.Thread.run(Thread.java:748)
2019-04-24 15:18:42 INFO  Class:67 - running test for thread : WEBCHROME with data : id nihil consequatur molestias animi provident
2019-04-24 15:18:42 INFO  Class:67 - running test for thread : WEBCHROME with data : dolor sint quo a velit explicabo quia nam
2019-04-24 15:18:42 INFO  Class:67 - running test for thread : WEBCHROME with data : voluptatem eligendi optio
2019-04-24 15:18:42 INFO  Class:93 - quiting browser..for threadWEBCHROME
2019-04-24 15:33:54 INFO  InitFactory:25 - 0
2019-04-24 15:33:54 INFO  InitFactory:26 - running thread for -> WEBCHROME : testautothon
2019-04-24 15:33:54 INFO  TestCase:75 - Running TestExecutionSetUp (before suite)
2019-04-24 15:34:01 INFO  Class:44 - set up start
2019-04-24 15:34:08 INFO  Class:67 - running test for thread : WEBCHROME with data : id nihil consequatur molestias animi provident
2019-04-24 15:34:08 INFO  Class:69 - json pop:4
2019-04-24 15:34:08 INFO  Class:67 - running test for thread : WEBCHROME with data : dolor sint quo a velit explicabo quia nam
2019-04-24 15:34:09 INFO  Class:69 - json pop:3
2019-04-24 15:34:09 INFO  Class:67 - running test for thread : WEBCHROME with data : voluptatem eligendi optio
2019-04-24 15:34:09 INFO  Class:69 - json pop:2
2019-04-24 15:34:09 INFO  Class:93 - quiting browser..for threadWEBCHROME
2019-04-24 15:40:17 INFO  InitFactory:25 - 0
2019-04-24 15:40:17 INFO  InitFactory:26 - running thread for -> MOBILECHROME : testautothon
2019-04-24 15:40:17 INFO  TestCase:75 - Running TestExecutionSetUp (before suite)
2019-04-24 15:40:20 INFO  Class:44 - set up start
2019-04-24 15:40:26 ERROR Class:59 - An unknown server-side error occurred while processing the command. Original error: Trying to use a chromedriver binary at the path C:\TestAutothon\chromedriver.exe, but it doesn't exist!
Build info: version: '3.141.59', revision: 'e82be7d358', time: '2018-11-14T08:17:03'
System info: host: 'PREMASHISH02', ip: '192.168.56.1', os.name: 'Windows 10', os.arch: 'amd64', os.version: '10.0', java.version: '1.8.0_202'
Driver info: driver.version: RemoteWebDriver
remote stacktrace: UnknownError: An unknown server-side error occurred while processing the command. Original error: Trying to use a chromedriver binary at the path C:\TestAutothon\chromedriver.exe, but it doesn't exist!
    at getResponseForW3CError (C:\Users\premashishm\AppData\Local\Programs\Appium\resources\app\node_modules\appium\node_modules\appium-base-driver\lib\protocol\errors.js:826:9)
    at asyncHandler (C:\Users\premashishm\AppData\Local\Programs\Appium\resources\app\node_modules\appium\node_modules\appium-base-driver\lib\protocol\protocol.js:447:37)
    at process._tickCallback (internal/process/next_tick.js:68:7)
org.openqa.selenium.WebDriverException: An unknown server-side error occurred while processing the command. Original error: Trying to use a chromedriver binary at the path C:\TestAutothon\chromedriver.exe, but it doesn't exist!
Build info: version: '3.141.59', revision: 'e82be7d358', time: '2018-11-14T08:17:03'
System info: host: 'PREMASHISH02', ip: '192.168.56.1', os.name: 'Windows 10', os.arch: 'amd64', os.version: '10.0', java.version: '1.8.0_202'
Driver info: driver.version: RemoteWebDriver
remote stacktrace: UnknownError: An unknown server-side error occurred while processing the command. Original error: Trying to use a chromedriver binary at the path C:\TestAutothon\chromedriver.exe, but it doesn't exist!
    at getResponseForW3CError (C:\Users\premashishm\AppData\Local\Programs\Appium\resources\app\node_modules\appium\node_modules\appium-base-driver\lib\protocol\errors.js:826:9)
    at asyncHandler (C:\Users\premashishm\AppData\Local\Programs\Appium\resources\app\node_modules\appium\node_modules\appium-base-driver\lib\protocol\protocol.js:447:37)
    at process._tickCallback (internal/process/next_tick.js:68:7)
	at sun.reflect.NativeConstructorAccessorImpl.newInstance0(Native Method)
	at sun.reflect.NativeConstructorAccessorImpl.newInstance(NativeConstructorAccessorImpl.java:62)
	at sun.reflect.DelegatingConstructorAccessorImpl.newInstance(DelegatingConstructorAccessorImpl.java:45)
	at java.lang.reflect.Constructor.newInstance(Constructor.java:423)
	at org.openqa.selenium.remote.W3CHandshakeResponse.lambda$errorHandler$0(W3CHandshakeResponse.java:62)
	at org.openqa.selenium.remote.HandshakeResponse.lambda$getResponseFunction$0(HandshakeResponse.java:30)
	at org.openqa.selenium.remote.ProtocolHandshake.lambda$createSession$0(ProtocolHandshake.java:126)
	at java.util.stream.ReferencePipeline$3$1.accept(ReferencePipeline.java:193)
	at java.util.Spliterators$ArraySpliterator.tryAdvance(Spliterators.java:958)
	at java.util.stream.ReferencePipeline.forEachWithCancel(ReferencePipeline.java:126)
	at java.util.stream.AbstractPipeline.copyIntoWithCancel(AbstractPipeline.java:498)
	at java.util.stream.AbstractPipeline.copyInto(AbstractPipeline.java:485)
	at java.util.stream.AbstractPipeline.wrapAndCopyInto(AbstractPipeline.java:471)
	at java.util.stream.FindOps$FindOp.evaluateSequential(FindOps.java:152)
	at java.util.stream.AbstractPipeline.evaluate(AbstractPipeline.java:234)
	at java.util.stream.ReferencePipeline.findFirst(ReferencePipeline.java:464)
	at org.openqa.selenium.remote.ProtocolHandshake.createSession(ProtocolHandshake.java:128)
	at org.openqa.selenium.remote.ProtocolHandshake.createSession(ProtocolHandshake.java:74)
	at org.openqa.selenium.remote.HttpCommandExecutor.execute(HttpCommandExecutor.java:136)
	at org.openqa.selenium.remote.RemoteWebDriver.execute(RemoteWebDriver.java:552)
	at org.openqa.selenium.remote.RemoteWebDriver.startSession(RemoteWebDriver.java:213)
	at org.openqa.selenium.remote.RemoteWebDriver.<init>(RemoteWebDriver.java:131)
	at org.openqa.selenium.remote.RemoteWebDriver.<init>(RemoteWebDriver.java:144)
	at Base.Device.setDriver(Device.java:29)
	at Base.TestBaseManager.setDriver(TestBaseManager.java:36)
	at TestCases.TestAutothon.testSetUp(TestAutothon.java:45)
	at sun.reflect.NativeMethodAccessorImpl.invoke0(Native Method)
	at sun.reflect.NativeMethodAccessorImpl.invoke(NativeMethodAccessorImpl.java:62)
	at sun.reflect.DelegatingMethodAccessorImpl.invoke(DelegatingMethodAccessorImpl.java:43)
	at java.lang.reflect.Method.invoke(Method.java:498)
	at org.testng.internal.MethodInvocationHelper.invokeMethod(MethodInvocationHelper.java:124)
	at org.testng.internal.MethodInvocationHelper.invokeMethodConsideringTimeout(MethodInvocationHelper.java:59)
	at org.testng.internal.Invoker.invokeConfigurationMethod(Invoker.java:458)
	at org.testng.internal.Invoker.invokeConfigurations(Invoker.java:222)
	at org.testng.internal.Invoker.invokeConfigurations(Invoker.java:142)
	at org.testng.internal.TestMethodWorker.invokeBeforeClassMethods(TestMethodWorker.java:168)
	at org.testng.internal.TestMethodWorker.run(TestMethodWorker.java:105)
	at java.util.concurrent.ThreadPoolExecutor.runWorker(ThreadPoolExecutor.java:1149)
	at java.util.concurrent.ThreadPoolExecutor$Worker.run(ThreadPoolExecutor.java:624)
	at java.lang.Thread.run(Thread.java:748)
2019-04-24 15:40:26 INFO  Class:67 - running test for thread : MOBILECHROME with data : id nihil consequatur molestias animi provident
2019-04-24 15:40:26 INFO  Class:67 - running test for thread : MOBILECHROME with data : dolor sint quo a velit explicabo quia nam
2019-04-24 15:40:26 INFO  Class:67 - running test for thread : MOBILECHROME with data : voluptatem eligendi optio
2019-04-24 15:40:26 INFO  Class:93 - quiting browser..for threadMOBILECHROME
2019-04-24 15:41:28 INFO  InitFactory:25 - 0
2019-04-24 15:41:28 INFO  InitFactory:26 - running thread for -> MOBILECHROME : testautothon
2019-04-24 15:41:28 INFO  TestCase:75 - Running TestExecutionSetUp (before suite)
2019-04-24 15:41:30 INFO  Class:44 - set up start
2019-04-24 15:41:36 ERROR Class:59 - An unknown server-side error occurred while processing the command. Original error: Trying to use a chromedriver binary at the path C:\TestAutothon\chromedriver.exe, but it doesn't exist!
Build info: version: '3.141.59', revision: 'e82be7d358', time: '2018-11-14T08:17:03'
System info: host: 'PREMASHISH02', ip: '192.168.56.1', os.name: 'Windows 10', os.arch: 'amd64', os.version: '10.0', java.version: '1.8.0_202'
Driver info: driver.version: RemoteWebDriver
remote stacktrace: UnknownError: An unknown server-side error occurred while processing the command. Original error: Trying to use a chromedriver binary at the path C:\TestAutothon\chromedriver.exe, but it doesn't exist!
    at getResponseForW3CError (C:\Users\premashishm\AppData\Local\Programs\Appium\resources\app\node_modules\appium\node_modules\appium-base-driver\lib\protocol\errors.js:826:9)
    at asyncHandler (C:\Users\premashishm\AppData\Local\Programs\Appium\resources\app\node_modules\appium\node_modules\appium-base-driver\lib\protocol\protocol.js:447:37)
    at process._tickCallback (internal/process/next_tick.js:68:7)
org.openqa.selenium.WebDriverException: An unknown server-side error occurred while processing the command. Original error: Trying to use a chromedriver binary at the path C:\TestAutothon\chromedriver.exe, but it doesn't exist!
Build info: version: '3.141.59', revision: 'e82be7d358', time: '2018-11-14T08:17:03'
System info: host: 'PREMASHISH02', ip: '192.168.56.1', os.name: 'Windows 10', os.arch: 'amd64', os.version: '10.0', java.version: '1.8.0_202'
Driver info: driver.version: RemoteWebDriver
remote stacktrace: UnknownError: An unknown server-side error occurred while processing the command. Original error: Trying to use a chromedriver binary at the path C:\TestAutothon\chromedriver.exe, but it doesn't exist!
    at getResponseForW3CError (C:\Users\premashishm\AppData\Local\Programs\Appium\resources\app\node_modules\appium\node_modules\appium-base-driver\lib\protocol\errors.js:826:9)
    at asyncHandler (C:\Users\premashishm\AppData\Local\Programs\Appium\resources\app\node_modules\appium\node_modules\appium-base-driver\lib\protocol\protocol.js:447:37)
    at process._tickCallback (internal/process/next_tick.js:68:7)
	at sun.reflect.NativeConstructorAccessorImpl.newInstance0(Native Method)
	at sun.reflect.NativeConstructorAccessorImpl.newInstance(NativeConstructorAccessorImpl.java:62)
	at sun.reflect.DelegatingConstructorAccessorImpl.newInstance(DelegatingConstructorAccessorImpl.java:45)
	at java.lang.reflect.Constructor.newInstance(Constructor.java:423)
	at org.openqa.selenium.remote.W3CHandshakeResponse.lambda$errorHandler$0(W3CHandshakeResponse.java:62)
	at org.openqa.selenium.remote.HandshakeResponse.lambda$getResponseFunction$0(HandshakeResponse.java:30)
	at org.openqa.selenium.remote.ProtocolHandshake.lambda$createSession$0(ProtocolHandshake.java:126)
	at java.util.stream.ReferencePipeline$3$1.accept(ReferencePipeline.java:193)
	at java.util.Spliterators$ArraySpliterator.tryAdvance(Spliterators.java:958)
	at java.util.stream.ReferencePipeline.forEachWithCancel(ReferencePipeline.java:126)
	at java.util.stream.AbstractPipeline.copyIntoWithCancel(AbstractPipeline.java:498)
	at java.util.stream.AbstractPipeline.copyInto(AbstractPipeline.java:485)
	at java.util.stream.AbstractPipeline.wrapAndCopyInto(AbstractPipeline.java:471)
	at java.util.stream.FindOps$FindOp.evaluateSequential(FindOps.java:152)
	at java.util.stream.AbstractPipeline.evaluate(AbstractPipeline.java:234)
	at java.util.stream.ReferencePipeline.findFirst(ReferencePipeline.java:464)
	at org.openqa.selenium.remote.ProtocolHandshake.createSession(ProtocolHandshake.java:128)
	at org.openqa.selenium.remote.ProtocolHandshake.createSession(ProtocolHandshake.java:74)
	at org.openqa.selenium.remote.HttpCommandExecutor.execute(HttpCommandExecutor.java:136)
	at org.openqa.selenium.remote.RemoteWebDriver.execute(RemoteWebDriver.java:552)
	at org.openqa.selenium.remote.RemoteWebDriver.startSession(RemoteWebDriver.java:213)
	at org.openqa.selenium.remote.RemoteWebDriver.<init>(RemoteWebDriver.java:131)
	at org.openqa.selenium.remote.RemoteWebDriver.<init>(RemoteWebDriver.java:144)
	at Base.Device.setDriver(Device.java:29)
	at Base.TestBaseManager.setDriver(TestBaseManager.java:36)
	at TestCases.TestAutothon.testSetUp(TestAutothon.java:45)
	at sun.reflect.NativeMethodAccessorImpl.invoke0(Native Method)
	at sun.reflect.NativeMethodAccessorImpl.invoke(NativeMethodAccessorImpl.java:62)
	at sun.reflect.DelegatingMethodAccessorImpl.invoke(DelegatingMethodAccessorImpl.java:43)
	at java.lang.reflect.Method.invoke(Method.java:498)
	at org.testng.internal.MethodInvocationHelper.invokeMethod(MethodInvocationHelper.java:124)
	at org.testng.internal.MethodInvocationHelper.invokeMethodConsideringTimeout(MethodInvocationHelper.java:59)
	at org.testng.internal.Invoker.invokeConfigurationMethod(Invoker.java:458)
	at org.testng.internal.Invoker.invokeConfigurations(Invoker.java:222)
	at org.testng.internal.Invoker.invokeConfigurations(Invoker.java:142)
	at org.testng.internal.TestMethodWorker.invokeBeforeClassMethods(TestMethodWorker.java:168)
	at org.testng.internal.TestMethodWorker.run(TestMethodWorker.java:105)
	at java.util.concurrent.ThreadPoolExecutor.runWorker(ThreadPoolExecutor.java:1149)
	at java.util.concurrent.ThreadPoolExecutor$Worker.run(ThreadPoolExecutor.java:624)
	at java.lang.Thread.run(Thread.java:748)
2019-04-24 15:41:36 INFO  Class:67 - running test for thread : MOBILECHROME with data : id nihil consequatur molestias animi provident
2019-04-24 15:41:36 INFO  Class:67 - running test for thread : MOBILECHROME with data : dolor sint quo a velit explicabo quia nam
2019-04-24 15:41:36 INFO  Class:67 - running test for thread : MOBILECHROME with data : voluptatem eligendi optio
2019-04-24 15:41:36 INFO  Class:93 - quiting browser..for threadMOBILECHROME
2019-04-24 15:43:15 INFO  InitFactory:25 - 0
2019-04-24 15:43:15 INFO  InitFactory:26 - running thread for -> MOBILECHROME : testautothon
2019-04-24 15:43:15 INFO  TestCase:75 - Running TestExecutionSetUp (before suite)
2019-04-24 15:43:18 INFO  Class:44 - set up start
2019-04-24 15:43:36 INFO  Class:67 - running test for thread : MOBILECHROME with data : id nihil consequatur molestias animi provident
2019-04-24 15:43:36 INFO  Class:69 - json pop:4
2019-04-24 15:43:36 INFO  Class:67 - running test for thread : MOBILECHROME with data : dolor sint quo a velit explicabo quia nam
2019-04-24 15:43:36 INFO  Class:69 - json pop:3
2019-04-24 15:43:36 INFO  Class:67 - running test for thread : MOBILECHROME with data : voluptatem eligendi optio
2019-04-24 15:43:36 INFO  Class:69 - json pop:2
2019-04-24 15:43:36 INFO  Class:93 - quiting browser..for threadMOBILECHROME
2019-04-24 15:43:53 INFO  InitFactory:25 - 0
2019-04-24 15:43:53 INFO  InitFactory:26 - running thread for -> MOBILECHROME : testautothon
2019-04-24 15:43:53 INFO  InitFactory:25 - 1
2019-04-24 15:43:53 INFO  InitFactory:26 - running thread for -> WEBCHROME : testautothon
2019-04-24 15:43:53 INFO  InitFactory:25 - 2
2019-04-24 15:43:53 INFO  InitFactory:26 - running thread for -> WEBCHROME : testautothon
2019-04-24 15:43:53 INFO  TestCase:75 - Running TestExecutionSetUp (before suite)
2019-04-24 15:43:55 INFO  Class:44 - set up start
2019-04-24 15:44:02 INFO  Class:44 - set up start
2019-04-24 15:44:02 INFO  Class:67 - running test for thread : WEBCHROME with data : id nihil consequatur molestias animi provident
2019-04-24 15:44:02 INFO  Class:69 - json pop:4
2019-04-24 15:44:02 INFO  Class:67 - running test for thread : WEBCHROME with data : dolor sint quo a velit explicabo quia nam
2019-04-24 15:44:02 INFO  Class:69 - json pop:3
2019-04-24 15:44:02 INFO  Class:67 - running test for thread : WEBCHROME with data : voluptatem eligendi optio
2019-04-24 15:44:02 INFO  Class:69 - json pop:2
2019-04-24 15:44:02 INFO  Class:93 - quiting browser..for threadWEBCHROME
2019-04-24 15:44:19 INFO  Class:44 - set up start
2019-04-24 15:44:19 INFO  Class:67 - running test for thread : MOBILECHROME with data : nesciunt iure omnis dolorem tempora et accusantium
2019-04-24 15:44:19 INFO  Class:69 - json pop:1
2019-04-24 15:44:19 INFO  Class:67 - running test for thread : MOBILECHROME with data : dolorem eum magni eos aperiam quia
2019-04-24 15:44:19 INFO  Class:69 - json pop:1
2019-04-24 15:44:19 INFO  Class:67 - running test for thread : MOBILECHROME with data : eum et est occaecati
2019-04-24 15:44:19 INFO  Class:69 - json pop:1
2019-04-24 15:44:19 INFO  Class:93 - quiting browser..for threadMOBILECHROME
2019-04-24 15:44:26 INFO  Class:67 - running test for thread : WEBCHROME with data : ea molestias quasi exercitationem repellat qui ipsa sit aut
2019-04-24 15:44:26 INFO  Class:69 - json pop:1
2019-04-24 15:44:26 INFO  Class:67 - running test for thread : WEBCHROME with data : qui est esse
2019-04-24 15:44:26 INFO  Class:69 - json pop:1
2019-04-24 15:44:26 INFO  Class:67 - running test for thread : WEBCHROME with data : qui est esse
2019-04-24 15:44:26 INFO  Class:69 - json pop:1
2019-04-24 15:44:26 INFO  Class:93 - quiting browser..for threadWEBCHROME
2019-04-24 15:44:48 INFO  InitFactory:25 - 0
2019-04-24 15:44:48 INFO  InitFactory:26 - running thread for -> MOBILECHROME : testautothon
2019-04-24 15:44:48 INFO  InitFactory:25 - 1
2019-04-24 15:44:48 INFO  InitFactory:26 - running thread for -> WEBCHROME : testautothon
2019-04-24 15:44:48 INFO  InitFactory:25 - 2
2019-04-24 15:44:48 INFO  InitFactory:26 - running thread for -> WEBCHROME : testautothon
2019-04-24 15:44:48 INFO  InitFactory:25 - 3
2019-04-24 15:44:48 INFO  InitFactory:26 - running thread for -> WEBCHROME : testautothon
2019-04-24 15:44:48 INFO  InitFactory:25 - 4
2019-04-24 15:44:48 INFO  InitFactory:26 - running thread for -> WEBCHROME : testautothon
2019-04-24 15:44:48 INFO  TestCase:75 - Running TestExecutionSetUp (before suite)
2019-04-24 15:44:51 INFO  Class:44 - set up start
2019-04-24 15:44:58 INFO  Class:44 - set up start
2019-04-24 15:44:58 INFO  Class:67 - running test for thread : WEBCHROME with data : id nihil consequatur molestias animi provident
2019-04-24 15:44:58 INFO  Class:69 - json pop:4
2019-04-24 15:44:58 INFO  Class:67 - running test for thread : WEBCHROME with data : dolor sint quo a velit explicabo quia nam
2019-04-24 15:44:58 INFO  Class:69 - json pop:3
2019-04-24 15:44:58 INFO  Class:67 - running test for thread : WEBCHROME with data : voluptatem eligendi optio
2019-04-24 15:44:58 INFO  Class:69 - json pop:2
2019-04-24 15:44:58 INFO  Class:93 - quiting browser..for threadWEBCHROME
2019-04-24 15:45:05 INFO  Class:44 - set up start
2019-04-24 15:45:05 INFO  Class:67 - running test for thread : WEBCHROME with data : nesciunt iure omnis dolorem tempora et accusantium
2019-04-24 15:45:05 INFO  Class:69 - json pop:1
2019-04-24 15:45:05 INFO  Class:67 - running test for thread : WEBCHROME with data : dolorem eum magni eos aperiam quia
2019-04-24 15:45:05 INFO  Class:69 - json pop:1
2019-04-24 15:45:05 INFO  Class:67 - running test for thread : WEBCHROME with data : eum et est occaecati
2019-04-24 15:45:05 INFO  Class:69 - json pop:1
2019-04-24 15:45:05 INFO  Class:93 - quiting browser..for threadWEBCHROME
2019-04-24 15:45:23 INFO  Class:44 - set up start
2019-04-24 15:45:23 INFO  Class:67 - running test for thread : MOBILECHROME with data : ea molestias quasi exercitationem repellat qui ipsa sit aut
2019-04-24 15:45:23 INFO  Class:69 - json pop:1
2019-04-24 15:45:23 INFO  Class:67 - running test for thread : MOBILECHROME with data : qui est esse
2019-04-24 15:45:24 INFO  Class:69 - json pop:1
2019-04-24 15:45:24 INFO  Class:67 - running test for thread : MOBILECHROME with data : qui est esse
2019-04-24 15:45:24 INFO  Class:69 - json pop:1
2019-04-24 15:45:24 INFO  Class:93 - quiting browser..for threadMOBILECHROME
2019-04-24 15:45:31 INFO  Class:44 - set up start
2019-04-24 15:45:31 INFO  Class:93 - quiting browser..for threadWEBCHROME
2019-04-24 15:45:37 INFO  Class:93 - quiting browser..for threadWEBCHROME
2019-04-24 16:48:01 INFO  InitFactory:25 - 0
2019-04-24 16:48:01 INFO  InitFactory:26 - running thread for -> WEBCHROME : testautothon
2019-04-24 16:48:01 INFO  InitFactory:25 - 1
2019-04-24 16:48:01 INFO  InitFactory:26 - running thread for -> WEBCHROME : testautothon
2019-04-24 16:48:01 INFO  InitFactory:25 - 2
2019-04-24 16:48:01 INFO  InitFactory:26 - running thread for -> WEBCHROME : testautothon
2019-04-24 16:48:01 INFO  InitFactory:25 - 3
2019-04-24 16:48:01 INFO  InitFactory:26 - running thread for -> WEBCHROME : testautothon
2019-04-24 16:48:01 INFO  TestCase:75 - Running TestExecutionSetUp (before suite)
2019-04-24 16:48:08 INFO  Class:44 - set up start
2019-04-24 16:48:19 INFO  Class:44 - set up start
2019-04-24 16:48:19 INFO  Class:67 - running test for thread : WEBCHROME with data : id nihil consequatur molestias animi provident
2019-04-24 16:48:19 INFO  Class:69 - json pop:4
2019-04-24 16:48:19 INFO  Class:67 - running test for thread : WEBCHROME with data : dolor sint quo a velit explicabo quia nam
2019-04-24 16:48:19 INFO  Class:69 - json pop:3
2019-04-24 16:48:19 INFO  Class:67 - running test for thread : WEBCHROME with data : voluptatem eligendi optio
2019-04-24 16:48:19 INFO  Class:69 - json pop:2
2019-04-24 16:48:19 INFO  Class:93 - quiting browser..for threadWEBCHROME
2019-04-24 16:48:27 INFO  Class:44 - set up start
2019-04-24 16:48:27 INFO  Class:67 - running test for thread : WEBCHROME with data : nesciunt iure omnis dolorem tempora et accusantium
2019-04-24 16:48:27 INFO  Class:69 - json pop:1
2019-04-24 16:48:27 INFO  Class:67 - running test for thread : WEBCHROME with data : dolorem eum magni eos aperiam quia
2019-04-24 16:48:27 INFO  Class:69 - json pop:1
2019-04-24 16:48:27 INFO  Class:67 - running test for thread : WEBCHROME with data : eum et est occaecati
2019-04-24 16:48:27 INFO  Class:69 - json pop:1
2019-04-24 16:48:27 INFO  Class:93 - quiting browser..for threadWEBCHROME
2019-04-24 16:48:34 INFO  Class:67 - running test for thread : WEBCHROME with data : ea molestias quasi exercitationem repellat qui ipsa sit aut
2019-04-24 16:48:34 INFO  Class:44 - set up start
2019-04-24 16:48:34 INFO  Class:69 - json pop:1
2019-04-24 16:48:34 INFO  Class:67 - running test for thread : WEBCHROME with data : qui est esse
2019-04-24 16:48:34 INFO  Class:69 - json pop:1
2019-04-24 16:48:34 INFO  Class:67 - running test for thread : WEBCHROME with data : qui est esse
2019-04-24 16:48:34 INFO  Class:69 - json pop:1
2019-04-24 16:48:34 INFO  Class:93 - quiting browser..for threadWEBCHROME
2019-04-24 16:48:42 INFO  Class:93 - quiting browser..for threadWEBCHROME
2019-04-24 21:31:58 INFO  InitFactory:25 - 0
2019-04-24 21:31:58 INFO  InitFactory:26 - running thread for -> WEBCHROME : testautothon
2019-04-24 21:31:58 INFO  InitFactory:25 - 1
2019-04-24 21:31:58 INFO  InitFactory:26 - running thread for -> WEBCHROME : testautothon
2019-04-24 21:31:58 INFO  TestCase:75 - Running TestExecutionSetUp (before suite)
2019-04-24 21:32:01 INFO  Class:44 - set up start
2019-04-24 21:32:08 INFO  Class:44 - set up start
2019-04-24 21:32:08 INFO  Class:67 - running test for thread : WEBCHROME with data : id nihil consequatur molestias animi provident
2019-04-24 21:32:08 INFO  Class:69 - json pop:4
2019-04-24 21:32:08 INFO  Class:67 - running test for thread : WEBCHROME with data : dolor sint quo a velit explicabo quia nam
2019-04-24 21:32:08 INFO  Class:69 - json pop:3
2019-04-24 21:32:08 INFO  Class:93 - quiting browser..for threadWEBCHROME
2019-04-24 21:32:15 INFO  Class:67 - running test for thread : WEBCHROME with data : voluptatem eligendi optio
2019-04-24 21:32:15 INFO  Class:69 - json pop:2
2019-04-24 21:32:15 INFO  Class:67 - running test for thread : WEBCHROME with data : nesciunt iure omnis dolorem tempora et accusantium
2019-04-24 21:32:15 INFO  Class:69 - json pop:1
2019-04-24 21:32:15 INFO  Class:93 - quiting browser..for threadWEBCHROME
2019-04-24 21:37:24 INFO  InitFactory:25 - 0
2019-04-24 21:37:24 INFO  InitFactory:26 - running thread for -> WEBCHROME : testautothon
2019-04-24 21:37:24 INFO  InitFactory:25 - 1
2019-04-24 21:37:24 INFO  InitFactory:26 - running thread for -> WEBCHROME : testautothon
2019-04-24 21:37:24 INFO  TestCase:75 - Running TestExecutionSetUp (before suite)
2019-04-24 21:37:27 INFO  Class:44 - set up start
2019-04-24 21:37:35 INFO  Class:44 - set up start
2019-04-24 21:37:35 INFO  Class:67 - running test for thread : WEBCHROME with data : dolor sint quo a velit explicabo quia nam
2019-04-24 21:37:35 INFO  Class:67 - running test for thread : WEBCHROME with data : id nihil consequatur molestias animi provident
2019-04-24 21:37:35 INFO  Class:69 - json pop:4
2019-04-24 21:37:35 INFO  Class:69 - json pop:3
2019-04-24 21:37:35 INFO  Class:93 - quiting browser..for threadWEBCHROME
2019-04-24 21:37:43 INFO  Class:67 - running test for thread : WEBCHROME with data : voluptatem eligendi optio
2019-04-24 21:37:43 INFO  Class:67 - running test for thread : WEBCHROME with data : nesciunt iure omnis dolorem tempora et accusantium
2019-04-24 21:37:43 INFO  Class:69 - json pop:2
2019-04-24 21:37:43 INFO  Class:69 - json pop:1
2019-04-24 21:37:43 INFO  Class:93 - quiting browser..for threadWEBCHROME
2019-04-24 21:38:55 INFO  InitFactory:25 - 0
2019-04-24 21:38:55 INFO  InitFactory:26 - running thread for -> WEBCHROME : testautothon
2019-04-24 21:38:55 INFO  InitFactory:25 - 1
2019-04-24 21:38:55 INFO  InitFactory:26 - running thread for -> WEBCHROME : testautothon
2019-04-24 21:38:55 INFO  TestCase:75 - Running TestExecutionSetUp (before suite)
2019-04-24 21:38:57 INFO  Class:44 - set up start
2019-04-24 21:39:04 INFO  Class:67 - running test for thread : WEBCHROME with data : id nihil consequatur molestias animi provident
2019-04-24 21:39:04 INFO  Class:69 - json pop:4
2019-04-24 21:39:04 INFO  Class:67 - running test for thread : WEBCHROME with data : dolor sint quo a velit explicabo quia nam
2019-04-24 21:39:04 INFO  Class:69 - json pop:3
2019-04-24 21:39:04 INFO  Class:93 - quiting browser..for threadWEBCHROME
2019-04-24 21:39:05 INFO  Class:44 - set up start
2019-04-24 21:39:12 INFO  Class:67 - running test for thread : WEBCHROME with data : voluptatem eligendi optio
2019-04-24 21:39:12 INFO  Class:69 - json pop:2
2019-04-24 21:39:12 INFO  Class:67 - running test for thread : WEBCHROME with data : nesciunt iure omnis dolorem tempora et accusantium
2019-04-24 21:39:12 INFO  Class:69 - json pop:1
2019-04-24 21:39:12 INFO  Class:93 - quiting browser..for threadWEBCHROME
2019-04-24 21:39:44 INFO  InitFactory:25 - 0
2019-04-24 21:39:44 INFO  InitFactory:26 - running thread for -> WEBCHROME : testautothon
2019-04-24 21:39:44 INFO  TestCase:75 - Running TestExecutionSetUp (before suite)
2019-04-24 21:39:47 INFO  Class:44 - set up start
2019-04-24 21:40:03 INFO  InitFactory:25 - 0
2019-04-24 21:40:03 INFO  InitFactory:26 - running thread for -> WEBCHROME : testautothon
2019-04-24 21:40:03 INFO  InitFactory:25 - 1
2019-04-24 21:40:03 INFO  InitFactory:26 - running thread for -> WEBCHROME : testautothon
2019-04-24 21:40:03 INFO  TestCase:75 - Running TestExecutionSetUp (before suite)
2019-04-24 21:40:05 INFO  Class:44 - set up start
2019-04-24 21:40:12 INFO  Class:44 - set up start
2019-04-24 21:40:12 INFO  Class:67 - running test for thread : WEBCHROME with data : id nihil consequatur molestias animi provident
2019-04-24 21:40:12 INFO  Class:69 - json pop:4
2019-04-24 21:40:12 INFO  Class:67 - running test for thread : WEBCHROME with data : dolor sint quo a velit explicabo quia nam
2019-04-24 21:40:12 INFO  Class:69 - json pop:3
2019-04-24 21:40:12 INFO  Class:93 - quiting browser..for threadWEBCHROME
2019-04-24 21:40:19 INFO  Class:67 - running test for thread : WEBCHROME with data : voluptatem eligendi optio
2019-04-24 21:40:19 INFO  Class:69 - json pop:2
2019-04-24 21:40:19 INFO  Class:67 - running test for thread : WEBCHROME with data : nesciunt iure omnis dolorem tempora et accusantium
2019-04-24 21:40:19 INFO  Class:69 - json pop:1
2019-04-24 21:40:19 INFO  Class:93 - quiting browser..for threadWEBCHROME
2019-04-25 19:49:32 INFO  InitFactory:25 - 0
2019-04-25 19:49:32 INFO  InitFactory:26 - running thread for -> WEBCHROME : Autothon19
2019-04-25 19:49:32 INFO  TestCase:138 - Running TestExecutionSetUp (before suite)
2019-04-25 19:49:38 INFO  Class:44 - 9
2019-04-25 19:49:38 INFO  Class:45 - 9
2019-04-25 19:55:24 INFO  InitFactory:25 - 0
2019-04-25 19:55:24 INFO  InitFactory:26 - running thread for -> WEBCHROME : Autothon19
2019-04-25 19:55:24 INFO  TestCase:135 - Running TestExecutionSetUp (before suite)
2019-04-25 19:55:31 INFO  Class:44 - 9
2019-04-25 19:55:31 INFO  Class:45 - 9
2019-04-25 19:55:31 INFO  Class:46 - [DSTC2019, Testing, Bengaluru, TestAutothon2019, Conference, Testers, Contest, Workshop, Hackathon, STEPINSUMMIT2019]
2019-04-25 19:56:56 INFO  InitFactory:25 - 0
2019-04-25 19:56:56 INFO  InitFactory:26 - running thread for -> WEBCHROME : Autothon19
2019-04-25 19:56:56 INFO  TestCase:135 - Running TestExecutionSetUp (before suite)
2019-04-25 19:57:03 INFO  Class:44 - 9
2019-04-25 19:57:03 INFO  Class:45 - 9
2019-04-25 19:57:03 INFO  Class:46 - [DSTC2019, Testing, Bengaluru, TestAutothon2019, Conference, Testers, Contest, Workshop, Hackathon, STEPINSUMMIT2019]
2019-04-25 20:05:11 INFO  InitFactory:25 - 0
2019-04-25 20:05:11 INFO  InitFactory:26 - running thread for -> WEBCHROME : Autothon19
2019-04-25 20:05:11 INFO  TestCase:135 - Running TestExecutionSetUp (before suite)
2019-04-25 20:05:15 INFO  Class:44 - 9
2019-04-25 20:05:15 INFO  Class:45 - 9
2019-04-25 20:05:15 INFO  Class:46 - [DSTC2019, Testing, Bengaluru, TestAutothon2019, Conference, Testers, Contest, Workshop, Hackathon, STEPINSUMMIT2019]
2019-04-25 20:06:32 INFO  InitFactory:25 - 0
2019-04-25 20:06:32 INFO  InitFactory:26 - running thread for -> WEBCHROME : Autothon19
2019-04-25 20:06:32 INFO  TestCase:135 - Running TestExecutionSetUp (before suite)
2019-04-25 20:06:36 INFO  Class:44 - 9
2019-04-25 20:06:36 INFO  Class:45 - 9
2019-04-25 20:06:36 INFO  Class:46 - [DSTC2019, Testing, Bengaluru, TestAutothon2019, Conference, Testers, Contest, Workshop, Hackathon, STEPINSUMMIT2019]
2019-04-25 20:08:52 INFO  InitFactory:25 - 0
2019-04-25 20:08:52 INFO  InitFactory:26 - running thread for -> WEBCHROME : Autothon19
2019-04-25 20:08:52 INFO  TestCase:135 - Running TestExecutionSetUp (before suite)
2019-04-25 20:08:56 INFO  Class:45 - 9
2019-04-25 20:08:56 INFO  Class:46 - 9
2019-04-25 20:08:56 INFO  Class:47 - [DSTC2019, Testing, Bengaluru, TestAutothon2019, Conference, Testers, Contest, Workshop, Hackathon, STEPINSUMMIT2019]
2019-04-25 20:09:20 INFO  InitFactory:25 - 0
2019-04-25 20:09:20 INFO  InitFactory:26 - running thread for -> WEBCHROME : Autothon19
2019-04-25 20:09:20 INFO  TestCase:135 - Running TestExecutionSetUp (before suite)
2019-04-25 20:09:24 INFO  Class:45 - 9
2019-04-25 20:09:24 INFO  Class:46 - 9
2019-04-25 20:09:24 INFO  Class:47 - [DSTC2019, Testing, Bengaluru, TestAutothon2019, Conference, Testers, Contest, Workshop, Hackathon, STEPINSUMMIT2019]
2019-04-25 20:09:53 INFO  InitFactory:25 - 0
2019-04-25 20:09:53 INFO  InitFactory:26 - running thread for -> WEBCHROME : Autothon19
2019-04-25 20:09:53 INFO  TestCase:135 - Running TestExecutionSetUp (before suite)
2019-04-25 20:09:57 INFO  Class:45 - 9
2019-04-25 20:09:57 INFO  Class:46 - 9
2019-04-25 20:09:57 INFO  Class:47 - [DSTC2019, Testing, Bengaluru, TestAutothon2019, Conference, Testers, Contest, Workshop, Hackathon, STEPINSUMMIT2019]
2019-04-25 20:10:37 INFO  InitFactory:25 - 0
2019-04-25 20:10:37 INFO  InitFactory:26 - running thread for -> WEBCHROME : Autothon19
2019-04-25 20:10:37 INFO  TestCase:135 - Running TestExecutionSetUp (before suite)
2019-04-25 20:10:41 INFO  Class:45 - 9
2019-04-25 20:10:41 INFO  Class:46 - 9
2019-04-25 20:10:41 INFO  Class:47 - [DSTC2019, Testing, Bengaluru, TestAutothon2019, Conference, Testers, Contest, Workshop, Hackathon, STEPINSUMMIT2019]
2019-04-25 20:14:55 INFO  InitFactory:25 - 0
2019-04-25 20:14:55 INFO  InitFactory:26 - running thread for -> WEBCHROME : Autothon19
2019-04-25 20:14:55 INFO  TestCase:135 - Running TestExecutionSetUp (before suite)
2019-04-25 20:14:59 INFO  Class:45 - 9
2019-04-25 20:14:59 INFO  Class:46 - 9
2019-04-25 20:14:59 INFO  Class:47 - [DSTC2019, Testing, Bengaluru, TestAutothon2019, Conference, Testers, Contest, Workshop, Hackathon, STEPINSUMMIT2019]
2019-04-25 20:16:04 INFO  InitFactory:25 - 0
2019-04-25 20:16:04 INFO  InitFactory:26 - running thread for -> WEBCHROME : Autothon19
2019-04-25 20:16:04 INFO  TestCase:135 - Running TestExecutionSetUp (before suite)
2019-04-25 20:16:08 INFO  Class:45 - 9
2019-04-25 20:16:08 INFO  Class:46 - 9
2019-04-25 20:16:08 INFO  Class:47 - [DSTC2019, Testing, Bengaluru, TestAutothon2019, Conference, Testers, Contest, Workshop, Hackathon, STEPINSUMMIT2019]
2019-04-25 20:17:25 INFO  InitFactory:25 - 0
2019-04-25 20:17:25 INFO  InitFactory:26 - running thread for -> WEBCHROME : Autothon19
2019-04-25 20:17:25 INFO  TestCase:135 - Running TestExecutionSetUp (before suite)
2019-04-25 20:17:28 INFO  Class:45 - 9
2019-04-25 20:17:28 INFO  Class:46 - 9
2019-04-25 20:17:28 INFO  Class:47 - [DSTC2019, Testing, Bengaluru, TestAutothon2019, Conference, Testers, Contest, Workshop, Hackathon, STEPINSUMMIT2019]
2019-04-25 20:26:49 INFO  InitFactory:25 - 0
2019-04-25 20:26:49 INFO  InitFactory:26 - running thread for -> WEBCHROME : Autothon19
2019-04-25 20:26:49 INFO  TestCase:135 - Running TestExecutionSetUp (before suite)
2019-04-25 20:26:53 INFO  Class:45 - 9
2019-04-25 20:26:53 INFO  Class:46 - 9
2019-04-25 20:26:53 INFO  Class:47 - [DSTC2019, Testing, Bengaluru, TestAutothon2019, Conference, Testers, Contest, Workshop, Hackathon, STEPINSUMMIT2019]
2019-04-25 21:50:48 INFO  InitFactory:25 - 0
2019-04-25 21:50:48 INFO  InitFactory:26 - running thread for -> WEBCHROME : Autothon19
2019-04-25 21:50:48 INFO  TestCase:135 - Running TestExecutionSetUp (before suite)
2019-04-25 21:50:51 INFO  Class:54 - 9
2019-04-25 21:50:51 INFO  Class:55 - 9
2019-04-25 21:50:51 INFO  Class:56 - [DSTC2019, Testing, Bengaluru, TestAutothon2019, Conference, Testers, Contest, Workshop, Hackathon, STEPINSUMMIT2019]
2019-04-25 21:54:47 INFO  InitFactory:25 - 0
2019-04-25 21:54:47 INFO  InitFactory:26 - running thread for -> WEBCHROME : Autothon19
2019-04-25 21:54:47 INFO  TestCase:135 - Running TestExecutionSetUp (before suite)
2019-04-25 21:54:51 INFO  Class:54 - 9
2019-04-25 21:54:51 INFO  Class:55 - 9
2019-04-25 21:54:51 INFO  Class:56 - [DSTC2019, Testing, Bengaluru, TestAutothon2019, Conference, Testers, Contest, Workshop, Hackathon, STEPINSUMMIT2019]
2019-04-25 21:55:11 INFO  HtmlReporter:158 - Open Test Results: null\testHtmlReport_Run Test Execution via factory design patten Suites A_04252019_215450.html
2019-04-25 21:58:52 INFO  InitFactory:25 - 0
2019-04-25 21:58:52 INFO  InitFactory:26 - running thread for -> WEBCHROME : Autothon19
2019-04-25 21:58:53 INFO  TestCase:135 - Running TestExecutionSetUp (before suite)
2019-04-25 21:58:56 INFO  Class:54 - 9
2019-04-25 21:58:56 INFO  Class:55 - 9
2019-04-25 21:58:56 INFO  Class:56 - [DSTC2019, Testing, Bengaluru, TestAutothon2019, Conference, Testers, Contest, Workshop, Hackathon, STEPINSUMMIT2019]
2019-04-25 21:59:18 INFO  HtmlReporter:158 - Open Test Results: null\testHtmlReport_Run Test Execution via factory design patten Suites A_04252019_215856.html
2019-04-25 22:57:41 INFO  InitFactory:25 - 0
2019-04-25 22:57:41 INFO  InitFactory:26 - running thread for -> WEBCHROME : Autothon19
2019-04-25 22:57:42 INFO  TestCase:135 - Running TestExecutionSetUp (before suite)
2019-04-25 22:57:46 INFO  Class:54 - 9
2019-04-25 22:57:46 INFO  Class:55 - 9
2019-04-25 22:57:46 INFO  Class:56 - [DSTC2019, Testing, Bengaluru, TestAutothon2019, Conference, Testers, Contest, Workshop, Hackathon, STEPINSUMMIT2019]
2019-04-25 22:58:06 INFO  HtmlReporter:158 - Open Test Results: null\testHtmlReport_Run Test Execution via factory design patten Suites A_04252019_225745.html
2019-04-25 22:59:54 INFO  InitFactory:25 - 0
2019-04-25 22:59:54 INFO  InitFactory:26 - running thread for -> WEBCHROME : Autothon19
2019-04-25 22:59:54 INFO  TestCase:135 - Running TestExecutionSetUp (before suite)
2019-04-25 22:59:58 INFO  Class:54 - 9
2019-04-25 22:59:58 INFO  Class:55 - 9
2019-04-25 22:59:58 INFO  Class:56 - [DSTC2019, Testing, Bengaluru, TestAutothon2019, Conference, Testers, Contest, Workshop, Hackathon, STEPINSUMMIT2019]
2019-04-25 23:00:19 INFO  HtmlReporter:158 - Open Test Results: null\testHtmlReport_Run Test Execution via factory design patten Suites A_04252019_225958.html
2019-04-25 23:03:27 INFO  InitFactory:25 - 0
2019-04-25 23:03:27 INFO  InitFactory:26 - running thread for -> WEBCHROME : Autothon19
2019-04-25 23:03:27 INFO  TestCase:135 - Running TestExecutionSetUp (before suite)
2019-04-25 23:03:31 INFO  Class:54 - 9
2019-04-25 23:03:31 INFO  Class:55 - 9
2019-04-25 23:03:31 INFO  Class:56 - [DSTC2019, Testing, Bengaluru, TestAutothon2019, Conference, Testers, Contest, Workshop, Hackathon, STEPINSUMMIT2019]
2019-04-25 23:03:50 INFO  HtmlReporter:158 - Open Test Results: null\testHtmlReport_Run Test Execution via factory design patten Suites A_04252019_230330.html
2019-04-25 23:17:20 INFO  InitFactory:25 - 0
2019-04-25 23:17:20 INFO  InitFactory:26 - running thread for -> WEBCHROME : Autothon19
2019-04-25 23:17:20 INFO  TestCase:135 - Running TestExecutionSetUp (before suite)
2019-04-25 23:17:24 INFO  Class:54 - 9
2019-04-25 23:17:24 INFO  Class:55 - 9
2019-04-25 23:17:24 INFO  Class:56 - [DSTC2019, Testing, Bengaluru, TestAutothon2019, Conference, Testers, Contest, Workshop, Hackathon, STEPINSUMMIT2019]
2019-04-25 23:17:43 INFO  HtmlReporter:158 - Open Test Results: null\testHtmlReport_Run Test Execution via factory design patten Suites A_04252019_231723.html
2019-04-25 23:27:24 INFO  InitFactory:25 - 0
2019-04-25 23:27:24 INFO  InitFactory:26 - running thread for -> WEBCHROME : Autothon19
2019-04-25 23:27:24 INFO  TestCase:135 - Running TestExecutionSetUp (before suite)
2019-04-25 23:27:27 INFO  Class:54 - 9
2019-04-25 23:27:27 INFO  Class:55 - 9
2019-04-25 23:27:27 INFO  Class:56 - [DSTC2019, Testing, Bengaluru, TestAutothon2019, Conference, Testers, Contest, Workshop, Hackathon, STEPINSUMMIT2019]
2019-04-25 23:27:49 INFO  HtmlReporter:158 - Open Test Results: null\testHtmlReport_Run Test Execution via factory design patten Suites A_04252019_232726.html
2019-04-25 23:30:46 INFO  InitFactory:25 - 0
2019-04-25 23:30:46 INFO  InitFactory:26 - running thread for -> WEBCHROME : Autothon19
2019-04-25 23:30:46 INFO  TestCase:135 - Running TestExecutionSetUp (before suite)
2019-04-25 23:30:50 INFO  Class:54 - 9
2019-04-25 23:30:50 INFO  Class:55 - 9
2019-04-25 23:30:50 INFO  Class:56 - [DSTC2019, Testing, Bengaluru, TestAutothon2019, Conference, Testers, Contest, Workshop, Hackathon, STEPINSUMMIT2019]
2019-04-25 23:31:24 INFO  InitFactory:25 - 0
2019-04-25 23:31:24 INFO  InitFactory:26 - running thread for -> WEBCHROME : Autothon19
2019-04-25 23:31:25 INFO  TestCase:135 - Running TestExecutionSetUp (before suite)
2019-04-25 23:31:28 INFO  Class:54 - 9
2019-04-25 23:31:28 INFO  Class:55 - 9
2019-04-25 23:31:28 INFO  Class:56 - [DSTC2019, Testing, Bengaluru, TestAutothon2019, Conference, Testers, Contest, Workshop, Hackathon, STEPINSUMMIT2019]
2019-04-25 23:31:48 INFO  HtmlReporter:158 - Open Test Results: null\testHtmlReport_Run Test Execution via factory design patten Suites A_04252019_233128.html
2019-04-25 23:34:37 INFO  InitFactory:25 - 0
2019-04-25 23:34:37 INFO  InitFactory:26 - running thread for -> WEBCHROME : Autothon19
2019-04-25 23:34:37 INFO  TestCase:135 - Running TestExecutionSetUp (before suite)
2019-04-25 23:34:40 INFO  Class:54 - 9
2019-04-25 23:34:40 INFO  Class:55 - 9
2019-04-25 23:34:40 INFO  Class:56 - [DSTC2019, Testing, Bengaluru, TestAutothon2019, Conference, Testers, Contest, Workshop, Hackathon, STEPINSUMMIT2019]
2019-04-25 23:35:01 INFO  HtmlReporter:158 - Open Test Results: null\testHtmlReport_Run Test Execution via factory design patten Suites A_04252019_233437.html
2019-04-25 23:37:19 INFO  InitFactory:25 - 0
2019-04-25 23:37:19 INFO  InitFactory:26 - running thread for -> WEBCHROME : Autothon19
2019-04-25 23:37:19 INFO  TestCase:135 - Running TestExecutionSetUp (before suite)
2019-04-25 23:37:22 INFO  Class:54 - 9
2019-04-25 23:37:22 INFO  Class:55 - 9
2019-04-25 23:37:22 INFO  Class:56 - [DSTC2019, Testing, Bengaluru, TestAutothon2019, Conference, Testers, Contest, Workshop, Hackathon, STEPINSUMMIT2019]
2019-04-25 23:37:43 INFO  HtmlReporter:158 - Open Test Results: null\testHtmlReport_Run Test Execution via factory design patten Suites A_04252019_233719.html
2019-04-26 00:12:53 INFO  InitFactory:25 - 0
2019-04-26 00:12:53 INFO  InitFactory:26 - running thread for -> WEBCHROME : Autothon19
2019-04-26 00:12:53 INFO  TestCase:135 - Running TestExecutionSetUp (before suite)
2019-04-26 00:12:56 INFO  Class:55 - 9
2019-04-26 00:12:56 INFO  Class:56 - 9
2019-04-26 00:12:56 INFO  Class:57 - [DSTC2019, Testing, Bengaluru, TestAutothon2019, Conference, Testers, Contest, Workshop, Hackathon, STEPINSUMMIT2019]
2019-04-26 00:13:16 INFO  HtmlReporter:158 - Open Test Results: null\testHtmlReport_Run Test Execution via factory design patten Suites A_04262019_001253.html
2019-04-26 00:18:10 INFO  InitFactory:25 - 0
2019-04-26 00:18:10 INFO  InitFactory:26 - running thread for -> WEBCHROME : Autothon19
2019-04-26 00:18:11 INFO  TestCase:135 - Running TestExecutionSetUp (before suite)
2019-04-26 00:18:14 INFO  Class:58 - 9
2019-04-26 00:18:14 INFO  Class:59 - 9
2019-04-26 00:18:14 INFO  Class:60 - [DSTC2019, Testing, Bengaluru, TestAutothon2019, Conference, Testers, Contest, Workshop, Hackathon, STEPINSUMMIT2019]
2019-04-26 00:18:37 INFO  HtmlReporter:158 - Open Test Results: null\testHtmlReport_Run Test Execution via factory design patten Suites A_04262019_001811.html
2019-04-26 00:24:44 INFO  InitFactory:25 - 0
2019-04-26 00:24:44 INFO  InitFactory:26 - running thread for -> WEBCHROME : Autothon19
2019-04-26 00:24:44 INFO  TestCase:135 - Running TestExecutionSetUp (before suite)
2019-04-26 00:24:47 INFO  Class:58 - 9
2019-04-26 00:24:47 INFO  Class:59 - 9
2019-04-26 00:24:47 INFO  Class:60 - [DSTC2019, Testing, Bengaluru, TestAutothon2019, Conference, Testers, Contest, Workshop, Hackathon, STEPINSUMMIT2019]
2019-04-26 00:25:06 INFO  HtmlReporter:158 - Open Test Results: null\testHtmlReport_Run Test Execution via factory design patten Suites A_04262019_002444.html
2019-04-26 00:32:21 INFO  InitFactory:25 - 0
2019-04-26 00:32:21 INFO  InitFactory:26 - running thread for -> WEBCHROME : Autothon19
2019-04-26 00:32:22 INFO  TestCase:135 - Running TestExecutionSetUp (before suite)
2019-04-26 00:32:25 INFO  Class:58 - 9
2019-04-26 00:32:25 INFO  Class:59 - 9
2019-04-26 00:32:25 INFO  Class:60 - [DSTC2019, Testing, Bengaluru, TestAutothon2019, Conference, Testers, Contest, Workshop, Hackathon, STEPINSUMMIT2019]
2019-04-26 00:32:42 INFO  HtmlReporter:158 - Open Test Results: null\testHtmlReport_Run Test Execution via factory design patten Suites A_04262019_003222.html
2019-04-26 01:07:28 INFO  InitFactory:25 - 0
2019-04-26 01:07:28 INFO  InitFactory:26 - running thread for -> WEBCHROME : Autothon19
2019-04-26 01:07:28 INFO  TestCase:135 - Running TestExecutionSetUp (before suite)
2019-04-26 01:07:31 INFO  Class:58 - 9
2019-04-26 01:07:31 INFO  Class:59 - 9
2019-04-26 01:07:31 INFO  Class:60 - [DSTC2019, Testing, Bengaluru, TestAutothon2019, Conference, Testers, Contest, Workshop, Hackathon, STEPINSUMMIT2019]
2019-04-26 01:07:39 INFO  HtmlReporter:158 - Open Test Results: null\testHtmlReport_Run Test Execution via factory design patten Suites A_04262019_010728.html
2019-04-26 01:08:41 INFO  InitFactory:25 - 0
2019-04-26 01:08:41 INFO  InitFactory:26 - running thread for -> WEBCHROME : Autothon19
2019-04-26 01:08:41 INFO  TestCase:135 - Running TestExecutionSetUp (before suite)
2019-04-26 01:08:44 INFO  Class:58 - 9
2019-04-26 01:08:44 INFO  Class:59 - 9
2019-04-26 01:08:44 INFO  Class:60 - [DSTC2019, Testing, Bengaluru, TestAutothon2019, Conference, Testers, Contest, Workshop, Hackathon, STEPINSUMMIT2019]
2019-04-26 01:08:53 INFO  HtmlReporter:158 - Open Test Results: null\testHtmlReport_Run Test Execution via factory design patten Suites A_04262019_010841.html
2019-04-26 01:10:21 INFO  InitFactory:25 - 0
2019-04-26 01:10:21 INFO  InitFactory:26 - running thread for -> WEBCHROME : Autothon19
2019-04-26 01:10:21 INFO  TestCase:135 - Running TestExecutionSetUp (before suite)
2019-04-26 01:10:24 INFO  Class:58 - 9
2019-04-26 01:10:24 INFO  Class:59 - 9
2019-04-26 01:10:24 INFO  Class:60 - [DSTC2019, Testing, Bengaluru, TestAutothon2019, Conference, Testers, Contest, Workshop, Hackathon, STEPINSUMMIT2019]
2019-04-26 01:10:47 INFO  HtmlReporter:158 - Open Test Results: null\testHtmlReport_Run Test Execution via factory design patten Suites A_04262019_011021.html
2019-04-26 01:11:20 INFO  InitFactory:25 - 0
2019-04-26 01:11:20 INFO  InitFactory:26 - running thread for -> WEBCHROME : Autothon19
2019-04-26 01:11:21 INFO  TestCase:135 - Running TestExecutionSetUp (before suite)
2019-04-26 01:11:23 INFO  Class:58 - 9
2019-04-26 01:11:23 INFO  Class:59 - 9
2019-04-26 01:11:23 INFO  Class:60 - [DSTC2019, Testing, Bengaluru, TestAutothon2019, Conference, Testers, Contest, Workshop, Hackathon, STEPINSUMMIT2019]
2019-04-26 01:11:51 INFO  HtmlReporter:158 - Open Test Results: null\testHtmlReport_Run Test Execution via factory design patten Suites A_04262019_011121.html
2019-04-26 01:16:50 INFO  InitFactory:25 - 0
2019-04-26 01:16:50 INFO  InitFactory:26 - running thread for -> WEBCHROME : Autothon19
2019-04-26 01:16:50 INFO  TestCase:135 - Running TestExecutionSetUp (before suite)
2019-04-26 01:16:56 INFO  Class:63 - 9
2019-04-26 01:16:56 INFO  Class:64 - 9
2019-04-26 01:16:56 INFO  Class:65 - [DSTC2019, Testing, Bengaluru, TestAutothon2019, Conference, Testers, Contest, Workshop, Hackathon, STEPINSUMMIT2019]
2019-04-26 01:17:15 INFO  HtmlReporter:158 - Open Test Results: null\testHtmlReport_Run Test Execution via factory design patten Suites A_04262019_011650.html
2019-04-26 01:17:58 INFO  InitFactory:25 - 0
2019-04-26 01:17:58 INFO  InitFactory:26 - running thread for -> WEBCHROME : Autothon19
2019-04-26 01:17:58 INFO  TestCase:135 - Running TestExecutionSetUp (before suite)
2019-04-26 01:18:04 INFO  Class:63 - 9
2019-04-26 01:18:04 INFO  Class:64 - 9
2019-04-26 01:18:04 INFO  Class:65 - [DSTC2019, Testing, Bengaluru, TestAutothon2019, Conference, Testers, Contest, Workshop, Hackathon, STEPINSUMMIT2019]
2019-04-26 01:18:14 INFO  HtmlReporter:158 - Open Test Results: null\testHtmlReport_Run Test Execution via factory design patten Suites A_04262019_011758.html
2019-04-26 01:18:21 INFO  InitFactory:25 - 0
2019-04-26 01:18:21 INFO  InitFactory:26 - running thread for -> WEBCHROME : Autothon19
2019-04-26 01:18:21 INFO  TestCase:135 - Running TestExecutionSetUp (before suite)
2019-04-26 01:18:27 INFO  Class:63 - 9
2019-04-26 01:18:27 INFO  Class:64 - 9
2019-04-26 01:18:27 INFO  Class:65 - [DSTC2019, Testing, Bengaluru, TestAutothon2019, Conference, Testers, Contest, Workshop, Hackathon, STEPINSUMMIT2019]
2019-04-26 01:19:26 INFO  InitFactory:25 - 0
2019-04-26 01:19:26 INFO  InitFactory:26 - running thread for -> WEBCHROME : Autothon19
2019-04-26 01:19:27 INFO  TestCase:135 - Running TestExecutionSetUp (before suite)
2019-04-26 01:19:30 INFO  Class:58 - 9
2019-04-26 01:19:30 INFO  Class:59 - 9
2019-04-26 01:19:30 INFO  Class:60 - [DSTC2019, Testing, Bengaluru, TestAutothon2019, Conference, Testers, Contest, Workshop, Hackathon, STEPINSUMMIT2019]
2019-04-26 01:19:56 INFO  HtmlReporter:158 - Open Test Results: null\testHtmlReport_Run Test Execution via factory design patten Suites A_04262019_011927.html
2019-04-26 01:21:56 INFO  InitFactory:25 - 0
2019-04-26 01:21:56 INFO  InitFactory:26 - running thread for -> WEBCHROME : Autothon19
2019-04-26 01:21:56 INFO  TestCase:135 - Running TestExecutionSetUp (before suite)
2019-04-26 01:21:59 INFO  Class:58 - 9
2019-04-26 01:21:59 INFO  Class:59 - 9
2019-04-26 01:21:59 INFO  Class:60 - [DSTC2019, Testing, Bengaluru, TestAutothon2019, Conference, Testers, Contest, Workshop, Hackathon, STEPINSUMMIT2019]
2019-04-26 01:22:20 INFO  HtmlReporter:158 - Open Test Results: null\testHtmlReport_Run Test Execution via factory design patten Suites A_04262019_012156.html
2019-04-26 01:22:42 INFO  InitFactory:25 - 0
2019-04-26 01:22:42 INFO  InitFactory:26 - running thread for -> WEBCHROME : Autothon19
2019-04-26 01:22:43 INFO  TestCase:135 - Running TestExecutionSetUp (before suite)
2019-04-26 01:22:45 INFO  Class:58 - 9
2019-04-26 01:22:45 INFO  Class:59 - 9
2019-04-26 01:22:45 INFO  Class:60 - [DSTC2019, Testing, Bengaluru, TestAutothon2019, Conference, Testers, Contest, Workshop, Hackathon, STEPINSUMMIT2019]
2019-04-26 01:23:07 INFO  HtmlReporter:158 - Open Test Results: null\testHtmlReport_Run Test Execution via factory design patten Suites A_04262019_012243.html
2019-04-26 01:23:59 INFO  InitFactory:25 - 0
2019-04-26 01:23:59 INFO  InitFactory:26 - running thread for -> WEBCHROME : Autothon19
2019-04-26 01:23:59 INFO  TestCase:135 - Running TestExecutionSetUp (before suite)
2019-04-26 01:24:02 INFO  Class:58 - 9
2019-04-26 01:24:02 INFO  Class:59 - 9
2019-04-26 01:24:02 INFO  Class:60 - [DSTC2019, Testing, Bengaluru, TestAutothon2019, Conference, Testers, Contest, Workshop, Hackathon, STEPINSUMMIT2019]
2019-04-26 01:24:24 INFO  HtmlReporter:158 - Open Test Results: null\testHtmlReport_Run Test Execution via factory design patten Suites A_04262019_012359.html
2019-04-26 01:25:42 INFO  InitFactory:25 - 0
2019-04-26 01:25:42 INFO  InitFactory:26 - running thread for -> WEBCHROME : Autothon19
2019-04-26 01:25:42 INFO  TestCase:135 - Running TestExecutionSetUp (before suite)
2019-04-26 01:25:45 INFO  Class:58 - 9
2019-04-26 01:25:45 INFO  Class:59 - 9
2019-04-26 01:25:45 INFO  Class:60 - [DSTC2019, Testing, Bengaluru, TestAutothon2019, Conference, Testers, Contest, Workshop, Hackathon, STEPINSUMMIT2019]
2019-04-26 01:26:08 INFO  HtmlReporter:158 - Open Test Results: null\testHtmlReport_Run Test Execution via factory design patten Suites A_04262019_012542.html
2019-04-26 01:28:31 INFO  InitFactory:25 - 0
2019-04-26 01:28:31 INFO  InitFactory:26 - running thread for -> WEBCHROME : Autothon19
2019-04-26 01:28:31 INFO  TestCase:135 - Running TestExecutionSetUp (before suite)
2019-04-26 01:28:34 INFO  Class:58 - 9
2019-04-26 01:28:34 INFO  Class:59 - 9
2019-04-26 01:28:34 INFO  Class:60 - [DSTC2019, Testing, Bengaluru, TestAutothon2019, Conference, Testers, Contest, Workshop, Hackathon, STEPINSUMMIT2019]
2019-04-26 01:28:56 INFO  HtmlReporter:158 - Open Test Results: null\testHtmlReport_Run Test Execution via factory design patten Suites A_04262019_012831.html
2019-04-26 01:52:01 INFO  InitFactory:25 - 0
2019-04-26 01:52:01 INFO  InitFactory:26 - running thread for -> WEBCHROME : Autothon19
2019-04-26 01:52:01 INFO  TestCase:135 - Running TestExecutionSetUp (before suite)
2019-04-26 01:52:04 INFO  Class:59 - 9
2019-04-26 01:52:04 INFO  Class:60 - 9
2019-04-26 01:52:04 INFO  Class:61 - [DSTC2019, Testing, Bengaluru, TestAutothon2019, Conference, Testers, Contest, Workshop, Hackathon, STEPINSUMMIT2019]
2019-04-26 01:52:20 INFO  HtmlReporter:158 - Open Test Results: null\testHtmlReport_Run Test Execution via factory design patten Suites A_04262019_015201.html
2019-04-26 01:52:34 INFO  InitFactory:25 - 0
2019-04-26 01:52:34 INFO  InitFactory:26 - running thread for -> WEBCHROME : Autothon19
2019-04-26 01:52:34 INFO  TestCase:135 - Running TestExecutionSetUp (before suite)
2019-04-26 01:52:37 INFO  Class:59 - 9
2019-04-26 01:52:37 INFO  Class:60 - 9
2019-04-26 01:52:37 INFO  Class:61 - [DSTC2019, Testing, Bengaluru, TestAutothon2019, Conference, Testers, Contest, Workshop, Hackathon, STEPINSUMMIT2019]
2019-04-26 01:53:06 INFO  HtmlReporter:158 - Open Test Results: null\testHtmlReport_Run Test Execution via factory design patten Suites A_04262019_015234.html
2019-04-26 01:53:51 INFO  InitFactory:25 - 0
2019-04-26 01:53:51 INFO  InitFactory:26 - running thread for -> WEBCHROME : Autothon19
2019-04-26 01:53:51 INFO  TestCase:135 - Running TestExecutionSetUp (before suite)
2019-04-26 01:53:54 INFO  Class:59 - 9
2019-04-26 01:53:54 INFO  Class:60 - 9
2019-04-26 01:53:54 INFO  Class:61 - [DSTC2019, Testing, Bengaluru, TestAutothon2019, Conference, Testers, Contest, Workshop, Hackathon, STEPINSUMMIT2019]
2019-04-26 01:54:22 INFO  HtmlReporter:158 - Open Test Results: null\testHtmlReport_Run Test Execution via factory design patten Suites A_04262019_015351.html
2019-04-26 02:08:55 INFO  InitFactory:25 - 0
2019-04-26 02:08:55 INFO  InitFactory:26 - running thread for -> WEBCHROME : Autothon19
2019-04-26 02:08:55 INFO  TestCase:135 - Running TestExecutionSetUp (before suite)
2019-04-26 02:08:58 INFO  Class:59 - 9
2019-04-26 02:08:58 INFO  Class:60 - 9
2019-04-26 02:08:58 INFO  Class:61 - [DSTC2019, Testing, Bengaluru, TestAutothon2019, Conference, Testers, Contest, Workshop, Hackathon, STEPINSUMMIT2019]
2019-04-26 02:09:27 INFO  HtmlReporter:158 - Open Test Results: null\testHtmlReport_Run Test Execution via factory design patten Suites A_04262019_020855.html
2019-04-26 03:19:59 INFO  InitFactory:25 - 0
2019-04-26 03:19:59 INFO  InitFactory:26 - running thread for -> WEBCHROME : Autothon19
2019-04-26 03:20:00 INFO  TestCase:143 - Running TestExecutionSetUp (before suite)
2019-04-26 03:20:03 INFO  Class:61 - 9
2019-04-26 03:20:03 INFO  Class:62 - 9
2019-04-26 03:20:03 INFO  Class:63 - [DSTC2019, Testing, Bengaluru, TestAutothon2019, Conference, Testers, Contest, Workshop, Hackathon, STEPINSUMMIT2019]
2019-04-26 03:20:33 INFO  HtmlReporter:158 - Open Test Results: null\testHtmlReport_Run Test Execution via factory design patten Suites A_04262019_032000.html
2019-04-26 03:32:27 INFO  InitFactory:25 - 0
2019-04-26 03:32:27 INFO  InitFactory:26 - running thread for -> WEBCHROME : Autothon19
2019-04-26 03:32:27 INFO  TestCase:143 - Running TestExecutionSetUp (before suite)
2019-04-26 03:32:31 INFO  Class:61 - 9
2019-04-26 03:32:31 INFO  Class:62 - 9
2019-04-26 03:32:31 INFO  Class:63 - [DSTC2019, Testing, Bengaluru, TestAutothon2019, Conference, Testers, Contest, Workshop, Hackathon, STEPINSUMMIT2019]
2019-04-26 03:32:55 INFO  HtmlReporter:158 - Open Test Results: null\testHtmlReport_Run Test Execution via factory design patten Suites A_04262019_033227.html
2019-04-26 03:35:12 INFO  InitFactory:25 - 0
2019-04-26 03:35:12 INFO  InitFactory:26 - running thread for -> WEBCHROME : Autothon19
2019-04-26 03:35:12 INFO  TestCase:143 - Running TestExecutionSetUp (before suite)
2019-04-26 03:35:15 INFO  Class:61 - 9
2019-04-26 03:35:15 INFO  Class:62 - 9
2019-04-26 03:35:15 INFO  Class:63 - [DSTC2019, Testing, Bengaluru, TestAutothon2019, Conference, Testers, Contest, Workshop, Hackathon, STEPINSUMMIT2019]
2019-04-26 03:35:41 INFO  HtmlReporter:158 - Open Test Results: null\testHtmlReport_Run Test Execution via factory design patten Suites A_04262019_033512.html
2019-04-26 03:37:22 INFO  InitFactory:25 - 0
2019-04-26 03:37:22 INFO  InitFactory:26 - running thread for -> WEBCHROME : Autothon19
2019-04-26 03:37:22 INFO  TestCase:143 - Running TestExecutionSetUp (before suite)
2019-04-26 03:37:25 INFO  Class:61 - 9
2019-04-26 03:37:25 INFO  Class:62 - 9
2019-04-26 03:37:25 INFO  Class:63 - [DSTC2019, Testing, Bengaluru, TestAutothon2019, Conference, Testers, Contest, Workshop, Hackathon, STEPINSUMMIT2019]
2019-04-26 03:37:50 INFO  HtmlReporter:158 - Open Test Results: null\testHtmlReport_Run Test Execution via factory design patten Suites A_04262019_033722.html
2019-04-26 03:44:26 INFO  InitFactory:25 - 0
2019-04-26 03:44:26 INFO  InitFactory:26 - running thread for -> null : Autothon19
2019-04-26 03:44:26 INFO  TestCase:143 - Running TestExecutionSetUp (before suite)
2019-04-26 03:44:29 INFO  Class:61 - 9
2019-04-26 03:44:29 INFO  Class:62 - 9
2019-04-26 03:44:29 INFO  Class:63 - [DSTC2019, Testing, Bengaluru, TestAutothon2019, Conference, Testers, Contest, Workshop, Hackathon, STEPINSUMMIT2019]
2019-04-26 03:44:29 INFO  HtmlReporter:158 - Open Test Results: null\testHtmlReport_Run Test Execution via factory design patten Suites A_04262019_034426.html
2019-04-26 03:48:47 INFO  InitFactory:25 - 0
2019-04-26 03:48:47 INFO  InitFactory:26 - running thread for -> REMOTECHROME : Autothon19
2019-04-26 03:48:47 INFO  TestCase:143 - Running TestExecutionSetUp (before suite)
2019-04-26 03:48:50 INFO  Class:61 - 9
2019-04-26 03:48:50 INFO  Class:62 - 9
2019-04-26 03:48:50 INFO  Class:63 - [DSTC2019, Testing, Bengaluru, TestAutothon2019, Conference, Testers, Contest, Workshop, Hackathon, STEPINSUMMIT2019]
2019-04-26 03:49:02 INFO  Class:94 - Rahul Verma
2019-04-26 03:49:02 INFO  Class:95 - @rahul_verma
2019-04-26 03:49:02 INFO  Class:96 - 915
2019-04-26 03:49:02 INFO  Class:97 - 1,830
2019-04-26 03:49:06 INFO  Class:111 - vipul kocher
2019-04-26 03:49:06 INFO  Class:112 - @vipulkocher
2019-04-26 03:49:06 INFO  Class:113 - 3,128
2019-04-26 03:49:06 INFO  Class:114 - 2,933
2019-04-26 03:49:11 INFO  Class:129 - Ajay Balamurugadas 
@ajay184f
2019-04-26 03:49:11 INFO  Class:130 - @ajay184f
2019-04-26 03:49:11 INFO  Class:131 - 452
2019-04-26 03:49:11 INFO  Class:132 - 4,560
2019-04-26 03:49:20 INFO  HtmlReporter:158 - Open Test Results: null\testHtmlReport_Run Test Execution via factory design patten Suites A_04262019_034847.html
2019-04-26 03:51:25 INFO  InitFactory:25 - 0
2019-04-26 03:51:25 INFO  InitFactory:26 - running thread for -> REMOTECHROME : Autothon19
2019-04-26 03:51:25 INFO  TestCase:143 - Running TestExecutionSetUp (before suite)
2019-04-26 03:51:28 INFO  Class:61 - 9
2019-04-26 03:51:28 INFO  Class:62 - 9
2019-04-26 03:51:28 INFO  Class:63 - [DSTC2019, Testing, Bengaluru, TestAutothon2019, Conference, Testers, Contest, Workshop, Hackathon, STEPINSUMMIT2019]
2019-04-26 03:51:39 INFO  Class:94 - Rahul Verma
2019-04-26 03:51:39 INFO  Class:95 - @rahul_verma
2019-04-26 03:51:39 INFO  Class:96 - 915
2019-04-26 03:51:39 INFO  Class:97 - 1,830
2019-04-26 03:51:44 INFO  Class:111 - vipul kocher
2019-04-26 03:51:44 INFO  Class:112 - @vipulkocher
2019-04-26 03:51:44 INFO  Class:113 - 3,128
2019-04-26 03:51:44 INFO  Class:114 - 2,933
2019-04-26 03:51:49 INFO  Class:129 - Ajay Balamurugadas 
@ajay184f
2019-04-26 03:51:49 INFO  Class:130 - @ajay184f
2019-04-26 03:51:49 INFO  Class:131 - 452
2019-04-26 03:51:49 INFO  Class:132 - 4,560
2019-04-26 03:51:57 INFO  HtmlReporter:158 - Open Test Results: null\testHtmlReport_Run Test Execution via factory design patten Suites A_04262019_035125.html
2019-04-26 03:53:12 INFO  InitFactory:25 - 0
2019-04-26 03:53:12 INFO  InitFactory:26 - running thread for -> REMOTECHROME : Autothon19
2019-04-26 03:53:12 INFO  TestCase:143 - Running TestExecutionSetUp (before suite)
2019-04-26 03:53:15 INFO  Class:61 - 9
2019-04-26 03:53:15 INFO  Class:62 - 9
2019-04-26 03:53:15 INFO  Class:63 - [DSTC2019, Testing, Bengaluru, TestAutothon2019, Conference, Testers, Contest, Workshop, Hackathon, STEPINSUMMIT2019]
2019-04-26 03:53:26 INFO  Class:94 - Rahul Verma
2019-04-26 03:53:26 INFO  Class:95 - @rahul_verma
2019-04-26 03:53:26 INFO  Class:96 - 915
2019-04-26 03:53:26 INFO  Class:97 - 1,830
2019-04-26 03:53:32 INFO  Class:111 - vipul kocher
2019-04-26 03:53:32 INFO  Class:112 - @vipulkocher
2019-04-26 03:53:32 INFO  Class:113 - 3,128
2019-04-26 03:53:32 INFO  Class:114 - 2,933
2019-04-26 03:53:37 INFO  Class:129 - Ajay Balamurugadas 
@ajay184f
2019-04-26 03:53:37 INFO  Class:130 - @ajay184f
2019-04-26 03:53:37 INFO  Class:131 - 452
2019-04-26 03:53:37 INFO  Class:132 - 4,560
2019-04-26 03:53:46 INFO  HtmlReporter:158 - Open Test Results: null\testHtmlReport_Run Test Execution via factory design patten Suites A_04262019_035312.html
2019-04-26 03:54:44 INFO  InitFactory:25 - 0
2019-04-26 03:54:44 INFO  InitFactory:26 - running thread for -> REMOTECHROME : Autothon19
2019-04-26 03:55:03 INFO  InitFactory:25 - 0
2019-04-26 03:55:03 INFO  InitFactory:26 - running thread for -> REMOTECHROME : Autothon19
2019-04-26 03:55:04 INFO  TestCase:143 - Running TestExecutionSetUp (before suite)
2019-04-26 03:55:07 INFO  Class:61 - 9
2019-04-26 03:55:07 INFO  Class:62 - 9
2019-04-26 03:55:07 INFO  Class:63 - [DSTC2019, Testing, Bengaluru, TestAutothon2019, Conference, Testers, Contest, Workshop, Hackathon, STEPINSUMMIT2019]
2019-04-26 03:55:19 INFO  Class:94 - Rahul Verma
2019-04-26 03:55:19 INFO  Class:95 - @rahul_verma
2019-04-26 03:55:19 INFO  Class:96 - 915
2019-04-26 03:55:19 INFO  Class:97 - 1,830
2019-04-26 03:55:25 INFO  Class:111 - vipul kocher
2019-04-26 03:55:25 INFO  Class:112 - @vipulkocher
2019-04-26 03:55:25 INFO  Class:113 - 3,128
2019-04-26 03:55:25 INFO  Class:114 - 2,934
2019-04-26 03:55:31 INFO  Class:129 - Ajay Balamurugadas 
@ajay184f
2019-04-26 03:55:31 INFO  Class:130 - @ajay184f
2019-04-26 03:55:31 INFO  Class:131 - 452
2019-04-26 03:55:31 INFO  Class:132 - 4,561
2019-04-26 03:55:40 INFO  HtmlReporter:158 - Open Test Results: null\testHtmlReport_Run Test Execution via factory design patten Suites A_04262019_035504.html
2019-04-26 04:00:03 INFO  InitFactory:25 - 0
2019-04-26 04:00:03 INFO  InitFactory:26 - running thread for -> REMOTECHROME : Autothon19
2019-04-26 04:00:03 INFO  TestCase:144 - Running TestExecutionSetUp (before suite)
2019-04-26 04:00:06 INFO  Class:61 - 9
2019-04-26 04:00:06 INFO  Class:62 - 9
2019-04-26 04:00:06 INFO  Class:63 - [DSTC2019, Testing, Bengaluru, TestAutothon2019, Conference, Testers, Contest, Workshop, Hackathon, STEPINSUMMIT2019]
2019-04-26 04:00:06 INFO  Class:71 - Assertion failed for tweet ,like and Hashtag Count
2019-04-26 04:00:15 INFO  Class:97 - Rahul Verma
2019-04-26 04:00:15 INFO  Class:98 - @rahul_verma
2019-04-26 04:00:15 INFO  Class:99 - 915
2019-04-26 04:00:15 INFO  Class:100 - 1,830
2019-04-26 04:00:20 INFO  Class:114 - vipul kocher
2019-04-26 04:00:20 INFO  Class:115 - @vipulkocher
2019-04-26 04:00:20 INFO  Class:116 - 3,128
2019-04-26 04:00:20 INFO  Class:117 - 2,934
2019-04-26 04:00:26 INFO  Class:132 - Ajay Balamurugadas 
@ajay184f
2019-04-26 04:00:26 INFO  Class:133 - @ajay184f
2019-04-26 04:00:26 INFO  Class:134 - 452
2019-04-26 04:00:26 INFO  Class:135 - 4,561
2019-04-26 04:01:17 INFO  InitFactory:25 - 0
2019-04-26 04:01:17 INFO  InitFactory:26 - running thread for -> REMOTECHROME : Autothon19
2019-04-26 04:01:17 INFO  TestCase:144 - Running TestExecutionSetUp (before suite)
2019-04-26 04:01:20 INFO  Class:61 - 9
2019-04-26 04:01:20 INFO  Class:62 - 9
2019-04-26 04:01:20 INFO  Class:63 - [DSTC2019, Testing, Bengaluru, TestAutothon2019, Conference, Testers, Contest, Workshop, Hackathon, STEPINSUMMIT2019]
2019-04-26 04:01:20 INFO  Class:71 - Assertion failed for tweet ,like and Hashtag Count
2019-04-26 04:02:07 INFO  InitFactory:25 - 0
2019-04-26 04:02:07 INFO  InitFactory:26 - running thread for -> WEBCHROME : Autothon19
2019-04-26 04:02:07 INFO  TestCase:144 - Running TestExecutionSetUp (before suite)
2019-04-26 04:02:09 INFO  Class:61 - 9
2019-04-26 04:02:09 INFO  Class:62 - 9
2019-04-26 04:02:09 INFO  Class:63 - [DSTC2019, Testing, Bengaluru, TestAutothon2019, Conference, Testers, Contest, Workshop, Hackathon, STEPINSUMMIT2019]
2019-04-26 04:02:09 INFO  Class:71 - Assertion failed for tweet ,like and Hashtag Count
2019-04-26 04:02:19 INFO  Class:97 - Rahul Verma
2019-04-26 04:02:19 INFO  Class:98 - @rahul_verma
2019-04-26 04:02:19 INFO  Class:99 - 915
2019-04-26 04:02:19 INFO  Class:100 - 1,830
2019-04-26 04:02:25 INFO  Class:114 - vipul kocher
2019-04-26 04:02:25 INFO  Class:115 - @vipulkocher
2019-04-26 04:02:25 INFO  Class:116 - 3,128
2019-04-26 04:02:25 INFO  Class:117 - 2,934
2019-04-26 04:02:30 INFO  Class:132 - Ajay Balamurugadas 
@ajay184f
2019-04-26 04:02:30 INFO  Class:133 - @ajay184f
2019-04-26 04:02:30 INFO  Class:134 - 452
2019-04-26 04:02:30 INFO  Class:135 - 4,561
2019-04-26 04:02:39 INFO  HtmlReporter:158 - Open Test Results: null\testHtmlReport_Run Test Execution via factory design patten Suites A_04262019_040207.html
2019-04-26 04:07:09 INFO  InitFactory:25 - 0
2019-04-26 04:07:09 INFO  InitFactory:26 - running thread for -> WEBCHROME : Autothon19
2019-04-26 04:07:09 INFO  TestCase:144 - Running TestExecutionSetUp (before suite)
2019-04-26 04:07:48 INFO  InitFactory:25 - 0
2019-04-26 04:07:48 INFO  InitFactory:26 - running thread for -> WEBCHROME : Autothon19
2019-04-26 04:07:48 INFO  TestCase:144 - Running TestExecutionSetUp (before suite)
2019-04-26 04:07:51 INFO  Class:61 - 9
2019-04-26 04:07:51 INFO  Class:62 - 9
2019-04-26 04:07:51 INFO  Class:63 - [DSTC2019, Testing, Bengaluru, TestAutothon2019, Conference, Testers, Contest, Workshop, Hackathon, STEPINSUMMIT2019]
2019-04-26 04:07:51 INFO  Class:23 - TestApi
2019-04-26 04:08:00 INFO  Class:92 - Rahul Verma
2019-04-26 04:08:00 INFO  Class:93 - @rahul_verma
2019-04-26 04:08:00 INFO  Class:94 - 915
2019-04-26 04:08:00 INFO  Class:95 - 1,830
2019-04-26 04:08:04 INFO  Class:109 - vipul kocher
2019-04-26 04:08:04 INFO  Class:110 - @vipulkocher
2019-04-26 04:08:04 INFO  Class:111 - 3,128
2019-04-26 04:08:04 INFO  Class:112 - 2,934
2019-04-26 04:08:09 INFO  Class:127 - Ajay Balamurugadas 
@ajay184f
2019-04-26 04:08:09 INFO  Class:128 - @ajay184f
2019-04-26 04:08:09 INFO  Class:129 - 452
2019-04-26 04:08:09 INFO  Class:130 - 4,561
2019-04-26 04:08:18 INFO  HtmlReporter:158 - Open Test Results: null\testHtmlReport_Run Test Execution via factory design patten Suites A_04262019_040748.html
2019-04-26 04:20:09 INFO  InitFactory:25 - 0
2019-04-26 04:20:09 INFO  InitFactory:26 - running thread for -> WEBCHROME : Autothon19
2019-04-26 04:20:09 INFO  TestCase:144 - Running TestExecutionSetUp (before suite)
2019-04-26 04:20:12 INFO  Class:64 - 9
2019-04-26 04:20:12 INFO  Class:65 - 9
2019-04-26 04:20:12 INFO  Class:66 - [DSTC2019, Testing, Bengaluru, TestAutothon2019, Conference, Testers, Contest, Workshop, Hackathon, STEPINSUMMIT2019]
2019-04-26 04:20:12 INFO  Class:27 - TestApi
2019-04-26 04:20:12 INFO  Class:27 - TestApi
2019-04-26 04:22:25 INFO  InitFactory:25 - 0
2019-04-26 04:22:25 INFO  InitFactory:26 - running thread for -> WEBCHROME : Autothon19
2019-04-26 04:22:25 INFO  TestCase:144 - Running TestExecutionSetUp (before suite)
2019-04-26 04:22:28 INFO  Class:64 - 9
2019-04-26 04:22:28 INFO  Class:65 - 9
2019-04-26 04:22:28 INFO  Class:66 - [DSTC2019, Testing, Bengaluru, TestAutothon2019, Conference, Testers, Contest, Workshop, Hackathon, STEPINSUMMIT2019]
2019-04-26 04:22:28 INFO  Class:27 - TestApi
2019-04-26 04:22:28 INFO  Class:27 - TestApi
2019-04-26 04:25:23 INFO  InitFactory:25 - 0
2019-04-26 04:25:23 INFO  InitFactory:26 - running thread for -> WEBCHROME : Autothon19
2019-04-26 04:25:24 INFO  TestCase:144 - Running TestExecutionSetUp (before suite)
2019-04-26 04:25:26 INFO  Class:64 - 9
2019-04-26 04:25:26 INFO  Class:65 - 9
2019-04-26 04:25:26 INFO  Class:66 - [DSTC2019, Testing, Bengaluru, TestAutothon2019, Conference, Testers, Contest, Workshop, Hackathon, STEPINSUMMIT2019]
2019-04-26 04:25:26 INFO  Class:27 - TestApi
2019-04-26 04:25:35 INFO  Class:95 - Rahul Verma
2019-04-26 04:25:35 INFO  Class:96 - @rahul_verma
2019-04-26 04:25:35 INFO  Class:97 - 915
2019-04-26 04:25:35 INFO  Class:98 - 1,830
2019-04-26 04:25:41 INFO  Class:112 - vipul kocher
2019-04-26 04:25:41 INFO  Class:113 - @vipulkocher
2019-04-26 04:25:41 INFO  Class:114 - 3,128
2019-04-26 04:25:41 INFO  Class:115 - 2,934
2019-04-26 04:25:46 INFO  Class:130 - Ajay Balamurugadas 
@ajay184f
2019-04-26 04:25:46 INFO  Class:131 - @ajay184f
2019-04-26 04:25:46 INFO  Class:132 - 452
2019-04-26 04:25:46 INFO  Class:133 - 4,561
2019-04-26 04:25:55 INFO  HtmlReporter:158 - Open Test Results: null\testHtmlReport_Run Test Execution via factory design patten Suites A_04262019_042524.html
2019-04-26 04:31:12 INFO  InitFactory:25 - 0
2019-04-26 04:31:12 INFO  InitFactory:26 - running thread for -> WEBCHROME : Autothon19
2019-04-26 04:31:12 INFO  TestCase:138 - Running TestExecutionSetUp (before suite)
2019-04-26 04:31:14 INFO  Class:64 - 9
2019-04-26 04:31:14 INFO  Class:65 - 9
2019-04-26 04:31:14 INFO  Class:66 - [DSTC2019, Testing, Bengaluru, TestAutothon2019, Conference, Testers, Contest, Workshop, Hackathon, STEPINSUMMIT2019]
2019-04-26 04:31:14 INFO  Class:27 - TestApi
2019-04-26 04:31:24 INFO  Class:95 - Rahul Verma
2019-04-26 04:31:24 INFO  Class:96 - @rahul_verma
2019-04-26 04:31:24 INFO  Class:97 - 915
2019-04-26 04:31:24 INFO  Class:98 - 1,830
2019-04-26 04:31:29 INFO  Class:112 - vipul kocher
2019-04-26 04:31:29 INFO  Class:113 - @vipulkocher
2019-04-26 04:31:29 INFO  Class:114 - 3,128
2019-04-26 04:31:29 INFO  Class:115 - 2,934
2019-04-26 04:31:34 INFO  Class:130 - Ajay Balamurugadas 
@ajay184f
2019-04-26 04:31:34 INFO  Class:131 - @ajay184f
2019-04-26 04:31:34 INFO  Class:132 - 452
2019-04-26 04:31:34 INFO  Class:133 - 4,561
2019-04-26 04:31:42 INFO  HtmlReporter:158 - Open Test Results: null\testHtmlReport_Run Test Execution via factory design patten Suites A_04262019_043112.html
2019-04-26 04:32:08 INFO  InitFactory:25 - 0
2019-04-26 04:32:08 INFO  InitFactory:26 - running thread for -> WEBCHROME : Autothon19
2019-04-26 04:32:08 INFO  TestCase:138 - Running TestExecutionSetUp (before suite)
2019-04-26 04:32:10 INFO  Class:64 - 9
2019-04-26 04:32:10 INFO  Class:65 - 9
2019-04-26 04:32:10 INFO  Class:66 - [DSTC2019, Testing, Bengaluru, TestAutothon2019, Conference, Testers, Contest, Workshop, Hackathon, STEPINSUMMIT2019]
2019-04-26 04:32:10 INFO  Class:27 - TestApi
2019-04-26 04:32:21 INFO  Class:95 - Delhi Traffic Police
2019-04-26 04:32:21 INFO  Class:96 - @dtptraffic
2019-04-26 04:32:21 INFO  Class:97 - 21
2019-04-26 04:32:21 INFO  Class:98 - 1.16M
2019-04-26 04:32:26 INFO  Class:112 - vipul kocher
2019-04-26 04:32:26 INFO  Class:113 - @vipulkocher
2019-04-26 04:32:26 INFO  Class:114 - 3,128
2019-04-26 04:32:26 INFO  Class:115 - 2,934
2019-04-26 04:32:31 INFO  Class:130 - Ajay Balamurugadas 
@ajay184f
2019-04-26 04:32:31 INFO  Class:131 - @ajay184f
2019-04-26 04:32:31 INFO  Class:132 - 452
2019-04-26 04:32:31 INFO  Class:133 - 4,561
2019-04-26 04:32:40 INFO  HtmlReporter:158 - Open Test Results: null\testHtmlReport_Run Test Execution via factory design patten Suites A_04262019_043208.html
2019-04-26 04:33:53 INFO  InitFactory:25 - 0
2019-04-26 04:33:53 INFO  InitFactory:26 - running thread for -> WEBCHROME : Autothon19
2019-04-26 04:33:53 INFO  TestCase:138 - Running TestExecutionSetUp (before suite)
2019-04-26 04:33:56 INFO  Class:64 - 9
2019-04-26 04:33:56 INFO  Class:65 - 9
2019-04-26 04:33:56 INFO  Class:66 - [DSTC2019, Testing, Bengaluru, TestAutothon2019, Conference, Testers, Contest, Workshop, Hackathon, STEPINSUMMIT2019]
2019-04-26 04:34:05 INFO  Class:95 - Rahul Verma
2019-04-26 04:34:05 INFO  Class:96 - @rahul_verma
2019-04-26 04:34:05 INFO  Class:97 - 915
2019-04-26 04:34:05 INFO  Class:98 - 1,830
2019-04-26 04:34:10 INFO  Class:112 - vipul kocher
2019-04-26 04:34:10 INFO  Class:113 - @vipulkocher
2019-04-26 04:34:10 INFO  Class:114 - 3,128
2019-04-26 04:34:10 INFO  Class:115 - 2,934
2019-04-26 04:34:15 INFO  Class:130 - Ajay Balamurugadas 
@ajay184f
2019-04-26 04:34:15 INFO  Class:131 - @ajay184f
2019-04-26 04:34:15 INFO  Class:132 - 452
2019-04-26 04:34:15 INFO  Class:133 - 4,561
2019-04-26 04:34:24 INFO  HtmlReporter:158 - Open Test Results: null\testHtmlReport_Run Test Execution via factory design patten Suites A_04262019_043353.html
